=== OpenSSL for Ruby configurator ===
have_func: checking for rb_io_descriptor()... -------------------- yes

DYLD_FALLBACK_LIBRARY_PATH=.:/Users/j.u.s.t.v.i.b.e.z.ofyonderclwdrs/.rbenv/versions/3.2.2/lib "clang -o conftest -I/Users/j.u.s.t.v.i.b.e.z.ofyonderclwdrs/.rbenv/versions/3.2.2/include/ruby-3.2.0/x86_64-darwin21 -I/Users/j.u.s.t.v.i.b.e.z.ofyonderclwdrs/.rbenv/versions/3.2.2/include/ruby-3.2.0/ruby/backward -I/Users/j.u.s.t.v.i.b.e.z.ofyonderclwdrs/.rbenv/versions/3.2.2/include/ruby-3.2.0 -I. -I/usr/local/opt/openssl@3/include -D_XOPEN_SOURCE -D_DARWIN_C_SOURCE -D_DARWIN_UNLIMITED_SELECT -D_REENTRANT   -fdeclspec -O3 -fno-fast-math -ggdb3 -Wall -Wextra -Wextra-tokens -Wdeprecated-declarations -Wdivision-by-zero -Wdiv-by-zero -Wimplicit-function-declaration -Wimplicit-int -Wmisleading-indentation -Wpointer-arith -Wshorten-64-to-32 -Wwrite-strings -Wold-style-definition -Wmissing-noreturn -Wno-cast-function-type -Wno-constant-logical-operand -Wno-long-long -Wno-missing-field-initializers -Wno-overlength-strings -Wno-parentheses-equality -Wno-self-assign -Wno-tautological-compare -Wno-unused-parameter -Wno-unused-value -Wunused-variable -Wundef  -fno-common -pipe conftest.c  -L. -L/Users/j.u.s.t.v.i.b.e.z.ofyonderclwdrs/.rbenv/versions/3.2.2/lib -L/usr/local/opt/openssl@3/lib -L. -fstack-protector-strong     -lruby.3.2  -lpthread  "
checked program was:
/* begin */
1: #include "ruby.h"
2: 
3: int main(int argc, char **argv)
4: {
5:   return !!argv[argc];
6: }
/* end */

DYLD_FALLBACK_LIBRARY_PATH=.:/Users/j.u.s.t.v.i.b.e.z.ofyonderclwdrs/.rbenv/versions/3.2.2/lib "clang -o conftest -I/Users/j.u.s.t.v.i.b.e.z.ofyonderclwdrs/.rbenv/versions/3.2.2/include/ruby-3.2.0/x86_64-darwin21 -I/Users/j.u.s.t.v.i.b.e.z.ofyonderclwdrs/.rbenv/versions/3.2.2/include/ruby-3.2.0/ruby/backward -I/Users/j.u.s.t.v.i.b.e.z.ofyonderclwdrs/.rbenv/versions/3.2.2/include/ruby-3.2.0 -I. -I/usr/local/opt/openssl@3/include -D_XOPEN_SOURCE -D_DARWIN_C_SOURCE -D_DARWIN_UNLIMITED_SELECT -D_REENTRANT   -fdeclspec -O3 -fno-fast-math -ggdb3 -Wall -Wextra -Wextra-tokens -Wdeprecated-declarations -Wdivision-by-zero -Wdiv-by-zero -Wimplicit-function-declaration -Wimplicit-int -Wmisleading-indentation -Wpointer-arith -Wshorten-64-to-32 -Wwrite-strings -Wold-style-definition -Wmissing-noreturn -Wno-cast-function-type -Wno-constant-logical-operand -Wno-long-long -Wno-missing-field-initializers -Wno-overlength-strings -Wno-parentheses-equality -Wno-self-assign -Wno-tautological-compare -Wno-unused-parameter -Wno-unused-value -Wunused-variable -Wundef  -fno-common -pipe conftest.c  -L. -L/Users/j.u.s.t.v.i.b.e.z.ofyonderclwdrs/.rbenv/versions/3.2.2/lib -L/usr/local/opt/openssl@3/lib -L. -fstack-protector-strong     -lruby.3.2  -lpthread  "
conftest.c:14:57: error: use of undeclared identifier 'rb_io_descriptor'
int t(void) { void ((*volatile p)()); p = (void ((*)()))rb_io_descriptor; return !p; }
                                                        ^
1 error generated.
checked program was:
/* begin */
 1: #include "ruby.h"
 2: 
 3: /*top*/
 4: extern int t(void);
 5: int main(int argc, char **argv)
 6: {
 7:   if (argc > 1000000) {
 8:     int (* volatile tp)(void)=(int (*)(void))&t;
 9:     printf("%d", (*tp)());
10:   }
11: 
12:   return !!argv[argc];
13: }
14: int t(void) { void ((*volatile p)()); p = (void ((*)()))rb_io_descriptor; return !p; }
/* end */

DYLD_FALLBACK_LIBRARY_PATH=.:/Users/j.u.s.t.v.i.b.e.z.ofyonderclwdrs/.rbenv/versions/3.2.2/lib "clang -o conftest -I/Users/j.u.s.t.v.i.b.e.z.ofyonderclwdrs/.rbenv/versions/3.2.2/include/ruby-3.2.0/x86_64-darwin21 -I/Users/j.u.s.t.v.i.b.e.z.ofyonderclwdrs/.rbenv/versions/3.2.2/include/ruby-3.2.0/ruby/backward -I/Users/j.u.s.t.v.i.b.e.z.ofyonderclwdrs/.rbenv/versions/3.2.2/include/ruby-3.2.0 -I. -I/usr/local/opt/openssl@3/include -D_XOPEN_SOURCE -D_DARWIN_C_SOURCE -D_DARWIN_UNLIMITED_SELECT -D_REENTRANT   -fdeclspec -O3 -fno-fast-math -ggdb3 -Wall -Wextra -Wextra-tokens -Wdeprecated-declarations -Wdivision-by-zero -Wdiv-by-zero -Wimplicit-function-declaration -Wimplicit-int -Wmisleading-indentation -Wpointer-arith -Wshorten-64-to-32 -Wwrite-strings -Wold-style-definition -Wmissing-noreturn -Wno-cast-function-type -Wno-constant-logical-operand -Wno-long-long -Wno-missing-field-initializers -Wno-overlength-strings -Wno-parentheses-equality -Wno-self-assign -Wno-tautological-compare -Wno-unused-parameter -Wno-unused-value -Wunused-variable -Wundef  -fno-common -pipe conftest.c  -L. -L/Users/j.u.s.t.v.i.b.e.z.ofyonderclwdrs/.rbenv/versions/3.2.2/lib -L/usr/local/opt/openssl@3/lib -L. -fstack-protector-strong     -lruby.3.2  -lpthread  "
checked program was:
/* begin */
 1: #include "ruby.h"
 2: 
 3: /*top*/
 4: extern int t(void);
 5: int main(int argc, char **argv)
 6: {
 7:   if (argc > 1000000) {
 8:     int (* volatile tp)(void)=(int (*)(void))&t;
 9:     printf("%d", (*tp)());
10:   }
11: 
12:   return !!argv[argc];
13: }
14: extern void rb_io_descriptor();
15: int t(void) { rb_io_descriptor(); return 0; }
/* end */

--------------------

have_func: checking for rb_io_maybe_wait(0, Qnil, Qnil, Qnil) in ruby/io.h... -------------------- yes

DYLD_FALLBACK_LIBRARY_PATH=.:/Users/j.u.s.t.v.i.b.e.z.ofyonderclwdrs/.rbenv/versions/3.2.2/lib "clang -o conftest -I/Users/j.u.s.t.v.i.b.e.z.ofyonderclwdrs/.rbenv/versions/3.2.2/include/ruby-3.2.0/x86_64-darwin21 -I/Users/j.u.s.t.v.i.b.e.z.ofyonderclwdrs/.rbenv/versions/3.2.2/include/ruby-3.2.0/ruby/backward -I/Users/j.u.s.t.v.i.b.e.z.ofyonderclwdrs/.rbenv/versions/3.2.2/include/ruby-3.2.0 -I. -I/usr/local/opt/openssl@3/include -D_XOPEN_SOURCE -D_DARWIN_C_SOURCE -D_DARWIN_UNLIMITED_SELECT -D_REENTRANT   -fdeclspec -O3 -fno-fast-math -ggdb3 -Wall -Wextra -Wextra-tokens -Wdeprecated-declarations -Wdivision-by-zero -Wdiv-by-zero -Wimplicit-function-declaration -Wimplicit-int -Wmisleading-indentation -Wpointer-arith -Wshorten-64-to-32 -Wwrite-strings -Wold-style-definition -Wmissing-noreturn -Wno-cast-function-type -Wno-constant-logical-operand -Wno-long-long -Wno-missing-field-initializers -Wno-overlength-strings -Wno-parentheses-equality -Wno-self-assign -Wno-tautological-compare -Wno-unused-parameter -Wno-unused-value -Wunused-variable -Wundef  -fno-common -pipe conftest.c  -L. -L/Users/j.u.s.t.v.i.b.e.z.ofyonderclwdrs/.rbenv/versions/3.2.2/lib -L/usr/local/opt/openssl@3/lib -L. -fstack-protector-strong     -lruby.3.2  -lpthread  "
checked program was:
/* begin */
 1: #include "ruby.h"
 2: 
 3: #include <ruby/io.h>
 4: 
 5: /*top*/
 6: extern int t(void);
 7: int main(int argc, char **argv)
 8: {
 9:   if (argc > 1000000) {
10:     int (* volatile tp)(void)=(int (*)(void))&t;
11:     printf("%d", (*tp)());
12:   }
13: 
14:   return !!argv[argc];
15: }
16: 
17: int t(void) { rb_io_maybe_wait(0, Qnil, Qnil, Qnil); return 0; }
/* end */

--------------------

have_func: checking for rb_io_timeout() in ruby/io.h... -------------------- yes

DYLD_FALLBACK_LIBRARY_PATH=.:/Users/j.u.s.t.v.i.b.e.z.ofyonderclwdrs/.rbenv/versions/3.2.2/lib "clang -o conftest -I/Users/j.u.s.t.v.i.b.e.z.ofyonderclwdrs/.rbenv/versions/3.2.2/include/ruby-3.2.0/x86_64-darwin21 -I/Users/j.u.s.t.v.i.b.e.z.ofyonderclwdrs/.rbenv/versions/3.2.2/include/ruby-3.2.0/ruby/backward -I/Users/j.u.s.t.v.i.b.e.z.ofyonderclwdrs/.rbenv/versions/3.2.2/include/ruby-3.2.0 -I. -I/usr/local/opt/openssl@3/include -D_XOPEN_SOURCE -D_DARWIN_C_SOURCE -D_DARWIN_UNLIMITED_SELECT -D_REENTRANT   -fdeclspec -O3 -fno-fast-math -ggdb3 -Wall -Wextra -Wextra-tokens -Wdeprecated-declarations -Wdivision-by-zero -Wdiv-by-zero -Wimplicit-function-declaration -Wimplicit-int -Wmisleading-indentation -Wpointer-arith -Wshorten-64-to-32 -Wwrite-strings -Wold-style-definition -Wmissing-noreturn -Wno-cast-function-type -Wno-constant-logical-operand -Wno-long-long -Wno-missing-field-initializers -Wno-overlength-strings -Wno-parentheses-equality -Wno-self-assign -Wno-tautological-compare -Wno-unused-parameter -Wno-unused-value -Wunused-variable -Wundef  -fno-common -pipe conftest.c  -L. -L/Users/j.u.s.t.v.i.b.e.z.ofyonderclwdrs/.rbenv/versions/3.2.2/lib -L/usr/local/opt/openssl@3/lib -L. -fstack-protector-strong     -lruby.3.2  -lpthread  "
checked program was:
/* begin */
 1: #include "ruby.h"
 2: 
 3: #include <ruby/io.h>
 4: 
 5: /*top*/
 6: extern int t(void);
 7: int main(int argc, char **argv)
 8: {
 9:   if (argc > 1000000) {
10:     int (* volatile tp)(void)=(int (*)(void))&t;
11:     printf("%d", (*tp)());
12:   }
13: 
14:   return !!argv[argc];
15: }
16: int t(void) { void ((*volatile p)()); p = (void ((*)()))rb_io_timeout; return !p; }
/* end */

--------------------

=== Checking for system dependent stuff... ===
have_library: checking for t_open() in -lnsl... -------------------- no

DYLD_FALLBACK_LIBRARY_PATH=.:/Users/j.u.s.t.v.i.b.e.z.ofyonderclwdrs/.rbenv/versions/3.2.2/lib "clang -o conftest -I/Users/j.u.s.t.v.i.b.e.z.ofyonderclwdrs/.rbenv/versions/3.2.2/include/ruby-3.2.0/x86_64-darwin21 -I/Users/j.u.s.t.v.i.b.e.z.ofyonderclwdrs/.rbenv/versions/3.2.2/include/ruby-3.2.0/ruby/backward -I/Users/j.u.s.t.v.i.b.e.z.ofyonderclwdrs/.rbenv/versions/3.2.2/include/ruby-3.2.0 -I. -I/usr/local/opt/openssl@3/include -D_XOPEN_SOURCE -D_DARWIN_C_SOURCE -D_DARWIN_UNLIMITED_SELECT -D_REENTRANT   -fdeclspec -O3 -fno-fast-math -ggdb3 -Wall -Wextra -Wextra-tokens -Wdeprecated-declarations -Wdivision-by-zero -Wdiv-by-zero -Wimplicit-function-declaration -Wimplicit-int -Wmisleading-indentation -Wpointer-arith -Wshorten-64-to-32 -Wwrite-strings -Wold-style-definition -Wmissing-noreturn -Wno-cast-function-type -Wno-constant-logical-operand -Wno-long-long -Wno-missing-field-initializers -Wno-overlength-strings -Wno-parentheses-equality -Wno-self-assign -Wno-tautological-compare -Wno-unused-parameter -Wno-unused-value -Wunused-variable -Wundef  -fno-common -pipe conftest.c  -L. -L/Users/j.u.s.t.v.i.b.e.z.ofyonderclwdrs/.rbenv/versions/3.2.2/lib -L/usr/local/opt/openssl@3/lib -L. -fstack-protector-strong     -lruby.3.2 -lnsl  -lpthread  "
conftest.c:14:57: error: use of undeclared identifier 't_open'
int t(void) { void ((*volatile p)()); p = (void ((*)()))t_open; return !p; }
                                                        ^
1 error generated.
checked program was:
/* begin */
 1: #include "ruby.h"
 2: 
 3: /*top*/
 4: extern int t(void);
 5: int main(int argc, char **argv)
 6: {
 7:   if (argc > 1000000) {
 8:     int (* volatile tp)(void)=(int (*)(void))&t;
 9:     printf("%d", (*tp)());
10:   }
11: 
12:   return !!argv[argc];
13: }
14: int t(void) { void ((*volatile p)()); p = (void ((*)()))t_open; return !p; }
/* end */

DYLD_FALLBACK_LIBRARY_PATH=.:/Users/j.u.s.t.v.i.b.e.z.ofyonderclwdrs/.rbenv/versions/3.2.2/lib "clang -o conftest -I/Users/j.u.s.t.v.i.b.e.z.ofyonderclwdrs/.rbenv/versions/3.2.2/include/ruby-3.2.0/x86_64-darwin21 -I/Users/j.u.s.t.v.i.b.e.z.ofyonderclwdrs/.rbenv/versions/3.2.2/include/ruby-3.2.0/ruby/backward -I/Users/j.u.s.t.v.i.b.e.z.ofyonderclwdrs/.rbenv/versions/3.2.2/include/ruby-3.2.0 -I. -I/usr/local/opt/openssl@3/include -D_XOPEN_SOURCE -D_DARWIN_C_SOURCE -D_DARWIN_UNLIMITED_SELECT -D_REENTRANT   -fdeclspec -O3 -fno-fast-math -ggdb3 -Wall -Wextra -Wextra-tokens -Wdeprecated-declarations -Wdivision-by-zero -Wdiv-by-zero -Wimplicit-function-declaration -Wimplicit-int -Wmisleading-indentation -Wpointer-arith -Wshorten-64-to-32 -Wwrite-strings -Wold-style-definition -Wmissing-noreturn -Wno-cast-function-type -Wno-constant-logical-operand -Wno-long-long -Wno-missing-field-initializers -Wno-overlength-strings -Wno-parentheses-equality -Wno-self-assign -Wno-tautological-compare -Wno-unused-parameter -Wno-unused-value -Wunused-variable -Wundef  -fno-common -pipe conftest.c  -L. -L/Users/j.u.s.t.v.i.b.e.z.ofyonderclwdrs/.rbenv/versions/3.2.2/lib -L/usr/local/opt/openssl@3/lib -L. -fstack-protector-strong     -lruby.3.2 -lnsl  -lpthread  "
ld: library not found for -lnsl
clang: error: linker command failed with exit code 1 (use -v to see invocation)
checked program was:
/* begin */
 1: #include "ruby.h"
 2: 
 3: /*top*/
 4: extern int t(void);
 5: int main(int argc, char **argv)
 6: {
 7:   if (argc > 1000000) {
 8:     int (* volatile tp)(void)=(int (*)(void))&t;
 9:     printf("%d", (*tp)());
10:   }
11: 
12:   return !!argv[argc];
13: }
14: extern void t_open();
15: int t(void) { t_open(); return 0; }
/* end */

--------------------

have_library: checking for socket() in -lsocket... -------------------- no

DYLD_FALLBACK_LIBRARY_PATH=.:/Users/j.u.s.t.v.i.b.e.z.ofyonderclwdrs/.rbenv/versions/3.2.2/lib "clang -o conftest -I/Users/j.u.s.t.v.i.b.e.z.ofyonderclwdrs/.rbenv/versions/3.2.2/include/ruby-3.2.0/x86_64-darwin21 -I/Users/j.u.s.t.v.i.b.e.z.ofyonderclwdrs/.rbenv/versions/3.2.2/include/ruby-3.2.0/ruby/backward -I/Users/j.u.s.t.v.i.b.e.z.ofyonderclwdrs/.rbenv/versions/3.2.2/include/ruby-3.2.0 -I. -I/usr/local/opt/openssl@3/include -D_XOPEN_SOURCE -D_DARWIN_C_SOURCE -D_DARWIN_UNLIMITED_SELECT -D_REENTRANT   -fdeclspec -O3 -fno-fast-math -ggdb3 -Wall -Wextra -Wextra-tokens -Wdeprecated-declarations -Wdivision-by-zero -Wdiv-by-zero -Wimplicit-function-declaration -Wimplicit-int -Wmisleading-indentation -Wpointer-arith -Wshorten-64-to-32 -Wwrite-strings -Wold-style-definition -Wmissing-noreturn -Wno-cast-function-type -Wno-constant-logical-operand -Wno-long-long -Wno-missing-field-initializers -Wno-overlength-strings -Wno-parentheses-equality -Wno-self-assign -Wno-tautological-compare -Wno-unused-parameter -Wno-unused-value -Wunused-variable -Wundef  -fno-common -pipe conftest.c  -L. -L/Users/j.u.s.t.v.i.b.e.z.ofyonderclwdrs/.rbenv/versions/3.2.2/lib -L/usr/local/opt/openssl@3/lib -L. -fstack-protector-strong     -lruby.3.2 -lsocket  -lpthread  "
conftest.c:14:57: error: use of undeclared identifier 'socket'
int t(void) { void ((*volatile p)()); p = (void ((*)()))socket; return !p; }
                                                        ^
1 error generated.
checked program was:
/* begin */
 1: #include "ruby.h"
 2: 
 3: /*top*/
 4: extern int t(void);
 5: int main(int argc, char **argv)
 6: {
 7:   if (argc > 1000000) {
 8:     int (* volatile tp)(void)=(int (*)(void))&t;
 9:     printf("%d", (*tp)());
10:   }
11: 
12:   return !!argv[argc];
13: }
14: int t(void) { void ((*volatile p)()); p = (void ((*)()))socket; return !p; }
/* end */

DYLD_FALLBACK_LIBRARY_PATH=.:/Users/j.u.s.t.v.i.b.e.z.ofyonderclwdrs/.rbenv/versions/3.2.2/lib "clang -o conftest -I/Users/j.u.s.t.v.i.b.e.z.ofyonderclwdrs/.rbenv/versions/3.2.2/include/ruby-3.2.0/x86_64-darwin21 -I/Users/j.u.s.t.v.i.b.e.z.ofyonderclwdrs/.rbenv/versions/3.2.2/include/ruby-3.2.0/ruby/backward -I/Users/j.u.s.t.v.i.b.e.z.ofyonderclwdrs/.rbenv/versions/3.2.2/include/ruby-3.2.0 -I. -I/usr/local/opt/openssl@3/include -D_XOPEN_SOURCE -D_DARWIN_C_SOURCE -D_DARWIN_UNLIMITED_SELECT -D_REENTRANT   -fdeclspec -O3 -fno-fast-math -ggdb3 -Wall -Wextra -Wextra-tokens -Wdeprecated-declarations -Wdivision-by-zero -Wdiv-by-zero -Wimplicit-function-declaration -Wimplicit-int -Wmisleading-indentation -Wpointer-arith -Wshorten-64-to-32 -Wwrite-strings -Wold-style-definition -Wmissing-noreturn -Wno-cast-function-type -Wno-constant-logical-operand -Wno-long-long -Wno-missing-field-initializers -Wno-overlength-strings -Wno-parentheses-equality -Wno-self-assign -Wno-tautological-compare -Wno-unused-parameter -Wno-unused-value -Wunused-variable -Wundef  -fno-common -pipe conftest.c  -L. -L/Users/j.u.s.t.v.i.b.e.z.ofyonderclwdrs/.rbenv/versions/3.2.2/lib -L/usr/local/opt/openssl@3/lib -L. -fstack-protector-strong     -lruby.3.2 -lsocket  -lpthread  "
ld: library not found for -lsocket
clang: error: linker command failed with exit code 1 (use -v to see invocation)
checked program was:
/* begin */
 1: #include "ruby.h"
 2: 
 3: /*top*/
 4: extern int t(void);
 5: int main(int argc, char **argv)
 6: {
 7:   if (argc > 1000000) {
 8:     int (* volatile tp)(void)=(int (*)(void))&t;
 9:     printf("%d", (*tp)());
10:   }
11: 
12:   return !!argv[argc];
13: }
14: extern void socket();
15: int t(void) { socket(); return 0; }
/* end */

--------------------

=== Checking for required stuff... ===
have_header: checking for openssl/ssl.h... -------------------- yes

DYLD_FALLBACK_LIBRARY_PATH=.:/Users/j.u.s.t.v.i.b.e.z.ofyonderclwdrs/.rbenv/versions/3.2.2/lib "clang -I/Users/j.u.s.t.v.i.b.e.z.ofyonderclwdrs/.rbenv/versions/3.2.2/include/ruby-3.2.0/x86_64-darwin21 -I/Users/j.u.s.t.v.i.b.e.z.ofyonderclwdrs/.rbenv/versions/3.2.2/include/ruby-3.2.0/ruby/backward -I/Users/j.u.s.t.v.i.b.e.z.ofyonderclwdrs/.rbenv/versions/3.2.2/include/ruby-3.2.0 -I. -I/usr/local/opt/openssl@3/include -D_XOPEN_SOURCE -D_DARWIN_C_SOURCE -D_DARWIN_UNLIMITED_SELECT -D_REENTRANT   -fdeclspec -O3 -fno-fast-math -ggdb3 -Wall -Wextra -Wextra-tokens -Wdeprecated-declarations -Wdivision-by-zero -Wdiv-by-zero -Wimplicit-function-declaration -Wimplicit-int -Wmisleading-indentation -Wpointer-arith -Wshorten-64-to-32 -Wwrite-strings -Wold-style-definition -Wmissing-noreturn -Wno-cast-function-type -Wno-constant-logical-operand -Wno-long-long -Wno-missing-field-initializers -Wno-overlength-strings -Wno-parentheses-equality -Wno-self-assign -Wno-tautological-compare -Wno-unused-parameter -Wno-unused-value -Wunused-variable -Wundef  -fno-common -pipe   -c conftest.c"
checked program was:
/* begin */
1: #include "ruby.h"
2: 
3: #include <openssl/ssl.h>
/* end */

--------------------

have_library: checking for CRYPTO_malloc() in -lcrypto... -------------------- yes

DYLD_FALLBACK_LIBRARY_PATH=.:/Users/j.u.s.t.v.i.b.e.z.ofyonderclwdrs/.rbenv/versions/3.2.2/lib "clang -o conftest -I/Users/j.u.s.t.v.i.b.e.z.ofyonderclwdrs/.rbenv/versions/3.2.2/include/ruby-3.2.0/x86_64-darwin21 -I/Users/j.u.s.t.v.i.b.e.z.ofyonderclwdrs/.rbenv/versions/3.2.2/include/ruby-3.2.0/ruby/backward -I/Users/j.u.s.t.v.i.b.e.z.ofyonderclwdrs/.rbenv/versions/3.2.2/include/ruby-3.2.0 -I. -I/usr/local/opt/openssl@3/include -D_XOPEN_SOURCE -D_DARWIN_C_SOURCE -D_DARWIN_UNLIMITED_SELECT -D_REENTRANT   -fdeclspec -O3 -fno-fast-math -ggdb3 -Wall -Wextra -Wextra-tokens -Wdeprecated-declarations -Wdivision-by-zero -Wdiv-by-zero -Wimplicit-function-declaration -Wimplicit-int -Wmisleading-indentation -Wpointer-arith -Wshorten-64-to-32 -Wwrite-strings -Wold-style-definition -Wmissing-noreturn -Wno-cast-function-type -Wno-constant-logical-operand -Wno-long-long -Wno-missing-field-initializers -Wno-overlength-strings -Wno-parentheses-equality -Wno-self-assign -Wno-tautological-compare -Wno-unused-parameter -Wno-unused-value -Wunused-variable -Wundef  -fno-common -pipe conftest.c  -L. -L/Users/j.u.s.t.v.i.b.e.z.ofyonderclwdrs/.rbenv/versions/3.2.2/lib -L/usr/local/opt/openssl@3/lib -L. -fstack-protector-strong     -lruby.3.2 -lcrypto  -lpthread  "
conftest.c:14:57: error: use of undeclared identifier 'CRYPTO_malloc'
int t(void) { void ((*volatile p)()); p = (void ((*)()))CRYPTO_malloc; return !p; }
                                                        ^
1 error generated.
checked program was:
/* begin */
 1: #include "ruby.h"
 2: 
 3: /*top*/
 4: extern int t(void);
 5: int main(int argc, char **argv)
 6: {
 7:   if (argc > 1000000) {
 8:     int (* volatile tp)(void)=(int (*)(void))&t;
 9:     printf("%d", (*tp)());
10:   }
11: 
12:   return !!argv[argc];
13: }
14: int t(void) { void ((*volatile p)()); p = (void ((*)()))CRYPTO_malloc; return !p; }
/* end */

DYLD_FALLBACK_LIBRARY_PATH=.:/Users/j.u.s.t.v.i.b.e.z.ofyonderclwdrs/.rbenv/versions/3.2.2/lib "clang -o conftest -I/Users/j.u.s.t.v.i.b.e.z.ofyonderclwdrs/.rbenv/versions/3.2.2/include/ruby-3.2.0/x86_64-darwin21 -I/Users/j.u.s.t.v.i.b.e.z.ofyonderclwdrs/.rbenv/versions/3.2.2/include/ruby-3.2.0/ruby/backward -I/Users/j.u.s.t.v.i.b.e.z.ofyonderclwdrs/.rbenv/versions/3.2.2/include/ruby-3.2.0 -I. -I/usr/local/opt/openssl@3/include -D_XOPEN_SOURCE -D_DARWIN_C_SOURCE -D_DARWIN_UNLIMITED_SELECT -D_REENTRANT   -fdeclspec -O3 -fno-fast-math -ggdb3 -Wall -Wextra -Wextra-tokens -Wdeprecated-declarations -Wdivision-by-zero -Wdiv-by-zero -Wimplicit-function-declaration -Wimplicit-int -Wmisleading-indentation -Wpointer-arith -Wshorten-64-to-32 -Wwrite-strings -Wold-style-definition -Wmissing-noreturn -Wno-cast-function-type -Wno-constant-logical-operand -Wno-long-long -Wno-missing-field-initializers -Wno-overlength-strings -Wno-parentheses-equality -Wno-self-assign -Wno-tautological-compare -Wno-unused-parameter -Wno-unused-value -Wunused-variable -Wundef  -fno-common -pipe conftest.c  -L. -L/Users/j.u.s.t.v.i.b.e.z.ofyonderclwdrs/.rbenv/versions/3.2.2/lib -L/usr/local/opt/openssl@3/lib -L. -fstack-protector-strong     -lruby.3.2 -lcrypto  -lpthread  "
checked program was:
/* begin */
 1: #include "ruby.h"
 2: 
 3: /*top*/
 4: extern int t(void);
 5: int main(int argc, char **argv)
 6: {
 7:   if (argc > 1000000) {
 8:     int (* volatile tp)(void)=(int (*)(void))&t;
 9:     printf("%d", (*tp)());
10:   }
11: 
12:   return !!argv[argc];
13: }
14: extern void CRYPTO_malloc();
15: int t(void) { CRYPTO_malloc(); return 0; }
/* end */

--------------------

have_library: checking for SSL_new() in -lssl... -------------------- yes

DYLD_FALLBACK_LIBRARY_PATH=.:/Users/j.u.s.t.v.i.b.e.z.ofyonderclwdrs/.rbenv/versions/3.2.2/lib "clang -o conftest -I/Users/j.u.s.t.v.i.b.e.z.ofyonderclwdrs/.rbenv/versions/3.2.2/include/ruby-3.2.0/x86_64-darwin21 -I/Users/j.u.s.t.v.i.b.e.z.ofyonderclwdrs/.rbenv/versions/3.2.2/include/ruby-3.2.0/ruby/backward -I/Users/j.u.s.t.v.i.b.e.z.ofyonderclwdrs/.rbenv/versions/3.2.2/include/ruby-3.2.0 -I. -I/usr/local/opt/openssl@3/include -D_XOPEN_SOURCE -D_DARWIN_C_SOURCE -D_DARWIN_UNLIMITED_SELECT -D_REENTRANT   -fdeclspec -O3 -fno-fast-math -ggdb3 -Wall -Wextra -Wextra-tokens -Wdeprecated-declarations -Wdivision-by-zero -Wdiv-by-zero -Wimplicit-function-declaration -Wimplicit-int -Wmisleading-indentation -Wpointer-arith -Wshorten-64-to-32 -Wwrite-strings -Wold-style-definition -Wmissing-noreturn -Wno-cast-function-type -Wno-constant-logical-operand -Wno-long-long -Wno-missing-field-initializers -Wno-overlength-strings -Wno-parentheses-equality -Wno-self-assign -Wno-tautological-compare -Wno-unused-parameter -Wno-unused-value -Wunused-variable -Wundef  -fno-common -pipe conftest.c  -L. -L/Users/j.u.s.t.v.i.b.e.z.ofyonderclwdrs/.rbenv/versions/3.2.2/lib -L/usr/local/opt/openssl@3/lib -L. -fstack-protector-strong    -lcrypto  -lruby.3.2 -lssl -lcrypto  -lpthread  "
conftest.c:14:57: error: use of undeclared identifier 'SSL_new'
int t(void) { void ((*volatile p)()); p = (void ((*)()))SSL_new; return !p; }
                                                        ^
1 error generated.
checked program was:
/* begin */
 1: #include "ruby.h"
 2: 
 3: /*top*/
 4: extern int t(void);
 5: int main(int argc, char **argv)
 6: {
 7:   if (argc > 1000000) {
 8:     int (* volatile tp)(void)=(int (*)(void))&t;
 9:     printf("%d", (*tp)());
10:   }
11: 
12:   return !!argv[argc];
13: }
14: int t(void) { void ((*volatile p)()); p = (void ((*)()))SSL_new; return !p; }
/* end */

DYLD_FALLBACK_LIBRARY_PATH=.:/Users/j.u.s.t.v.i.b.e.z.ofyonderclwdrs/.rbenv/versions/3.2.2/lib "clang -o conftest -I/Users/j.u.s.t.v.i.b.e.z.ofyonderclwdrs/.rbenv/versions/3.2.2/include/ruby-3.2.0/x86_64-darwin21 -I/Users/j.u.s.t.v.i.b.e.z.ofyonderclwdrs/.rbenv/versions/3.2.2/include/ruby-3.2.0/ruby/backward -I/Users/j.u.s.t.v.i.b.e.z.ofyonderclwdrs/.rbenv/versions/3.2.2/include/ruby-3.2.0 -I. -I/usr/local/opt/openssl@3/include -D_XOPEN_SOURCE -D_DARWIN_C_SOURCE -D_DARWIN_UNLIMITED_SELECT -D_REENTRANT   -fdeclspec -O3 -fno-fast-math -ggdb3 -Wall -Wextra -Wextra-tokens -Wdeprecated-declarations -Wdivision-by-zero -Wdiv-by-zero -Wimplicit-function-declaration -Wimplicit-int -Wmisleading-indentation -Wpointer-arith -Wshorten-64-to-32 -Wwrite-strings -Wold-style-definition -Wmissing-noreturn -Wno-cast-function-type -Wno-constant-logical-operand -Wno-long-long -Wno-missing-field-initializers -Wno-overlength-strings -Wno-parentheses-equality -Wno-self-assign -Wno-tautological-compare -Wno-unused-parameter -Wno-unused-value -Wunused-variable -Wundef  -fno-common -pipe conftest.c  -L. -L/Users/j.u.s.t.v.i.b.e.z.ofyonderclwdrs/.rbenv/versions/3.2.2/lib -L/usr/local/opt/openssl@3/lib -L. -fstack-protector-strong    -lcrypto  -lruby.3.2 -lssl -lcrypto  -lpthread  "
checked program was:
/* begin */
 1: #include "ruby.h"
 2: 
 3: /*top*/
 4: extern int t(void);
 5: int main(int argc, char **argv)
 6: {
 7:   if (argc > 1000000) {
 8:     int (* volatile tp)(void)=(int (*)(void))&t;
 9:     printf("%d", (*tp)());
10:   }
11: 
12:   return !!argv[argc];
13: }
14: extern void SSL_new();
15: int t(void) { SSL_new(); return 0; }
/* end */

--------------------

have_macro: checking for LIBRESSL_VERSION_NUMBER in openssl/opensslv.h... -------------------- no

DYLD_FALLBACK_LIBRARY_PATH=.:/Users/j.u.s.t.v.i.b.e.z.ofyonderclwdrs/.rbenv/versions/3.2.2/lib "clang -I/Users/j.u.s.t.v.i.b.e.z.ofyonderclwdrs/.rbenv/versions/3.2.2/include/ruby-3.2.0/x86_64-darwin21 -I/Users/j.u.s.t.v.i.b.e.z.ofyonderclwdrs/.rbenv/versions/3.2.2/include/ruby-3.2.0/ruby/backward -I/Users/j.u.s.t.v.i.b.e.z.ofyonderclwdrs/.rbenv/versions/3.2.2/include/ruby-3.2.0 -I. -I/usr/local/opt/openssl@3/include -D_XOPEN_SOURCE -D_DARWIN_C_SOURCE -D_DARWIN_UNLIMITED_SELECT -D_REENTRANT   -fdeclspec -O3 -fno-fast-math -ggdb3 -Wall -Wextra -Wextra-tokens -Wdeprecated-declarations -Wdivision-by-zero -Wdiv-by-zero -Wimplicit-function-declaration -Wimplicit-int -Wmisleading-indentation -Wpointer-arith -Wshorten-64-to-32 -Wwrite-strings -Wold-style-definition -Wmissing-noreturn -Wno-cast-function-type -Wno-constant-logical-operand -Wno-long-long -Wno-missing-field-initializers -Wno-overlength-strings -Wno-parentheses-equality -Wno-self-assign -Wno-tautological-compare -Wno-unused-parameter -Wno-unused-value -Wunused-variable -Wundef  -fno-common -pipe   -c conftest.c"
conftest.c:6:3: error: 
# error
  ^
conftest.c:7:1: error: expected identifier or '('
|:/ === LIBRESSL_VERSION_NUMBER undefined === /:|
^
2 errors generated.
checked program was:
/* begin */
1: #include "ruby.h"
2: 
3: #include <openssl/opensslv.h>
4: /*top*/
5: #ifndef LIBRESSL_VERSION_NUMBER
6: # error
7: |:/ === LIBRESSL_VERSION_NUMBER undefined === /:|
8: #endif
/* end */

--------------------

checking for OpenSSL version >= 1.0.2... -------------------- yes

DYLD_FALLBACK_LIBRARY_PATH=.:/Users/j.u.s.t.v.i.b.e.z.ofyonderclwdrs/.rbenv/versions/3.2.2/lib "clang -I/Users/j.u.s.t.v.i.b.e.z.ofyonderclwdrs/.rbenv/versions/3.2.2/include/ruby-3.2.0/x86_64-darwin21 -I/Users/j.u.s.t.v.i.b.e.z.ofyonderclwdrs/.rbenv/versions/3.2.2/include/ruby-3.2.0/ruby/backward -I/Users/j.u.s.t.v.i.b.e.z.ofyonderclwdrs/.rbenv/versions/3.2.2/include/ruby-3.2.0 -I. -I/usr/local/opt/openssl@3/include -D_XOPEN_SOURCE -D_DARWIN_C_SOURCE -D_DARWIN_UNLIMITED_SELECT -D_REENTRANT   -fdeclspec -O3 -fno-fast-math -ggdb3 -Wall -Wextra -Wextra-tokens -Wdeprecated-declarations -Wdivision-by-zero -Wdiv-by-zero -Wimplicit-function-declaration -Wimplicit-int -Wmisleading-indentation -Wpointer-arith -Wshorten-64-to-32 -Wwrite-strings -Wold-style-definition -Wmissing-noreturn -Wno-cast-function-type -Wno-constant-logical-operand -Wno-long-long -Wno-missing-field-initializers -Wno-overlength-strings -Wno-parentheses-equality -Wno-self-assign -Wno-tautological-compare -Wno-unused-parameter -Wno-unused-value -Wunused-variable -Wundef  -fno-common -pipe   -c conftest.c"
checked program was:
/* begin */
1: #include "ruby.h"
2: 
3: #include <openssl/opensslv.h>
4: 
5: /*top*/
6: int conftest_const[(OPENSSL_VERSION_NUMBER >= 0x10002000L) ? 1 : -1];
/* end */

--------------------

=== Checking for OpenSSL features... ===
have_func: checking for RAND_egd() in openssl/rand.h... -------------------- no

DYLD_FALLBACK_LIBRARY_PATH=.:/Users/j.u.s.t.v.i.b.e.z.ofyonderclwdrs/.rbenv/versions/3.2.2/lib "clang -o conftest -I/Users/j.u.s.t.v.i.b.e.z.ofyonderclwdrs/.rbenv/versions/3.2.2/include/ruby-3.2.0/x86_64-darwin21 -I/Users/j.u.s.t.v.i.b.e.z.ofyonderclwdrs/.rbenv/versions/3.2.2/include/ruby-3.2.0/ruby/backward -I/Users/j.u.s.t.v.i.b.e.z.ofyonderclwdrs/.rbenv/versions/3.2.2/include/ruby-3.2.0 -I. -I/usr/local/opt/openssl@3/include -D_XOPEN_SOURCE -D_DARWIN_C_SOURCE -D_DARWIN_UNLIMITED_SELECT -D_REENTRANT   -fdeclspec -O3 -fno-fast-math -ggdb3 -Wall -Wextra -Wextra-tokens -Wdeprecated-declarations -Wdivision-by-zero -Wdiv-by-zero -Wimplicit-function-declaration -Wimplicit-int -Wmisleading-indentation -Wpointer-arith -Wshorten-64-to-32 -Wwrite-strings -Wold-style-definition -Wmissing-noreturn -Wno-cast-function-type -Wno-constant-logical-operand -Wno-long-long -Wno-missing-field-initializers -Wno-overlength-strings -Wno-parentheses-equality -Wno-self-assign -Wno-tautological-compare -Wno-unused-parameter -Wno-unused-value -Wunused-variable -Wundef  -fno-common -pipe conftest.c  -L. -L/Users/j.u.s.t.v.i.b.e.z.ofyonderclwdrs/.rbenv/versions/3.2.2/lib -L/usr/local/opt/openssl@3/lib -L. -fstack-protector-strong    -lssl -lcrypto  -lruby.3.2 -lssl -lcrypto  -lpthread  "
conftest.c:17:15: error: implicit declaration of function 'RAND_egd' is invalid in C99 [-Werror,-Wimplicit-function-declaration]
int t(void) { RAND_egd(); return 0; }
              ^
1 error generated.
checked program was:
/* begin */
 1: #include "ruby.h"
 2: 
 3: #include <openssl/rand.h>
 4: 
 5: /*top*/
 6: extern int t(void);
 7: int main(int argc, char **argv)
 8: {
 9:   if (argc > 1000000) {
10:     int (* volatile tp)(void)=(int (*)(void))&t;
11:     printf("%d", (*tp)());
12:   }
13: 
14:   return !!argv[argc];
15: }
16: 
17: int t(void) { RAND_egd(); return 0; }
/* end */

--------------------

have_func: checking for ENGINE_load_dynamic() in openssl/engine.h... -------------------- yes

DYLD_FALLBACK_LIBRARY_PATH=.:/Users/j.u.s.t.v.i.b.e.z.ofyonderclwdrs/.rbenv/versions/3.2.2/lib "clang -o conftest -I/Users/j.u.s.t.v.i.b.e.z.ofyonderclwdrs/.rbenv/versions/3.2.2/include/ruby-3.2.0/x86_64-darwin21 -I/Users/j.u.s.t.v.i.b.e.z.ofyonderclwdrs/.rbenv/versions/3.2.2/include/ruby-3.2.0/ruby/backward -I/Users/j.u.s.t.v.i.b.e.z.ofyonderclwdrs/.rbenv/versions/3.2.2/include/ruby-3.2.0 -I. -I/usr/local/opt/openssl@3/include -D_XOPEN_SOURCE -D_DARWIN_C_SOURCE -D_DARWIN_UNLIMITED_SELECT -D_REENTRANT   -fdeclspec -O3 -fno-fast-math -ggdb3 -Wall -Wextra -Wextra-tokens -Wdeprecated-declarations -Wdivision-by-zero -Wdiv-by-zero -Wimplicit-function-declaration -Wimplicit-int -Wmisleading-indentation -Wpointer-arith -Wshorten-64-to-32 -Wwrite-strings -Wold-style-definition -Wmissing-noreturn -Wno-cast-function-type -Wno-constant-logical-operand -Wno-long-long -Wno-missing-field-initializers -Wno-overlength-strings -Wno-parentheses-equality -Wno-self-assign -Wno-tautological-compare -Wno-unused-parameter -Wno-unused-value -Wunused-variable -Wundef  -fno-common -pipe conftest.c  -L. -L/Users/j.u.s.t.v.i.b.e.z.ofyonderclwdrs/.rbenv/versions/3.2.2/lib -L/usr/local/opt/openssl@3/lib -L. -fstack-protector-strong    -lssl -lcrypto  -lruby.3.2 -lssl -lcrypto  -lpthread  "
checked program was:
/* begin */
 1: #include "ruby.h"
 2: 
 3: #include <openssl/engine.h>
 4: 
 5: /*top*/
 6: extern int t(void);
 7: int main(int argc, char **argv)
 8: {
 9:   if (argc > 1000000) {
10:     int (* volatile tp)(void)=(int (*)(void))&t;
11:     printf("%d", (*tp)());
12:   }
13: 
14:   return !!argv[argc];
15: }
16: 
17: int t(void) { ENGINE_load_dynamic(); return 0; }
/* end */

--------------------

have_func: checking for ENGINE_load_4758cca() in openssl/engine.h... -------------------- no

DYLD_FALLBACK_LIBRARY_PATH=.:/Users/j.u.s.t.v.i.b.e.z.ofyonderclwdrs/.rbenv/versions/3.2.2/lib "clang -o conftest -I/Users/j.u.s.t.v.i.b.e.z.ofyonderclwdrs/.rbenv/versions/3.2.2/include/ruby-3.2.0/x86_64-darwin21 -I/Users/j.u.s.t.v.i.b.e.z.ofyonderclwdrs/.rbenv/versions/3.2.2/include/ruby-3.2.0/ruby/backward -I/Users/j.u.s.t.v.i.b.e.z.ofyonderclwdrs/.rbenv/versions/3.2.2/include/ruby-3.2.0 -I. -I/usr/local/opt/openssl@3/include -D_XOPEN_SOURCE -D_DARWIN_C_SOURCE -D_DARWIN_UNLIMITED_SELECT -D_REENTRANT   -fdeclspec -O3 -fno-fast-math -ggdb3 -Wall -Wextra -Wextra-tokens -Wdeprecated-declarations -Wdivision-by-zero -Wdiv-by-zero -Wimplicit-function-declaration -Wimplicit-int -Wmisleading-indentation -Wpointer-arith -Wshorten-64-to-32 -Wwrite-strings -Wold-style-definition -Wmissing-noreturn -Wno-cast-function-type -Wno-constant-logical-operand -Wno-long-long -Wno-missing-field-initializers -Wno-overlength-strings -Wno-parentheses-equality -Wno-self-assign -Wno-tautological-compare -Wno-unused-parameter -Wno-unused-value -Wunused-variable -Wundef  -fno-common -pipe conftest.c  -L. -L/Users/j.u.s.t.v.i.b.e.z.ofyonderclwdrs/.rbenv/versions/3.2.2/lib -L/usr/local/opt/openssl@3/lib -L. -fstack-protector-strong    -lssl -lcrypto  -lruby.3.2 -lssl -lcrypto  -lpthread  "
conftest.c:17:15: error: implicit declaration of function 'ENGINE_load_4758cca' is invalid in C99 [-Werror,-Wimplicit-function-declaration]
int t(void) { ENGINE_load_4758cca(); return 0; }
              ^
1 error generated.
checked program was:
/* begin */
 1: #include "ruby.h"
 2: 
 3: #include <openssl/engine.h>
 4: 
 5: /*top*/
 6: extern int t(void);
 7: int main(int argc, char **argv)
 8: {
 9:   if (argc > 1000000) {
10:     int (* volatile tp)(void)=(int (*)(void))&t;
11:     printf("%d", (*tp)());
12:   }
13: 
14:   return !!argv[argc];
15: }
16: 
17: int t(void) { ENGINE_load_4758cca(); return 0; }
/* end */

--------------------

have_func: checking for ENGINE_load_aep() in openssl/engine.h... -------------------- no

DYLD_FALLBACK_LIBRARY_PATH=.:/Users/j.u.s.t.v.i.b.e.z.ofyonderclwdrs/.rbenv/versions/3.2.2/lib "clang -o conftest -I/Users/j.u.s.t.v.i.b.e.z.ofyonderclwdrs/.rbenv/versions/3.2.2/include/ruby-3.2.0/x86_64-darwin21 -I/Users/j.u.s.t.v.i.b.e.z.ofyonderclwdrs/.rbenv/versions/3.2.2/include/ruby-3.2.0/ruby/backward -I/Users/j.u.s.t.v.i.b.e.z.ofyonderclwdrs/.rbenv/versions/3.2.2/include/ruby-3.2.0 -I. -I/usr/local/opt/openssl@3/include -D_XOPEN_SOURCE -D_DARWIN_C_SOURCE -D_DARWIN_UNLIMITED_SELECT -D_REENTRANT   -fdeclspec -O3 -fno-fast-math -ggdb3 -Wall -Wextra -Wextra-tokens -Wdeprecated-declarations -Wdivision-by-zero -Wdiv-by-zero -Wimplicit-function-declaration -Wimplicit-int -Wmisleading-indentation -Wpointer-arith -Wshorten-64-to-32 -Wwrite-strings -Wold-style-definition -Wmissing-noreturn -Wno-cast-function-type -Wno-constant-logical-operand -Wno-long-long -Wno-missing-field-initializers -Wno-overlength-strings -Wno-parentheses-equality -Wno-self-assign -Wno-tautological-compare -Wno-unused-parameter -Wno-unused-value -Wunused-variable -Wundef  -fno-common -pipe conftest.c  -L. -L/Users/j.u.s.t.v.i.b.e.z.ofyonderclwdrs/.rbenv/versions/3.2.2/lib -L/usr/local/opt/openssl@3/lib -L. -fstack-protector-strong    -lssl -lcrypto  -lruby.3.2 -lssl -lcrypto  -lpthread  "
conftest.c:17:15: error: implicit declaration of function 'ENGINE_load_aep' is invalid in C99 [-Werror,-Wimplicit-function-declaration]
int t(void) { ENGINE_load_aep(); return 0; }
              ^
1 error generated.
checked program was:
/* begin */
 1: #include "ruby.h"
 2: 
 3: #include <openssl/engine.h>
 4: 
 5: /*top*/
 6: extern int t(void);
 7: int main(int argc, char **argv)
 8: {
 9:   if (argc > 1000000) {
10:     int (* volatile tp)(void)=(int (*)(void))&t;
11:     printf("%d", (*tp)());
12:   }
13: 
14:   return !!argv[argc];
15: }
16: 
17: int t(void) { ENGINE_load_aep(); return 0; }
/* end */

--------------------

have_func: checking for ENGINE_load_atalla() in openssl/engine.h... -------------------- no

DYLD_FALLBACK_LIBRARY_PATH=.:/Users/j.u.s.t.v.i.b.e.z.ofyonderclwdrs/.rbenv/versions/3.2.2/lib "clang -o conftest -I/Users/j.u.s.t.v.i.b.e.z.ofyonderclwdrs/.rbenv/versions/3.2.2/include/ruby-3.2.0/x86_64-darwin21 -I/Users/j.u.s.t.v.i.b.e.z.ofyonderclwdrs/.rbenv/versions/3.2.2/include/ruby-3.2.0/ruby/backward -I/Users/j.u.s.t.v.i.b.e.z.ofyonderclwdrs/.rbenv/versions/3.2.2/include/ruby-3.2.0 -I. -I/usr/local/opt/openssl@3/include -D_XOPEN_SOURCE -D_DARWIN_C_SOURCE -D_DARWIN_UNLIMITED_SELECT -D_REENTRANT   -fdeclspec -O3 -fno-fast-math -ggdb3 -Wall -Wextra -Wextra-tokens -Wdeprecated-declarations -Wdivision-by-zero -Wdiv-by-zero -Wimplicit-function-declaration -Wimplicit-int -Wmisleading-indentation -Wpointer-arith -Wshorten-64-to-32 -Wwrite-strings -Wold-style-definition -Wmissing-noreturn -Wno-cast-function-type -Wno-constant-logical-operand -Wno-long-long -Wno-missing-field-initializers -Wno-overlength-strings -Wno-parentheses-equality -Wno-self-assign -Wno-tautological-compare -Wno-unused-parameter -Wno-unused-value -Wunused-variable -Wundef  -fno-common -pipe conftest.c  -L. -L/Users/j.u.s.t.v.i.b.e.z.ofyonderclwdrs/.rbenv/versions/3.2.2/lib -L/usr/local/opt/openssl@3/lib -L. -fstack-protector-strong    -lssl -lcrypto  -lruby.3.2 -lssl -lcrypto  -lpthread  "
conftest.c:17:15: error: implicit declaration of function 'ENGINE_load_atalla' is invalid in C99 [-Werror,-Wimplicit-function-declaration]
int t(void) { ENGINE_load_atalla(); return 0; }
              ^
1 error generated.
checked program was:
/* begin */
 1: #include "ruby.h"
 2: 
 3: #include <openssl/engine.h>
 4: 
 5: /*top*/
 6: extern int t(void);
 7: int main(int argc, char **argv)
 8: {
 9:   if (argc > 1000000) {
10:     int (* volatile tp)(void)=(int (*)(void))&t;
11:     printf("%d", (*tp)());
12:   }
13: 
14:   return !!argv[argc];
15: }
16: 
17: int t(void) { ENGINE_load_atalla(); return 0; }
/* end */

--------------------

have_func: checking for ENGINE_load_chil() in openssl/engine.h... -------------------- no

DYLD_FALLBACK_LIBRARY_PATH=.:/Users/j.u.s.t.v.i.b.e.z.ofyonderclwdrs/.rbenv/versions/3.2.2/lib "clang -o conftest -I/Users/j.u.s.t.v.i.b.e.z.ofyonderclwdrs/.rbenv/versions/3.2.2/include/ruby-3.2.0/x86_64-darwin21 -I/Users/j.u.s.t.v.i.b.e.z.ofyonderclwdrs/.rbenv/versions/3.2.2/include/ruby-3.2.0/ruby/backward -I/Users/j.u.s.t.v.i.b.e.z.ofyonderclwdrs/.rbenv/versions/3.2.2/include/ruby-3.2.0 -I. -I/usr/local/opt/openssl@3/include -D_XOPEN_SOURCE -D_DARWIN_C_SOURCE -D_DARWIN_UNLIMITED_SELECT -D_REENTRANT   -fdeclspec -O3 -fno-fast-math -ggdb3 -Wall -Wextra -Wextra-tokens -Wdeprecated-declarations -Wdivision-by-zero -Wdiv-by-zero -Wimplicit-function-declaration -Wimplicit-int -Wmisleading-indentation -Wpointer-arith -Wshorten-64-to-32 -Wwrite-strings -Wold-style-definition -Wmissing-noreturn -Wno-cast-function-type -Wno-constant-logical-operand -Wno-long-long -Wno-missing-field-initializers -Wno-overlength-strings -Wno-parentheses-equality -Wno-self-assign -Wno-tautological-compare -Wno-unused-parameter -Wno-unused-value -Wunused-variable -Wundef  -fno-common -pipe conftest.c  -L. -L/Users/j.u.s.t.v.i.b.e.z.ofyonderclwdrs/.rbenv/versions/3.2.2/lib -L/usr/local/opt/openssl@3/lib -L. -fstack-protector-strong    -lssl -lcrypto  -lruby.3.2 -lssl -lcrypto  -lpthread  "
conftest.c:17:15: error: implicit declaration of function 'ENGINE_load_chil' is invalid in C99 [-Werror,-Wimplicit-function-declaration]
int t(void) { ENGINE_load_chil(); return 0; }
              ^
1 error generated.
checked program was:
/* begin */
 1: #include "ruby.h"
 2: 
 3: #include <openssl/engine.h>
 4: 
 5: /*top*/
 6: extern int t(void);
 7: int main(int argc, char **argv)
 8: {
 9:   if (argc > 1000000) {
10:     int (* volatile tp)(void)=(int (*)(void))&t;
11:     printf("%d", (*tp)());
12:   }
13: 
14:   return !!argv[argc];
15: }
16: 
17: int t(void) { ENGINE_load_chil(); return 0; }
/* end */

--------------------

have_func: checking for ENGINE_load_cswift() in openssl/engine.h... -------------------- no

DYLD_FALLBACK_LIBRARY_PATH=.:/Users/j.u.s.t.v.i.b.e.z.ofyonderclwdrs/.rbenv/versions/3.2.2/lib "clang -o conftest -I/Users/j.u.s.t.v.i.b.e.z.ofyonderclwdrs/.rbenv/versions/3.2.2/include/ruby-3.2.0/x86_64-darwin21 -I/Users/j.u.s.t.v.i.b.e.z.ofyonderclwdrs/.rbenv/versions/3.2.2/include/ruby-3.2.0/ruby/backward -I/Users/j.u.s.t.v.i.b.e.z.ofyonderclwdrs/.rbenv/versions/3.2.2/include/ruby-3.2.0 -I. -I/usr/local/opt/openssl@3/include -D_XOPEN_SOURCE -D_DARWIN_C_SOURCE -D_DARWIN_UNLIMITED_SELECT -D_REENTRANT   -fdeclspec -O3 -fno-fast-math -ggdb3 -Wall -Wextra -Wextra-tokens -Wdeprecated-declarations -Wdivision-by-zero -Wdiv-by-zero -Wimplicit-function-declaration -Wimplicit-int -Wmisleading-indentation -Wpointer-arith -Wshorten-64-to-32 -Wwrite-strings -Wold-style-definition -Wmissing-noreturn -Wno-cast-function-type -Wno-constant-logical-operand -Wno-long-long -Wno-missing-field-initializers -Wno-overlength-strings -Wno-parentheses-equality -Wno-self-assign -Wno-tautological-compare -Wno-unused-parameter -Wno-unused-value -Wunused-variable -Wundef  -fno-common -pipe conftest.c  -L. -L/Users/j.u.s.t.v.i.b.e.z.ofyonderclwdrs/.rbenv/versions/3.2.2/lib -L/usr/local/opt/openssl@3/lib -L. -fstack-protector-strong    -lssl -lcrypto  -lruby.3.2 -lssl -lcrypto  -lpthread  "
conftest.c:17:15: error: implicit declaration of function 'ENGINE_load_cswift' is invalid in C99 [-Werror,-Wimplicit-function-declaration]
int t(void) { ENGINE_load_cswift(); return 0; }
              ^
1 error generated.
checked program was:
/* begin */
 1: #include "ruby.h"
 2: 
 3: #include <openssl/engine.h>
 4: 
 5: /*top*/
 6: extern int t(void);
 7: int main(int argc, char **argv)
 8: {
 9:   if (argc > 1000000) {
10:     int (* volatile tp)(void)=(int (*)(void))&t;
11:     printf("%d", (*tp)());
12:   }
13: 
14:   return !!argv[argc];
15: }
16: 
17: int t(void) { ENGINE_load_cswift(); return 0; }
/* end */

--------------------

have_func: checking for ENGINE_load_nuron() in openssl/engine.h... -------------------- no

DYLD_FALLBACK_LIBRARY_PATH=.:/Users/j.u.s.t.v.i.b.e.z.ofyonderclwdrs/.rbenv/versions/3.2.2/lib "clang -o conftest -I/Users/j.u.s.t.v.i.b.e.z.ofyonderclwdrs/.rbenv/versions/3.2.2/include/ruby-3.2.0/x86_64-darwin21 -I/Users/j.u.s.t.v.i.b.e.z.ofyonderclwdrs/.rbenv/versions/3.2.2/include/ruby-3.2.0/ruby/backward -I/Users/j.u.s.t.v.i.b.e.z.ofyonderclwdrs/.rbenv/versions/3.2.2/include/ruby-3.2.0 -I. -I/usr/local/opt/openssl@3/include -D_XOPEN_SOURCE -D_DARWIN_C_SOURCE -D_DARWIN_UNLIMITED_SELECT -D_REENTRANT   -fdeclspec -O3 -fno-fast-math -ggdb3 -Wall -Wextra -Wextra-tokens -Wdeprecated-declarations -Wdivision-by-zero -Wdiv-by-zero -Wimplicit-function-declaration -Wimplicit-int -Wmisleading-indentation -Wpointer-arith -Wshorten-64-to-32 -Wwrite-strings -Wold-style-definition -Wmissing-noreturn -Wno-cast-function-type -Wno-constant-logical-operand -Wno-long-long -Wno-missing-field-initializers -Wno-overlength-strings -Wno-parentheses-equality -Wno-self-assign -Wno-tautological-compare -Wno-unused-parameter -Wno-unused-value -Wunused-variable -Wundef  -fno-common -pipe conftest.c  -L. -L/Users/j.u.s.t.v.i.b.e.z.ofyonderclwdrs/.rbenv/versions/3.2.2/lib -L/usr/local/opt/openssl@3/lib -L. -fstack-protector-strong    -lssl -lcrypto  -lruby.3.2 -lssl -lcrypto  -lpthread  "
conftest.c:17:15: error: implicit declaration of function 'ENGINE_load_nuron' is invalid in C99 [-Werror,-Wimplicit-function-declaration]
int t(void) { ENGINE_load_nuron(); return 0; }
              ^
1 error generated.
checked program was:
/* begin */
 1: #include "ruby.h"
 2: 
 3: #include <openssl/engine.h>
 4: 
 5: /*top*/
 6: extern int t(void);
 7: int main(int argc, char **argv)
 8: {
 9:   if (argc > 1000000) {
10:     int (* volatile tp)(void)=(int (*)(void))&t;
11:     printf("%d", (*tp)());
12:   }
13: 
14:   return !!argv[argc];
15: }
16: 
17: int t(void) { ENGINE_load_nuron(); return 0; }
/* end */

--------------------

have_func: checking for ENGINE_load_sureware() in openssl/engine.h... -------------------- no

DYLD_FALLBACK_LIBRARY_PATH=.:/Users/j.u.s.t.v.i.b.e.z.ofyonderclwdrs/.rbenv/versions/3.2.2/lib "clang -o conftest -I/Users/j.u.s.t.v.i.b.e.z.ofyonderclwdrs/.rbenv/versions/3.2.2/include/ruby-3.2.0/x86_64-darwin21 -I/Users/j.u.s.t.v.i.b.e.z.ofyonderclwdrs/.rbenv/versions/3.2.2/include/ruby-3.2.0/ruby/backward -I/Users/j.u.s.t.v.i.b.e.z.ofyonderclwdrs/.rbenv/versions/3.2.2/include/ruby-3.2.0 -I. -I/usr/local/opt/openssl@3/include -D_XOPEN_SOURCE -D_DARWIN_C_SOURCE -D_DARWIN_UNLIMITED_SELECT -D_REENTRANT   -fdeclspec -O3 -fno-fast-math -ggdb3 -Wall -Wextra -Wextra-tokens -Wdeprecated-declarations -Wdivision-by-zero -Wdiv-by-zero -Wimplicit-function-declaration -Wimplicit-int -Wmisleading-indentation -Wpointer-arith -Wshorten-64-to-32 -Wwrite-strings -Wold-style-definition -Wmissing-noreturn -Wno-cast-function-type -Wno-constant-logical-operand -Wno-long-long -Wno-missing-field-initializers -Wno-overlength-strings -Wno-parentheses-equality -Wno-self-assign -Wno-tautological-compare -Wno-unused-parameter -Wno-unused-value -Wunused-variable -Wundef  -fno-common -pipe conftest.c  -L. -L/Users/j.u.s.t.v.i.b.e.z.ofyonderclwdrs/.rbenv/versions/3.2.2/lib -L/usr/local/opt/openssl@3/lib -L. -fstack-protector-strong    -lssl -lcrypto  -lruby.3.2 -lssl -lcrypto  -lpthread  "
conftest.c:17:15: error: implicit declaration of function 'ENGINE_load_sureware' is invalid in C99 [-Werror,-Wimplicit-function-declaration]
int t(void) { ENGINE_load_sureware(); return 0; }
              ^
1 error generated.
checked program was:
/* begin */
 1: #include "ruby.h"
 2: 
 3: #include <openssl/engine.h>
 4: 
 5: /*top*/
 6: extern int t(void);
 7: int main(int argc, char **argv)
 8: {
 9:   if (argc > 1000000) {
10:     int (* volatile tp)(void)=(int (*)(void))&t;
11:     printf("%d", (*tp)());
12:   }
13: 
14:   return !!argv[argc];
15: }
16: 
17: int t(void) { ENGINE_load_sureware(); return 0; }
/* end */

--------------------

have_func: checking for ENGINE_load_ubsec() in openssl/engine.h... -------------------- no

DYLD_FALLBACK_LIBRARY_PATH=.:/Users/j.u.s.t.v.i.b.e.z.ofyonderclwdrs/.rbenv/versions/3.2.2/lib "clang -o conftest -I/Users/j.u.s.t.v.i.b.e.z.ofyonderclwdrs/.rbenv/versions/3.2.2/include/ruby-3.2.0/x86_64-darwin21 -I/Users/j.u.s.t.v.i.b.e.z.ofyonderclwdrs/.rbenv/versions/3.2.2/include/ruby-3.2.0/ruby/backward -I/Users/j.u.s.t.v.i.b.e.z.ofyonderclwdrs/.rbenv/versions/3.2.2/include/ruby-3.2.0 -I. -I/usr/local/opt/openssl@3/include -D_XOPEN_SOURCE -D_DARWIN_C_SOURCE -D_DARWIN_UNLIMITED_SELECT -D_REENTRANT   -fdeclspec -O3 -fno-fast-math -ggdb3 -Wall -Wextra -Wextra-tokens -Wdeprecated-declarations -Wdivision-by-zero -Wdiv-by-zero -Wimplicit-function-declaration -Wimplicit-int -Wmisleading-indentation -Wpointer-arith -Wshorten-64-to-32 -Wwrite-strings -Wold-style-definition -Wmissing-noreturn -Wno-cast-function-type -Wno-constant-logical-operand -Wno-long-long -Wno-missing-field-initializers -Wno-overlength-strings -Wno-parentheses-equality -Wno-self-assign -Wno-tautological-compare -Wno-unused-parameter -Wno-unused-value -Wunused-variable -Wundef  -fno-common -pipe conftest.c  -L. -L/Users/j.u.s.t.v.i.b.e.z.ofyonderclwdrs/.rbenv/versions/3.2.2/lib -L/usr/local/opt/openssl@3/lib -L. -fstack-protector-strong    -lssl -lcrypto  -lruby.3.2 -lssl -lcrypto  -lpthread  "
conftest.c:17:15: error: implicit declaration of function 'ENGINE_load_ubsec' is invalid in C99 [-Werror,-Wimplicit-function-declaration]
int t(void) { ENGINE_load_ubsec(); return 0; }
              ^
1 error generated.
checked program was:
/* begin */
 1: #include "ruby.h"
 2: 
 3: #include <openssl/engine.h>
 4: 
 5: /*top*/
 6: extern int t(void);
 7: int main(int argc, char **argv)
 8: {
 9:   if (argc > 1000000) {
10:     int (* volatile tp)(void)=(int (*)(void))&t;
11:     printf("%d", (*tp)());
12:   }
13: 
14:   return !!argv[argc];
15: }
16: 
17: int t(void) { ENGINE_load_ubsec(); return 0; }
/* end */

--------------------

have_func: checking for ENGINE_load_padlock() in openssl/engine.h... -------------------- no

DYLD_FALLBACK_LIBRARY_PATH=.:/Users/j.u.s.t.v.i.b.e.z.ofyonderclwdrs/.rbenv/versions/3.2.2/lib "clang -o conftest -I/Users/j.u.s.t.v.i.b.e.z.ofyonderclwdrs/.rbenv/versions/3.2.2/include/ruby-3.2.0/x86_64-darwin21 -I/Users/j.u.s.t.v.i.b.e.z.ofyonderclwdrs/.rbenv/versions/3.2.2/include/ruby-3.2.0/ruby/backward -I/Users/j.u.s.t.v.i.b.e.z.ofyonderclwdrs/.rbenv/versions/3.2.2/include/ruby-3.2.0 -I. -I/usr/local/opt/openssl@3/include -D_XOPEN_SOURCE -D_DARWIN_C_SOURCE -D_DARWIN_UNLIMITED_SELECT -D_REENTRANT   -fdeclspec -O3 -fno-fast-math -ggdb3 -Wall -Wextra -Wextra-tokens -Wdeprecated-declarations -Wdivision-by-zero -Wdiv-by-zero -Wimplicit-function-declaration -Wimplicit-int -Wmisleading-indentation -Wpointer-arith -Wshorten-64-to-32 -Wwrite-strings -Wold-style-definition -Wmissing-noreturn -Wno-cast-function-type -Wno-constant-logical-operand -Wno-long-long -Wno-missing-field-initializers -Wno-overlength-strings -Wno-parentheses-equality -Wno-self-assign -Wno-tautological-compare -Wno-unused-parameter -Wno-unused-value -Wunused-variable -Wundef  -fno-common -pipe conftest.c  -L. -L/Users/j.u.s.t.v.i.b.e.z.ofyonderclwdrs/.rbenv/versions/3.2.2/lib -L/usr/local/opt/openssl@3/lib -L. -fstack-protector-strong    -lssl -lcrypto  -lruby.3.2 -lssl -lcrypto  -lpthread  "
conftest.c:17:15: error: implicit declaration of function 'ENGINE_load_padlock' is invalid in C99 [-Werror,-Wimplicit-function-declaration]
int t(void) { ENGINE_load_padlock(); return 0; }
              ^
conftest.c:17:15: note: did you mean 'ENGINE_load_public_key'?
/usr/local/opt/openssl@3/include/openssl/engine.h:641:11: note: 'ENGINE_load_public_key' declared here
EVP_PKEY *ENGINE_load_public_key(ENGINE *e, const char *key_id,
          ^
1 error generated.
checked program was:
/* begin */
 1: #include "ruby.h"
 2: 
 3: #include <openssl/engine.h>
 4: 
 5: /*top*/
 6: extern int t(void);
 7: int main(int argc, char **argv)
 8: {
 9:   if (argc > 1000000) {
10:     int (* volatile tp)(void)=(int (*)(void))&t;
11:     printf("%d", (*tp)());
12:   }
13: 
14:   return !!argv[argc];
15: }
16: 
17: int t(void) { ENGINE_load_padlock(); return 0; }
/* end */

--------------------

have_func: checking for ENGINE_load_capi() in openssl/engine.h... -------------------- no

DYLD_FALLBACK_LIBRARY_PATH=.:/Users/j.u.s.t.v.i.b.e.z.ofyonderclwdrs/.rbenv/versions/3.2.2/lib "clang -o conftest -I/Users/j.u.s.t.v.i.b.e.z.ofyonderclwdrs/.rbenv/versions/3.2.2/include/ruby-3.2.0/x86_64-darwin21 -I/Users/j.u.s.t.v.i.b.e.z.ofyonderclwdrs/.rbenv/versions/3.2.2/include/ruby-3.2.0/ruby/backward -I/Users/j.u.s.t.v.i.b.e.z.ofyonderclwdrs/.rbenv/versions/3.2.2/include/ruby-3.2.0 -I. -I/usr/local/opt/openssl@3/include -D_XOPEN_SOURCE -D_DARWIN_C_SOURCE -D_DARWIN_UNLIMITED_SELECT -D_REENTRANT   -fdeclspec -O3 -fno-fast-math -ggdb3 -Wall -Wextra -Wextra-tokens -Wdeprecated-declarations -Wdivision-by-zero -Wdiv-by-zero -Wimplicit-function-declaration -Wimplicit-int -Wmisleading-indentation -Wpointer-arith -Wshorten-64-to-32 -Wwrite-strings -Wold-style-definition -Wmissing-noreturn -Wno-cast-function-type -Wno-constant-logical-operand -Wno-long-long -Wno-missing-field-initializers -Wno-overlength-strings -Wno-parentheses-equality -Wno-self-assign -Wno-tautological-compare -Wno-unused-parameter -Wno-unused-value -Wunused-variable -Wundef  -fno-common -pipe conftest.c  -L. -L/Users/j.u.s.t.v.i.b.e.z.ofyonderclwdrs/.rbenv/versions/3.2.2/lib -L/usr/local/opt/openssl@3/lib -L. -fstack-protector-strong    -lssl -lcrypto  -lruby.3.2 -lssl -lcrypto  -lpthread  "
conftest.c:17:15: error: implicit declaration of function 'ENGINE_load_capi' is invalid in C99 [-Werror,-Wimplicit-function-declaration]
int t(void) { ENGINE_load_capi(); return 0; }
              ^
1 error generated.
checked program was:
/* begin */
 1: #include "ruby.h"
 2: 
 3: #include <openssl/engine.h>
 4: 
 5: /*top*/
 6: extern int t(void);
 7: int main(int argc, char **argv)
 8: {
 9:   if (argc > 1000000) {
10:     int (* volatile tp)(void)=(int (*)(void))&t;
11:     printf("%d", (*tp)());
12:   }
13: 
14:   return !!argv[argc];
15: }
16: 
17: int t(void) { ENGINE_load_capi(); return 0; }
/* end */

--------------------

have_func: checking for ENGINE_load_gmp() in openssl/engine.h... -------------------- no

DYLD_FALLBACK_LIBRARY_PATH=.:/Users/j.u.s.t.v.i.b.e.z.ofyonderclwdrs/.rbenv/versions/3.2.2/lib "clang -o conftest -I/Users/j.u.s.t.v.i.b.e.z.ofyonderclwdrs/.rbenv/versions/3.2.2/include/ruby-3.2.0/x86_64-darwin21 -I/Users/j.u.s.t.v.i.b.e.z.ofyonderclwdrs/.rbenv/versions/3.2.2/include/ruby-3.2.0/ruby/backward -I/Users/j.u.s.t.v.i.b.e.z.ofyonderclwdrs/.rbenv/versions/3.2.2/include/ruby-3.2.0 -I. -I/usr/local/opt/openssl@3/include -D_XOPEN_SOURCE -D_DARWIN_C_SOURCE -D_DARWIN_UNLIMITED_SELECT -D_REENTRANT   -fdeclspec -O3 -fno-fast-math -ggdb3 -Wall -Wextra -Wextra-tokens -Wdeprecated-declarations -Wdivision-by-zero -Wdiv-by-zero -Wimplicit-function-declaration -Wimplicit-int -Wmisleading-indentation -Wpointer-arith -Wshorten-64-to-32 -Wwrite-strings -Wold-style-definition -Wmissing-noreturn -Wno-cast-function-type -Wno-constant-logical-operand -Wno-long-long -Wno-missing-field-initializers -Wno-overlength-strings -Wno-parentheses-equality -Wno-self-assign -Wno-tautological-compare -Wno-unused-parameter -Wno-unused-value -Wunused-variable -Wundef  -fno-common -pipe conftest.c  -L. -L/Users/j.u.s.t.v.i.b.e.z.ofyonderclwdrs/.rbenv/versions/3.2.2/lib -L/usr/local/opt/openssl@3/lib -L. -fstack-protector-strong    -lssl -lcrypto  -lruby.3.2 -lssl -lcrypto  -lpthread  "
conftest.c:17:15: error: implicit declaration of function 'ENGINE_load_gmp' is invalid in C99 [-Werror,-Wimplicit-function-declaration]
int t(void) { ENGINE_load_gmp(); return 0; }
              ^
1 error generated.
checked program was:
/* begin */
 1: #include "ruby.h"
 2: 
 3: #include <openssl/engine.h>
 4: 
 5: /*top*/
 6: extern int t(void);
 7: int main(int argc, char **argv)
 8: {
 9:   if (argc > 1000000) {
10:     int (* volatile tp)(void)=(int (*)(void))&t;
11:     printf("%d", (*tp)());
12:   }
13: 
14:   return !!argv[argc];
15: }
16: 
17: int t(void) { ENGINE_load_gmp(); return 0; }
/* end */

--------------------

have_func: checking for ENGINE_load_gost() in openssl/engine.h... -------------------- no

DYLD_FALLBACK_LIBRARY_PATH=.:/Users/j.u.s.t.v.i.b.e.z.ofyonderclwdrs/.rbenv/versions/3.2.2/lib "clang -o conftest -I/Users/j.u.s.t.v.i.b.e.z.ofyonderclwdrs/.rbenv/versions/3.2.2/include/ruby-3.2.0/x86_64-darwin21 -I/Users/j.u.s.t.v.i.b.e.z.ofyonderclwdrs/.rbenv/versions/3.2.2/include/ruby-3.2.0/ruby/backward -I/Users/j.u.s.t.v.i.b.e.z.ofyonderclwdrs/.rbenv/versions/3.2.2/include/ruby-3.2.0 -I. -I/usr/local/opt/openssl@3/include -D_XOPEN_SOURCE -D_DARWIN_C_SOURCE -D_DARWIN_UNLIMITED_SELECT -D_REENTRANT   -fdeclspec -O3 -fno-fast-math -ggdb3 -Wall -Wextra -Wextra-tokens -Wdeprecated-declarations -Wdivision-by-zero -Wdiv-by-zero -Wimplicit-function-declaration -Wimplicit-int -Wmisleading-indentation -Wpointer-arith -Wshorten-64-to-32 -Wwrite-strings -Wold-style-definition -Wmissing-noreturn -Wno-cast-function-type -Wno-constant-logical-operand -Wno-long-long -Wno-missing-field-initializers -Wno-overlength-strings -Wno-parentheses-equality -Wno-self-assign -Wno-tautological-compare -Wno-unused-parameter -Wno-unused-value -Wunused-variable -Wundef  -fno-common -pipe conftest.c  -L. -L/Users/j.u.s.t.v.i.b.e.z.ofyonderclwdrs/.rbenv/versions/3.2.2/lib -L/usr/local/opt/openssl@3/lib -L. -fstack-protector-strong    -lssl -lcrypto  -lruby.3.2 -lssl -lcrypto  -lpthread  "
conftest.c:17:15: error: implicit declaration of function 'ENGINE_load_gost' is invalid in C99 [-Werror,-Wimplicit-function-declaration]
int t(void) { ENGINE_load_gost(); return 0; }
              ^
1 error generated.
checked program was:
/* begin */
 1: #include "ruby.h"
 2: 
 3: #include <openssl/engine.h>
 4: 
 5: /*top*/
 6: extern int t(void);
 7: int main(int argc, char **argv)
 8: {
 9:   if (argc > 1000000) {
10:     int (* volatile tp)(void)=(int (*)(void))&t;
11:     printf("%d", (*tp)());
12:   }
13: 
14:   return !!argv[argc];
15: }
16: 
17: int t(void) { ENGINE_load_gost(); return 0; }
/* end */

--------------------

have_func: checking for ENGINE_load_cryptodev() in openssl/engine.h... -------------------- yes

DYLD_FALLBACK_LIBRARY_PATH=.:/Users/j.u.s.t.v.i.b.e.z.ofyonderclwdrs/.rbenv/versions/3.2.2/lib "clang -o conftest -I/Users/j.u.s.t.v.i.b.e.z.ofyonderclwdrs/.rbenv/versions/3.2.2/include/ruby-3.2.0/x86_64-darwin21 -I/Users/j.u.s.t.v.i.b.e.z.ofyonderclwdrs/.rbenv/versions/3.2.2/include/ruby-3.2.0/ruby/backward -I/Users/j.u.s.t.v.i.b.e.z.ofyonderclwdrs/.rbenv/versions/3.2.2/include/ruby-3.2.0 -I. -I/usr/local/opt/openssl@3/include -D_XOPEN_SOURCE -D_DARWIN_C_SOURCE -D_DARWIN_UNLIMITED_SELECT -D_REENTRANT   -fdeclspec -O3 -fno-fast-math -ggdb3 -Wall -Wextra -Wextra-tokens -Wdeprecated-declarations -Wdivision-by-zero -Wdiv-by-zero -Wimplicit-function-declaration -Wimplicit-int -Wmisleading-indentation -Wpointer-arith -Wshorten-64-to-32 -Wwrite-strings -Wold-style-definition -Wmissing-noreturn -Wno-cast-function-type -Wno-constant-logical-operand -Wno-long-long -Wno-missing-field-initializers -Wno-overlength-strings -Wno-parentheses-equality -Wno-self-assign -Wno-tautological-compare -Wno-unused-parameter -Wno-unused-value -Wunused-variable -Wundef  -fno-common -pipe conftest.c  -L. -L/Users/j.u.s.t.v.i.b.e.z.ofyonderclwdrs/.rbenv/versions/3.2.2/lib -L/usr/local/opt/openssl@3/lib -L. -fstack-protector-strong    -lssl -lcrypto  -lruby.3.2 -lssl -lcrypto  -lpthread  "
checked program was:
/* begin */
 1: #include "ruby.h"
 2: 
 3: #include <openssl/engine.h>
 4: 
 5: /*top*/
 6: extern int t(void);
 7: int main(int argc, char **argv)
 8: {
 9:   if (argc > 1000000) {
10:     int (* volatile tp)(void)=(int (*)(void))&t;
11:     printf("%d", (*tp)());
12:   }
13: 
14:   return !!argv[argc];
15: }
16: 
17: int t(void) { ENGINE_load_cryptodev(); return 0; }
/* end */

--------------------

have_func: checking for i2d_re_X509_tbs(NULL, NULL) in openssl/x509.h... -------------------- yes

DYLD_FALLBACK_LIBRARY_PATH=.:/Users/j.u.s.t.v.i.b.e.z.ofyonderclwdrs/.rbenv/versions/3.2.2/lib "clang -o conftest -I/Users/j.u.s.t.v.i.b.e.z.ofyonderclwdrs/.rbenv/versions/3.2.2/include/ruby-3.2.0/x86_64-darwin21 -I/Users/j.u.s.t.v.i.b.e.z.ofyonderclwdrs/.rbenv/versions/3.2.2/include/ruby-3.2.0/ruby/backward -I/Users/j.u.s.t.v.i.b.e.z.ofyonderclwdrs/.rbenv/versions/3.2.2/include/ruby-3.2.0 -I. -I/usr/local/opt/openssl@3/include -D_XOPEN_SOURCE -D_DARWIN_C_SOURCE -D_DARWIN_UNLIMITED_SELECT -D_REENTRANT   -fdeclspec -O3 -fno-fast-math -ggdb3 -Wall -Wextra -Wextra-tokens -Wdeprecated-declarations -Wdivision-by-zero -Wdiv-by-zero -Wimplicit-function-declaration -Wimplicit-int -Wmisleading-indentation -Wpointer-arith -Wshorten-64-to-32 -Wwrite-strings -Wold-style-definition -Wmissing-noreturn -Wno-cast-function-type -Wno-constant-logical-operand -Wno-long-long -Wno-missing-field-initializers -Wno-overlength-strings -Wno-parentheses-equality -Wno-self-assign -Wno-tautological-compare -Wno-unused-parameter -Wno-unused-value -Wunused-variable -Wundef  -fno-common -pipe conftest.c  -L. -L/Users/j.u.s.t.v.i.b.e.z.ofyonderclwdrs/.rbenv/versions/3.2.2/lib -L/usr/local/opt/openssl@3/lib -L. -fstack-protector-strong    -lssl -lcrypto  -lruby.3.2 -lssl -lcrypto  -lpthread  "
checked program was:
/* begin */
 1: #include "ruby.h"
 2: 
 3: #include <openssl/x509.h>
 4: 
 5: /*top*/
 6: extern int t(void);
 7: int main(int argc, char **argv)
 8: {
 9:   if (argc > 1000000) {
10:     int (* volatile tp)(void)=(int (*)(void))&t;
11:     printf("%d", (*tp)());
12:   }
13: 
14:   return !!argv[argc];
15: }
16: 
17: int t(void) { i2d_re_X509_tbs(NULL, NULL); return 0; }
/* end */

--------------------

have_struct_member: checking for SSL.ctx in openssl/ssl.h... -------------------- no

DYLD_FALLBACK_LIBRARY_PATH=.:/Users/j.u.s.t.v.i.b.e.z.ofyonderclwdrs/.rbenv/versions/3.2.2/lib "clang -I/Users/j.u.s.t.v.i.b.e.z.ofyonderclwdrs/.rbenv/versions/3.2.2/include/ruby-3.2.0/x86_64-darwin21 -I/Users/j.u.s.t.v.i.b.e.z.ofyonderclwdrs/.rbenv/versions/3.2.2/include/ruby-3.2.0/ruby/backward -I/Users/j.u.s.t.v.i.b.e.z.ofyonderclwdrs/.rbenv/versions/3.2.2/include/ruby-3.2.0 -I. -I/usr/local/opt/openssl@3/include -D_XOPEN_SOURCE -D_DARWIN_C_SOURCE -D_DARWIN_UNLIMITED_SELECT -D_REENTRANT   -fdeclspec -O3 -fno-fast-math -ggdb3 -Wall -Wextra -Wextra-tokens -Wdeprecated-declarations -Wdivision-by-zero -Wdiv-by-zero -Wimplicit-function-declaration -Wimplicit-int -Wmisleading-indentation -Wpointer-arith -Wshorten-64-to-32 -Wwrite-strings -Wold-style-definition -Wmissing-noreturn -Wno-cast-function-type -Wno-constant-logical-operand -Wno-long-long -Wno-missing-field-initializers -Wno-overlength-strings -Wno-parentheses-equality -Wno-self-assign -Wno-tautological-compare -Wno-unused-parameter -Wno-unused-value -Wunused-variable -Wundef  -fno-common -pipe   -c conftest.c"
conftest.c:6:27: error: incomplete definition of type 'struct ssl_st'
int s = (char *)&((SSL*)0)->ctx - (char *)0;
                 ~~~~~~~~~^
/usr/local/opt/openssl@3/include/openssl/types.h:196:16: note: forward declaration of 'struct ssl_st'
typedef struct ssl_st SSL;
               ^
conftest.c:6:33: warning: performing pointer subtraction with a null pointer has undefined behavior [-Wnull-pointer-subtraction]
int s = (char *)&((SSL*)0)->ctx - (char *)0;
                                ^ ~~~~~~~~~
1 warning and 1 error generated.
checked program was:
/* begin */
 1: #include "ruby.h"
 2: 
 3: #include <openssl/ssl.h>
 4: 
 5: /*top*/
 6: int s = (char *)&((SSL*)0)->ctx - (char *)0;
 7: int main(int argc, char **argv)
 8: {
 9:   return !!argv[argc];
10: }
/* end */

--------------------

have_func: checking for EVP_MD_CTX_new() in openssl/evp.h... -------------------- yes

DYLD_FALLBACK_LIBRARY_PATH=.:/Users/j.u.s.t.v.i.b.e.z.ofyonderclwdrs/.rbenv/versions/3.2.2/lib "clang -o conftest -I/Users/j.u.s.t.v.i.b.e.z.ofyonderclwdrs/.rbenv/versions/3.2.2/include/ruby-3.2.0/x86_64-darwin21 -I/Users/j.u.s.t.v.i.b.e.z.ofyonderclwdrs/.rbenv/versions/3.2.2/include/ruby-3.2.0/ruby/backward -I/Users/j.u.s.t.v.i.b.e.z.ofyonderclwdrs/.rbenv/versions/3.2.2/include/ruby-3.2.0 -I. -I/usr/local/opt/openssl@3/include -D_XOPEN_SOURCE -D_DARWIN_C_SOURCE -D_DARWIN_UNLIMITED_SELECT -D_REENTRANT   -fdeclspec -O3 -fno-fast-math -ggdb3 -Wall -Wextra -Wextra-tokens -Wdeprecated-declarations -Wdivision-by-zero -Wdiv-by-zero -Wimplicit-function-declaration -Wimplicit-int -Wmisleading-indentation -Wpointer-arith -Wshorten-64-to-32 -Wwrite-strings -Wold-style-definition -Wmissing-noreturn -Wno-cast-function-type -Wno-constant-logical-operand -Wno-long-long -Wno-missing-field-initializers -Wno-overlength-strings -Wno-parentheses-equality -Wno-self-assign -Wno-tautological-compare -Wno-unused-parameter -Wno-unused-value -Wunused-variable -Wundef  -fno-common -pipe conftest.c  -L. -L/Users/j.u.s.t.v.i.b.e.z.ofyonderclwdrs/.rbenv/versions/3.2.2/lib -L/usr/local/opt/openssl@3/lib -L. -fstack-protector-strong    -lssl -lcrypto  -lruby.3.2 -lssl -lcrypto  -lpthread  "
checked program was:
/* begin */
 1: #include "ruby.h"
 2: 
 3: #include <openssl/evp.h>
 4: 
 5: /*top*/
 6: extern int t(void);
 7: int main(int argc, char **argv)
 8: {
 9:   if (argc > 1000000) {
10:     int (* volatile tp)(void)=(int (*)(void))&t;
11:     printf("%d", (*tp)());
12:   }
13: 
14:   return !!argv[argc];
15: }
16: 
17: int t(void) { EVP_MD_CTX_new(); return 0; }
/* end */

--------------------

have_func: checking for EVP_MD_CTX_free(NULL) in openssl/evp.h... -------------------- yes

DYLD_FALLBACK_LIBRARY_PATH=.:/Users/j.u.s.t.v.i.b.e.z.ofyonderclwdrs/.rbenv/versions/3.2.2/lib "clang -o conftest -I/Users/j.u.s.t.v.i.b.e.z.ofyonderclwdrs/.rbenv/versions/3.2.2/include/ruby-3.2.0/x86_64-darwin21 -I/Users/j.u.s.t.v.i.b.e.z.ofyonderclwdrs/.rbenv/versions/3.2.2/include/ruby-3.2.0/ruby/backward -I/Users/j.u.s.t.v.i.b.e.z.ofyonderclwdrs/.rbenv/versions/3.2.2/include/ruby-3.2.0 -I. -I/usr/local/opt/openssl@3/include -D_XOPEN_SOURCE -D_DARWIN_C_SOURCE -D_DARWIN_UNLIMITED_SELECT -D_REENTRANT   -fdeclspec -O3 -fno-fast-math -ggdb3 -Wall -Wextra -Wextra-tokens -Wdeprecated-declarations -Wdivision-by-zero -Wdiv-by-zero -Wimplicit-function-declaration -Wimplicit-int -Wmisleading-indentation -Wpointer-arith -Wshorten-64-to-32 -Wwrite-strings -Wold-style-definition -Wmissing-noreturn -Wno-cast-function-type -Wno-constant-logical-operand -Wno-long-long -Wno-missing-field-initializers -Wno-overlength-strings -Wno-parentheses-equality -Wno-self-assign -Wno-tautological-compare -Wno-unused-parameter -Wno-unused-value -Wunused-variable -Wundef  -fno-common -pipe conftest.c  -L. -L/Users/j.u.s.t.v.i.b.e.z.ofyonderclwdrs/.rbenv/versions/3.2.2/lib -L/usr/local/opt/openssl@3/lib -L. -fstack-protector-strong    -lssl -lcrypto  -lruby.3.2 -lssl -lcrypto  -lpthread  "
checked program was:
/* begin */
 1: #include "ruby.h"
 2: 
 3: #include <openssl/evp.h>
 4: 
 5: /*top*/
 6: extern int t(void);
 7: int main(int argc, char **argv)
 8: {
 9:   if (argc > 1000000) {
10:     int (* volatile tp)(void)=(int (*)(void))&t;
11:     printf("%d", (*tp)());
12:   }
13: 
14:   return !!argv[argc];
15: }
16: 
17: int t(void) { EVP_MD_CTX_free(NULL); return 0; }
/* end */

--------------------

have_func: checking for EVP_MD_CTX_pkey_ctx(NULL) in openssl/evp.h... -------------------- yes

DYLD_FALLBACK_LIBRARY_PATH=.:/Users/j.u.s.t.v.i.b.e.z.ofyonderclwdrs/.rbenv/versions/3.2.2/lib "clang -o conftest -I/Users/j.u.s.t.v.i.b.e.z.ofyonderclwdrs/.rbenv/versions/3.2.2/include/ruby-3.2.0/x86_64-darwin21 -I/Users/j.u.s.t.v.i.b.e.z.ofyonderclwdrs/.rbenv/versions/3.2.2/include/ruby-3.2.0/ruby/backward -I/Users/j.u.s.t.v.i.b.e.z.ofyonderclwdrs/.rbenv/versions/3.2.2/include/ruby-3.2.0 -I. -I/usr/local/opt/openssl@3/include -D_XOPEN_SOURCE -D_DARWIN_C_SOURCE -D_DARWIN_UNLIMITED_SELECT -D_REENTRANT   -fdeclspec -O3 -fno-fast-math -ggdb3 -Wall -Wextra -Wextra-tokens -Wdeprecated-declarations -Wdivision-by-zero -Wdiv-by-zero -Wimplicit-function-declaration -Wimplicit-int -Wmisleading-indentation -Wpointer-arith -Wshorten-64-to-32 -Wwrite-strings -Wold-style-definition -Wmissing-noreturn -Wno-cast-function-type -Wno-constant-logical-operand -Wno-long-long -Wno-missing-field-initializers -Wno-overlength-strings -Wno-parentheses-equality -Wno-self-assign -Wno-tautological-compare -Wno-unused-parameter -Wno-unused-value -Wunused-variable -Wundef  -fno-common -pipe conftest.c  -L. -L/Users/j.u.s.t.v.i.b.e.z.ofyonderclwdrs/.rbenv/versions/3.2.2/lib -L/usr/local/opt/openssl@3/lib -L. -fstack-protector-strong    -lssl -lcrypto  -lruby.3.2 -lssl -lcrypto  -lpthread  "
checked program was:
/* begin */
 1: #include "ruby.h"
 2: 
 3: #include <openssl/evp.h>
 4: 
 5: /*top*/
 6: extern int t(void);
 7: int main(int argc, char **argv)
 8: {
 9:   if (argc > 1000000) {
10:     int (* volatile tp)(void)=(int (*)(void))&t;
11:     printf("%d", (*tp)());
12:   }
13: 
14:   return !!argv[argc];
15: }
16: 
17: int t(void) { EVP_MD_CTX_pkey_ctx(NULL); return 0; }
/* end */

--------------------

have_func: checking for X509_STORE_get_ex_data(NULL, 0) in openssl/x509.h... -------------------- yes

DYLD_FALLBACK_LIBRARY_PATH=.:/Users/j.u.s.t.v.i.b.e.z.ofyonderclwdrs/.rbenv/versions/3.2.2/lib "clang -o conftest -I/Users/j.u.s.t.v.i.b.e.z.ofyonderclwdrs/.rbenv/versions/3.2.2/include/ruby-3.2.0/x86_64-darwin21 -I/Users/j.u.s.t.v.i.b.e.z.ofyonderclwdrs/.rbenv/versions/3.2.2/include/ruby-3.2.0/ruby/backward -I/Users/j.u.s.t.v.i.b.e.z.ofyonderclwdrs/.rbenv/versions/3.2.2/include/ruby-3.2.0 -I. -I/usr/local/opt/openssl@3/include -D_XOPEN_SOURCE -D_DARWIN_C_SOURCE -D_DARWIN_UNLIMITED_SELECT -D_REENTRANT   -fdeclspec -O3 -fno-fast-math -ggdb3 -Wall -Wextra -Wextra-tokens -Wdeprecated-declarations -Wdivision-by-zero -Wdiv-by-zero -Wimplicit-function-declaration -Wimplicit-int -Wmisleading-indentation -Wpointer-arith -Wshorten-64-to-32 -Wwrite-strings -Wold-style-definition -Wmissing-noreturn -Wno-cast-function-type -Wno-constant-logical-operand -Wno-long-long -Wno-missing-field-initializers -Wno-overlength-strings -Wno-parentheses-equality -Wno-self-assign -Wno-tautological-compare -Wno-unused-parameter -Wno-unused-value -Wunused-variable -Wundef  -fno-common -pipe conftest.c  -L. -L/Users/j.u.s.t.v.i.b.e.z.ofyonderclwdrs/.rbenv/versions/3.2.2/lib -L/usr/local/opt/openssl@3/lib -L. -fstack-protector-strong    -lssl -lcrypto  -lruby.3.2 -lssl -lcrypto  -lpthread  "
checked program was:
/* begin */
 1: #include "ruby.h"
 2: 
 3: #include <openssl/x509.h>
 4: 
 5: /*top*/
 6: extern int t(void);
 7: int main(int argc, char **argv)
 8: {
 9:   if (argc > 1000000) {
10:     int (* volatile tp)(void)=(int (*)(void))&t;
11:     printf("%d", (*tp)());
12:   }
13: 
14:   return !!argv[argc];
15: }
16: 
17: int t(void) { X509_STORE_get_ex_data(NULL, 0); return 0; }
/* end */

--------------------

have_func: checking for X509_STORE_set_ex_data(NULL, 0, NULL) in openssl/x509.h... -------------------- yes

DYLD_FALLBACK_LIBRARY_PATH=.:/Users/j.u.s.t.v.i.b.e.z.ofyonderclwdrs/.rbenv/versions/3.2.2/lib "clang -o conftest -I/Users/j.u.s.t.v.i.b.e.z.ofyonderclwdrs/.rbenv/versions/3.2.2/include/ruby-3.2.0/x86_64-darwin21 -I/Users/j.u.s.t.v.i.b.e.z.ofyonderclwdrs/.rbenv/versions/3.2.2/include/ruby-3.2.0/ruby/backward -I/Users/j.u.s.t.v.i.b.e.z.ofyonderclwdrs/.rbenv/versions/3.2.2/include/ruby-3.2.0 -I. -I/usr/local/opt/openssl@3/include -D_XOPEN_SOURCE -D_DARWIN_C_SOURCE -D_DARWIN_UNLIMITED_SELECT -D_REENTRANT   -fdeclspec -O3 -fno-fast-math -ggdb3 -Wall -Wextra -Wextra-tokens -Wdeprecated-declarations -Wdivision-by-zero -Wdiv-by-zero -Wimplicit-function-declaration -Wimplicit-int -Wmisleading-indentation -Wpointer-arith -Wshorten-64-to-32 -Wwrite-strings -Wold-style-definition -Wmissing-noreturn -Wno-cast-function-type -Wno-constant-logical-operand -Wno-long-long -Wno-missing-field-initializers -Wno-overlength-strings -Wno-parentheses-equality -Wno-self-assign -Wno-tautological-compare -Wno-unused-parameter -Wno-unused-value -Wunused-variable -Wundef  -fno-common -pipe conftest.c  -L. -L/Users/j.u.s.t.v.i.b.e.z.ofyonderclwdrs/.rbenv/versions/3.2.2/lib -L/usr/local/opt/openssl@3/lib -L. -fstack-protector-strong    -lssl -lcrypto  -lruby.3.2 -lssl -lcrypto  -lpthread  "
checked program was:
/* begin */
 1: #include "ruby.h"
 2: 
 3: #include <openssl/x509.h>
 4: 
 5: /*top*/
 6: extern int t(void);
 7: int main(int argc, char **argv)
 8: {
 9:   if (argc > 1000000) {
10:     int (* volatile tp)(void)=(int (*)(void))&t;
11:     printf("%d", (*tp)());
12:   }
13: 
14:   return !!argv[argc];
15: }
16: 
17: int t(void) { X509_STORE_set_ex_data(NULL, 0, NULL); return 0; }
/* end */

--------------------

have_func: checking for X509_STORE_get_ex_new_index(0, NULL, NULL, NULL, NULL) in openssl/x509.h... -------------------- yes

DYLD_FALLBACK_LIBRARY_PATH=.:/Users/j.u.s.t.v.i.b.e.z.ofyonderclwdrs/.rbenv/versions/3.2.2/lib "clang -o conftest -I/Users/j.u.s.t.v.i.b.e.z.ofyonderclwdrs/.rbenv/versions/3.2.2/include/ruby-3.2.0/x86_64-darwin21 -I/Users/j.u.s.t.v.i.b.e.z.ofyonderclwdrs/.rbenv/versions/3.2.2/include/ruby-3.2.0/ruby/backward -I/Users/j.u.s.t.v.i.b.e.z.ofyonderclwdrs/.rbenv/versions/3.2.2/include/ruby-3.2.0 -I. -I/usr/local/opt/openssl@3/include -D_XOPEN_SOURCE -D_DARWIN_C_SOURCE -D_DARWIN_UNLIMITED_SELECT -D_REENTRANT   -fdeclspec -O3 -fno-fast-math -ggdb3 -Wall -Wextra -Wextra-tokens -Wdeprecated-declarations -Wdivision-by-zero -Wdiv-by-zero -Wimplicit-function-declaration -Wimplicit-int -Wmisleading-indentation -Wpointer-arith -Wshorten-64-to-32 -Wwrite-strings -Wold-style-definition -Wmissing-noreturn -Wno-cast-function-type -Wno-constant-logical-operand -Wno-long-long -Wno-missing-field-initializers -Wno-overlength-strings -Wno-parentheses-equality -Wno-self-assign -Wno-tautological-compare -Wno-unused-parameter -Wno-unused-value -Wunused-variable -Wundef  -fno-common -pipe conftest.c  -L. -L/Users/j.u.s.t.v.i.b.e.z.ofyonderclwdrs/.rbenv/versions/3.2.2/lib -L/usr/local/opt/openssl@3/lib -L. -fstack-protector-strong    -lssl -lcrypto  -lruby.3.2 -lssl -lcrypto  -lpthread  "
checked program was:
/* begin */
 1: #include "ruby.h"
 2: 
 3: #include <openssl/x509.h>
 4: 
 5: /*top*/
 6: extern int t(void);
 7: int main(int argc, char **argv)
 8: {
 9:   if (argc > 1000000) {
10:     int (* volatile tp)(void)=(int (*)(void))&t;
11:     printf("%d", (*tp)());
12:   }
13: 
14:   return !!argv[argc];
15: }
16: 
17: int t(void) { X509_STORE_get_ex_new_index(0, NULL, NULL, NULL, NULL); return 0; }
/* end */

--------------------

have_func: checking for X509_CRL_get0_signature(NULL, NULL, NULL) in openssl/x509.h... -------------------- yes

DYLD_FALLBACK_LIBRARY_PATH=.:/Users/j.u.s.t.v.i.b.e.z.ofyonderclwdrs/.rbenv/versions/3.2.2/lib "clang -o conftest -I/Users/j.u.s.t.v.i.b.e.z.ofyonderclwdrs/.rbenv/versions/3.2.2/include/ruby-3.2.0/x86_64-darwin21 -I/Users/j.u.s.t.v.i.b.e.z.ofyonderclwdrs/.rbenv/versions/3.2.2/include/ruby-3.2.0/ruby/backward -I/Users/j.u.s.t.v.i.b.e.z.ofyonderclwdrs/.rbenv/versions/3.2.2/include/ruby-3.2.0 -I. -I/usr/local/opt/openssl@3/include -D_XOPEN_SOURCE -D_DARWIN_C_SOURCE -D_DARWIN_UNLIMITED_SELECT -D_REENTRANT   -fdeclspec -O3 -fno-fast-math -ggdb3 -Wall -Wextra -Wextra-tokens -Wdeprecated-declarations -Wdivision-by-zero -Wdiv-by-zero -Wimplicit-function-declaration -Wimplicit-int -Wmisleading-indentation -Wpointer-arith -Wshorten-64-to-32 -Wwrite-strings -Wold-style-definition -Wmissing-noreturn -Wno-cast-function-type -Wno-constant-logical-operand -Wno-long-long -Wno-missing-field-initializers -Wno-overlength-strings -Wno-parentheses-equality -Wno-self-assign -Wno-tautological-compare -Wno-unused-parameter -Wno-unused-value -Wunused-variable -Wundef  -fno-common -pipe conftest.c  -L. -L/Users/j.u.s.t.v.i.b.e.z.ofyonderclwdrs/.rbenv/versions/3.2.2/lib -L/usr/local/opt/openssl@3/lib -L. -fstack-protector-strong    -lssl -lcrypto  -lruby.3.2 -lssl -lcrypto  -lpthread  "
checked program was:
/* begin */
 1: #include "ruby.h"
 2: 
 3: #include <openssl/x509.h>
 4: 
 5: /*top*/
 6: extern int t(void);
 7: int main(int argc, char **argv)
 8: {
 9:   if (argc > 1000000) {
10:     int (* volatile tp)(void)=(int (*)(void))&t;
11:     printf("%d", (*tp)());
12:   }
13: 
14:   return !!argv[argc];
15: }
16: 
17: int t(void) { X509_CRL_get0_signature(NULL, NULL, NULL); return 0; }
/* end */

--------------------

have_func: checking for X509_REQ_get0_signature(NULL, NULL, NULL) in openssl/x509.h... -------------------- yes

DYLD_FALLBACK_LIBRARY_PATH=.:/Users/j.u.s.t.v.i.b.e.z.ofyonderclwdrs/.rbenv/versions/3.2.2/lib "clang -o conftest -I/Users/j.u.s.t.v.i.b.e.z.ofyonderclwdrs/.rbenv/versions/3.2.2/include/ruby-3.2.0/x86_64-darwin21 -I/Users/j.u.s.t.v.i.b.e.z.ofyonderclwdrs/.rbenv/versions/3.2.2/include/ruby-3.2.0/ruby/backward -I/Users/j.u.s.t.v.i.b.e.z.ofyonderclwdrs/.rbenv/versions/3.2.2/include/ruby-3.2.0 -I. -I/usr/local/opt/openssl@3/include -D_XOPEN_SOURCE -D_DARWIN_C_SOURCE -D_DARWIN_UNLIMITED_SELECT -D_REENTRANT   -fdeclspec -O3 -fno-fast-math -ggdb3 -Wall -Wextra -Wextra-tokens -Wdeprecated-declarations -Wdivision-by-zero -Wdiv-by-zero -Wimplicit-function-declaration -Wimplicit-int -Wmisleading-indentation -Wpointer-arith -Wshorten-64-to-32 -Wwrite-strings -Wold-style-definition -Wmissing-noreturn -Wno-cast-function-type -Wno-constant-logical-operand -Wno-long-long -Wno-missing-field-initializers -Wno-overlength-strings -Wno-parentheses-equality -Wno-self-assign -Wno-tautological-compare -Wno-unused-parameter -Wno-unused-value -Wunused-variable -Wundef  -fno-common -pipe conftest.c  -L. -L/Users/j.u.s.t.v.i.b.e.z.ofyonderclwdrs/.rbenv/versions/3.2.2/lib -L/usr/local/opt/openssl@3/lib -L. -fstack-protector-strong    -lssl -lcrypto  -lruby.3.2 -lssl -lcrypto  -lpthread  "
checked program was:
/* begin */
 1: #include "ruby.h"
 2: 
 3: #include <openssl/x509.h>
 4: 
 5: /*top*/
 6: extern int t(void);
 7: int main(int argc, char **argv)
 8: {
 9:   if (argc > 1000000) {
10:     int (* volatile tp)(void)=(int (*)(void))&t;
11:     printf("%d", (*tp)());
12:   }
13: 
14:   return !!argv[argc];
15: }
16: 
17: int t(void) { X509_REQ_get0_signature(NULL, NULL, NULL); return 0; }
/* end */

--------------------

have_func: checking for X509_REVOKED_get0_serialNumber(NULL) in openssl/x509.h... -------------------- yes

DYLD_FALLBACK_LIBRARY_PATH=.:/Users/j.u.s.t.v.i.b.e.z.ofyonderclwdrs/.rbenv/versions/3.2.2/lib "clang -o conftest -I/Users/j.u.s.t.v.i.b.e.z.ofyonderclwdrs/.rbenv/versions/3.2.2/include/ruby-3.2.0/x86_64-darwin21 -I/Users/j.u.s.t.v.i.b.e.z.ofyonderclwdrs/.rbenv/versions/3.2.2/include/ruby-3.2.0/ruby/backward -I/Users/j.u.s.t.v.i.b.e.z.ofyonderclwdrs/.rbenv/versions/3.2.2/include/ruby-3.2.0 -I. -I/usr/local/opt/openssl@3/include -D_XOPEN_SOURCE -D_DARWIN_C_SOURCE -D_DARWIN_UNLIMITED_SELECT -D_REENTRANT   -fdeclspec -O3 -fno-fast-math -ggdb3 -Wall -Wextra -Wextra-tokens -Wdeprecated-declarations -Wdivision-by-zero -Wdiv-by-zero -Wimplicit-function-declaration -Wimplicit-int -Wmisleading-indentation -Wpointer-arith -Wshorten-64-to-32 -Wwrite-strings -Wold-style-definition -Wmissing-noreturn -Wno-cast-function-type -Wno-constant-logical-operand -Wno-long-long -Wno-missing-field-initializers -Wno-overlength-strings -Wno-parentheses-equality -Wno-self-assign -Wno-tautological-compare -Wno-unused-parameter -Wno-unused-value -Wunused-variable -Wundef  -fno-common -pipe conftest.c  -L. -L/Users/j.u.s.t.v.i.b.e.z.ofyonderclwdrs/.rbenv/versions/3.2.2/lib -L/usr/local/opt/openssl@3/lib -L. -fstack-protector-strong    -lssl -lcrypto  -lruby.3.2 -lssl -lcrypto  -lpthread  "
checked program was:
/* begin */
 1: #include "ruby.h"
 2: 
 3: #include <openssl/x509.h>
 4: 
 5: /*top*/
 6: extern int t(void);
 7: int main(int argc, char **argv)
 8: {
 9:   if (argc > 1000000) {
10:     int (* volatile tp)(void)=(int (*)(void))&t;
11:     printf("%d", (*tp)());
12:   }
13: 
14:   return !!argv[argc];
15: }
16: 
17: int t(void) { X509_REVOKED_get0_serialNumber(NULL); return 0; }
/* end */

--------------------

have_func: checking for X509_REVOKED_get0_revocationDate(NULL) in openssl/x509.h... -------------------- yes

DYLD_FALLBACK_LIBRARY_PATH=.:/Users/j.u.s.t.v.i.b.e.z.ofyonderclwdrs/.rbenv/versions/3.2.2/lib "clang -o conftest -I/Users/j.u.s.t.v.i.b.e.z.ofyonderclwdrs/.rbenv/versions/3.2.2/include/ruby-3.2.0/x86_64-darwin21 -I/Users/j.u.s.t.v.i.b.e.z.ofyonderclwdrs/.rbenv/versions/3.2.2/include/ruby-3.2.0/ruby/backward -I/Users/j.u.s.t.v.i.b.e.z.ofyonderclwdrs/.rbenv/versions/3.2.2/include/ruby-3.2.0 -I. -I/usr/local/opt/openssl@3/include -D_XOPEN_SOURCE -D_DARWIN_C_SOURCE -D_DARWIN_UNLIMITED_SELECT -D_REENTRANT   -fdeclspec -O3 -fno-fast-math -ggdb3 -Wall -Wextra -Wextra-tokens -Wdeprecated-declarations -Wdivision-by-zero -Wdiv-by-zero -Wimplicit-function-declaration -Wimplicit-int -Wmisleading-indentation -Wpointer-arith -Wshorten-64-to-32 -Wwrite-strings -Wold-style-definition -Wmissing-noreturn -Wno-cast-function-type -Wno-constant-logical-operand -Wno-long-long -Wno-missing-field-initializers -Wno-overlength-strings -Wno-parentheses-equality -Wno-self-assign -Wno-tautological-compare -Wno-unused-parameter -Wno-unused-value -Wunused-variable -Wundef  -fno-common -pipe conftest.c  -L. -L/Users/j.u.s.t.v.i.b.e.z.ofyonderclwdrs/.rbenv/versions/3.2.2/lib -L/usr/local/opt/openssl@3/lib -L. -fstack-protector-strong    -lssl -lcrypto  -lruby.3.2 -lssl -lcrypto  -lpthread  "
checked program was:
/* begin */
 1: #include "ruby.h"
 2: 
 3: #include <openssl/x509.h>
 4: 
 5: /*top*/
 6: extern int t(void);
 7: int main(int argc, char **argv)
 8: {
 9:   if (argc > 1000000) {
10:     int (* volatile tp)(void)=(int (*)(void))&t;
11:     printf("%d", (*tp)());
12:   }
13: 
14:   return !!argv[argc];
15: }
16: 
17: int t(void) { X509_REVOKED_get0_revocationDate(NULL); return 0; }
/* end */

--------------------

have_func: checking for X509_get0_tbs_sigalg(NULL) in openssl/x509.h... -------------------- yes

DYLD_FALLBACK_LIBRARY_PATH=.:/Users/j.u.s.t.v.i.b.e.z.ofyonderclwdrs/.rbenv/versions/3.2.2/lib "clang -o conftest -I/Users/j.u.s.t.v.i.b.e.z.ofyonderclwdrs/.rbenv/versions/3.2.2/include/ruby-3.2.0/x86_64-darwin21 -I/Users/j.u.s.t.v.i.b.e.z.ofyonderclwdrs/.rbenv/versions/3.2.2/include/ruby-3.2.0/ruby/backward -I/Users/j.u.s.t.v.i.b.e.z.ofyonderclwdrs/.rbenv/versions/3.2.2/include/ruby-3.2.0 -I. -I/usr/local/opt/openssl@3/include -D_XOPEN_SOURCE -D_DARWIN_C_SOURCE -D_DARWIN_UNLIMITED_SELECT -D_REENTRANT   -fdeclspec -O3 -fno-fast-math -ggdb3 -Wall -Wextra -Wextra-tokens -Wdeprecated-declarations -Wdivision-by-zero -Wdiv-by-zero -Wimplicit-function-declaration -Wimplicit-int -Wmisleading-indentation -Wpointer-arith -Wshorten-64-to-32 -Wwrite-strings -Wold-style-definition -Wmissing-noreturn -Wno-cast-function-type -Wno-constant-logical-operand -Wno-long-long -Wno-missing-field-initializers -Wno-overlength-strings -Wno-parentheses-equality -Wno-self-assign -Wno-tautological-compare -Wno-unused-parameter -Wno-unused-value -Wunused-variable -Wundef  -fno-common -pipe conftest.c  -L. -L/Users/j.u.s.t.v.i.b.e.z.ofyonderclwdrs/.rbenv/versions/3.2.2/lib -L/usr/local/opt/openssl@3/lib -L. -fstack-protector-strong    -lssl -lcrypto  -lruby.3.2 -lssl -lcrypto  -lpthread  "
checked program was:
/* begin */
 1: #include "ruby.h"
 2: 
 3: #include <openssl/x509.h>
 4: 
 5: /*top*/
 6: extern int t(void);
 7: int main(int argc, char **argv)
 8: {
 9:   if (argc > 1000000) {
10:     int (* volatile tp)(void)=(int (*)(void))&t;
11:     printf("%d", (*tp)());
12:   }
13: 
14:   return !!argv[argc];
15: }
16: 
17: int t(void) { X509_get0_tbs_sigalg(NULL); return 0; }
/* end */

--------------------

have_func: checking for X509_STORE_CTX_get0_untrusted(NULL) in openssl/x509.h... -------------------- yes

DYLD_FALLBACK_LIBRARY_PATH=.:/Users/j.u.s.t.v.i.b.e.z.ofyonderclwdrs/.rbenv/versions/3.2.2/lib "clang -o conftest -I/Users/j.u.s.t.v.i.b.e.z.ofyonderclwdrs/.rbenv/versions/3.2.2/include/ruby-3.2.0/x86_64-darwin21 -I/Users/j.u.s.t.v.i.b.e.z.ofyonderclwdrs/.rbenv/versions/3.2.2/include/ruby-3.2.0/ruby/backward -I/Users/j.u.s.t.v.i.b.e.z.ofyonderclwdrs/.rbenv/versions/3.2.2/include/ruby-3.2.0 -I. -I/usr/local/opt/openssl@3/include -D_XOPEN_SOURCE -D_DARWIN_C_SOURCE -D_DARWIN_UNLIMITED_SELECT -D_REENTRANT   -fdeclspec -O3 -fno-fast-math -ggdb3 -Wall -Wextra -Wextra-tokens -Wdeprecated-declarations -Wdivision-by-zero -Wdiv-by-zero -Wimplicit-function-declaration -Wimplicit-int -Wmisleading-indentation -Wpointer-arith -Wshorten-64-to-32 -Wwrite-strings -Wold-style-definition -Wmissing-noreturn -Wno-cast-function-type -Wno-constant-logical-operand -Wno-long-long -Wno-missing-field-initializers -Wno-overlength-strings -Wno-parentheses-equality -Wno-self-assign -Wno-tautological-compare -Wno-unused-parameter -Wno-unused-value -Wunused-variable -Wundef  -fno-common -pipe conftest.c  -L. -L/Users/j.u.s.t.v.i.b.e.z.ofyonderclwdrs/.rbenv/versions/3.2.2/lib -L/usr/local/opt/openssl@3/lib -L. -fstack-protector-strong    -lssl -lcrypto  -lruby.3.2 -lssl -lcrypto  -lpthread  "
checked program was:
/* begin */
 1: #include "ruby.h"
 2: 
 3: #include <openssl/x509.h>
 4: 
 5: /*top*/
 6: extern int t(void);
 7: int main(int argc, char **argv)
 8: {
 9:   if (argc > 1000000) {
10:     int (* volatile tp)(void)=(int (*)(void))&t;
11:     printf("%d", (*tp)());
12:   }
13: 
14:   return !!argv[argc];
15: }
16: 
17: int t(void) { X509_STORE_CTX_get0_untrusted(NULL); return 0; }
/* end */

--------------------

have_func: checking for X509_STORE_CTX_get0_cert(NULL) in openssl/x509.h... -------------------- yes

DYLD_FALLBACK_LIBRARY_PATH=.:/Users/j.u.s.t.v.i.b.e.z.ofyonderclwdrs/.rbenv/versions/3.2.2/lib "clang -o conftest -I/Users/j.u.s.t.v.i.b.e.z.ofyonderclwdrs/.rbenv/versions/3.2.2/include/ruby-3.2.0/x86_64-darwin21 -I/Users/j.u.s.t.v.i.b.e.z.ofyonderclwdrs/.rbenv/versions/3.2.2/include/ruby-3.2.0/ruby/backward -I/Users/j.u.s.t.v.i.b.e.z.ofyonderclwdrs/.rbenv/versions/3.2.2/include/ruby-3.2.0 -I. -I/usr/local/opt/openssl@3/include -D_XOPEN_SOURCE -D_DARWIN_C_SOURCE -D_DARWIN_UNLIMITED_SELECT -D_REENTRANT   -fdeclspec -O3 -fno-fast-math -ggdb3 -Wall -Wextra -Wextra-tokens -Wdeprecated-declarations -Wdivision-by-zero -Wdiv-by-zero -Wimplicit-function-declaration -Wimplicit-int -Wmisleading-indentation -Wpointer-arith -Wshorten-64-to-32 -Wwrite-strings -Wold-style-definition -Wmissing-noreturn -Wno-cast-function-type -Wno-constant-logical-operand -Wno-long-long -Wno-missing-field-initializers -Wno-overlength-strings -Wno-parentheses-equality -Wno-self-assign -Wno-tautological-compare -Wno-unused-parameter -Wno-unused-value -Wunused-variable -Wundef  -fno-common -pipe conftest.c  -L. -L/Users/j.u.s.t.v.i.b.e.z.ofyonderclwdrs/.rbenv/versions/3.2.2/lib -L/usr/local/opt/openssl@3/lib -L. -fstack-protector-strong    -lssl -lcrypto  -lruby.3.2 -lssl -lcrypto  -lpthread  "
checked program was:
/* begin */
 1: #include "ruby.h"
 2: 
 3: #include <openssl/x509.h>
 4: 
 5: /*top*/
 6: extern int t(void);
 7: int main(int argc, char **argv)
 8: {
 9:   if (argc > 1000000) {
10:     int (* volatile tp)(void)=(int (*)(void))&t;
11:     printf("%d", (*tp)());
12:   }
13: 
14:   return !!argv[argc];
15: }
16: 
17: int t(void) { X509_STORE_CTX_get0_cert(NULL); return 0; }
/* end */

--------------------

have_func: checking for X509_STORE_CTX_get0_chain(NULL) in openssl/x509.h... -------------------- yes

DYLD_FALLBACK_LIBRARY_PATH=.:/Users/j.u.s.t.v.i.b.e.z.ofyonderclwdrs/.rbenv/versions/3.2.2/lib "clang -o conftest -I/Users/j.u.s.t.v.i.b.e.z.ofyonderclwdrs/.rbenv/versions/3.2.2/include/ruby-3.2.0/x86_64-darwin21 -I/Users/j.u.s.t.v.i.b.e.z.ofyonderclwdrs/.rbenv/versions/3.2.2/include/ruby-3.2.0/ruby/backward -I/Users/j.u.s.t.v.i.b.e.z.ofyonderclwdrs/.rbenv/versions/3.2.2/include/ruby-3.2.0 -I. -I/usr/local/opt/openssl@3/include -D_XOPEN_SOURCE -D_DARWIN_C_SOURCE -D_DARWIN_UNLIMITED_SELECT -D_REENTRANT   -fdeclspec -O3 -fno-fast-math -ggdb3 -Wall -Wextra -Wextra-tokens -Wdeprecated-declarations -Wdivision-by-zero -Wdiv-by-zero -Wimplicit-function-declaration -Wimplicit-int -Wmisleading-indentation -Wpointer-arith -Wshorten-64-to-32 -Wwrite-strings -Wold-style-definition -Wmissing-noreturn -Wno-cast-function-type -Wno-constant-logical-operand -Wno-long-long -Wno-missing-field-initializers -Wno-overlength-strings -Wno-parentheses-equality -Wno-self-assign -Wno-tautological-compare -Wno-unused-parameter -Wno-unused-value -Wunused-variable -Wundef  -fno-common -pipe conftest.c  -L. -L/Users/j.u.s.t.v.i.b.e.z.ofyonderclwdrs/.rbenv/versions/3.2.2/lib -L/usr/local/opt/openssl@3/lib -L. -fstack-protector-strong    -lssl -lcrypto  -lruby.3.2 -lssl -lcrypto  -lpthread  "
checked program was:
/* begin */
 1: #include "ruby.h"
 2: 
 3: #include <openssl/x509.h>
 4: 
 5: /*top*/
 6: extern int t(void);
 7: int main(int argc, char **argv)
 8: {
 9:   if (argc > 1000000) {
10:     int (* volatile tp)(void)=(int (*)(void))&t;
11:     printf("%d", (*tp)());
12:   }
13: 
14:   return !!argv[argc];
15: }
16: 
17: int t(void) { X509_STORE_CTX_get0_chain(NULL); return 0; }
/* end */

--------------------

have_func: checking for OCSP_SINGLERESP_get0_id(NULL) in openssl/ocsp.h... -------------------- yes

DYLD_FALLBACK_LIBRARY_PATH=.:/Users/j.u.s.t.v.i.b.e.z.ofyonderclwdrs/.rbenv/versions/3.2.2/lib "clang -o conftest -I/Users/j.u.s.t.v.i.b.e.z.ofyonderclwdrs/.rbenv/versions/3.2.2/include/ruby-3.2.0/x86_64-darwin21 -I/Users/j.u.s.t.v.i.b.e.z.ofyonderclwdrs/.rbenv/versions/3.2.2/include/ruby-3.2.0/ruby/backward -I/Users/j.u.s.t.v.i.b.e.z.ofyonderclwdrs/.rbenv/versions/3.2.2/include/ruby-3.2.0 -I. -I/usr/local/opt/openssl@3/include -D_XOPEN_SOURCE -D_DARWIN_C_SOURCE -D_DARWIN_UNLIMITED_SELECT -D_REENTRANT   -fdeclspec -O3 -fno-fast-math -ggdb3 -Wall -Wextra -Wextra-tokens -Wdeprecated-declarations -Wdivision-by-zero -Wdiv-by-zero -Wimplicit-function-declaration -Wimplicit-int -Wmisleading-indentation -Wpointer-arith -Wshorten-64-to-32 -Wwrite-strings -Wold-style-definition -Wmissing-noreturn -Wno-cast-function-type -Wno-constant-logical-operand -Wno-long-long -Wno-missing-field-initializers -Wno-overlength-strings -Wno-parentheses-equality -Wno-self-assign -Wno-tautological-compare -Wno-unused-parameter -Wno-unused-value -Wunused-variable -Wundef  -fno-common -pipe conftest.c  -L. -L/Users/j.u.s.t.v.i.b.e.z.ofyonderclwdrs/.rbenv/versions/3.2.2/lib -L/usr/local/opt/openssl@3/lib -L. -fstack-protector-strong    -lssl -lcrypto  -lruby.3.2 -lssl -lcrypto  -lpthread  "
checked program was:
/* begin */
 1: #include "ruby.h"
 2: 
 3: #include <openssl/ocsp.h>
 4: 
 5: /*top*/
 6: extern int t(void);
 7: int main(int argc, char **argv)
 8: {
 9:   if (argc > 1000000) {
10:     int (* volatile tp)(void)=(int (*)(void))&t;
11:     printf("%d", (*tp)());
12:   }
13: 
14:   return !!argv[argc];
15: }
16: 
17: int t(void) { OCSP_SINGLERESP_get0_id(NULL); return 0; }
/* end */

--------------------

have_func: checking for SSL_CTX_get_ciphers(NULL) in openssl/ssl.h... -------------------- yes

DYLD_FALLBACK_LIBRARY_PATH=.:/Users/j.u.s.t.v.i.b.e.z.ofyonderclwdrs/.rbenv/versions/3.2.2/lib "clang -o conftest -I/Users/j.u.s.t.v.i.b.e.z.ofyonderclwdrs/.rbenv/versions/3.2.2/include/ruby-3.2.0/x86_64-darwin21 -I/Users/j.u.s.t.v.i.b.e.z.ofyonderclwdrs/.rbenv/versions/3.2.2/include/ruby-3.2.0/ruby/backward -I/Users/j.u.s.t.v.i.b.e.z.ofyonderclwdrs/.rbenv/versions/3.2.2/include/ruby-3.2.0 -I. -I/usr/local/opt/openssl@3/include -D_XOPEN_SOURCE -D_DARWIN_C_SOURCE -D_DARWIN_UNLIMITED_SELECT -D_REENTRANT   -fdeclspec -O3 -fno-fast-math -ggdb3 -Wall -Wextra -Wextra-tokens -Wdeprecated-declarations -Wdivision-by-zero -Wdiv-by-zero -Wimplicit-function-declaration -Wimplicit-int -Wmisleading-indentation -Wpointer-arith -Wshorten-64-to-32 -Wwrite-strings -Wold-style-definition -Wmissing-noreturn -Wno-cast-function-type -Wno-constant-logical-operand -Wno-long-long -Wno-missing-field-initializers -Wno-overlength-strings -Wno-parentheses-equality -Wno-self-assign -Wno-tautological-compare -Wno-unused-parameter -Wno-unused-value -Wunused-variable -Wundef  -fno-common -pipe conftest.c  -L. -L/Users/j.u.s.t.v.i.b.e.z.ofyonderclwdrs/.rbenv/versions/3.2.2/lib -L/usr/local/opt/openssl@3/lib -L. -fstack-protector-strong    -lssl -lcrypto  -lruby.3.2 -lssl -lcrypto  -lpthread  "
checked program was:
/* begin */
 1: #include "ruby.h"
 2: 
 3: #include <openssl/ssl.h>
 4: 
 5: /*top*/
 6: extern int t(void);
 7: int main(int argc, char **argv)
 8: {
 9:   if (argc > 1000000) {
10:     int (* volatile tp)(void)=(int (*)(void))&t;
11:     printf("%d", (*tp)());
12:   }
13: 
14:   return !!argv[argc];
15: }
16: 
17: int t(void) { SSL_CTX_get_ciphers(NULL); return 0; }
/* end */

--------------------

have_func: checking for X509_up_ref(NULL) in openssl/x509.h... -------------------- yes

DYLD_FALLBACK_LIBRARY_PATH=.:/Users/j.u.s.t.v.i.b.e.z.ofyonderclwdrs/.rbenv/versions/3.2.2/lib "clang -o conftest -I/Users/j.u.s.t.v.i.b.e.z.ofyonderclwdrs/.rbenv/versions/3.2.2/include/ruby-3.2.0/x86_64-darwin21 -I/Users/j.u.s.t.v.i.b.e.z.ofyonderclwdrs/.rbenv/versions/3.2.2/include/ruby-3.2.0/ruby/backward -I/Users/j.u.s.t.v.i.b.e.z.ofyonderclwdrs/.rbenv/versions/3.2.2/include/ruby-3.2.0 -I. -I/usr/local/opt/openssl@3/include -D_XOPEN_SOURCE -D_DARWIN_C_SOURCE -D_DARWIN_UNLIMITED_SELECT -D_REENTRANT   -fdeclspec -O3 -fno-fast-math -ggdb3 -Wall -Wextra -Wextra-tokens -Wdeprecated-declarations -Wdivision-by-zero -Wdiv-by-zero -Wimplicit-function-declaration -Wimplicit-int -Wmisleading-indentation -Wpointer-arith -Wshorten-64-to-32 -Wwrite-strings -Wold-style-definition -Wmissing-noreturn -Wno-cast-function-type -Wno-constant-logical-operand -Wno-long-long -Wno-missing-field-initializers -Wno-overlength-strings -Wno-parentheses-equality -Wno-self-assign -Wno-tautological-compare -Wno-unused-parameter -Wno-unused-value -Wunused-variable -Wundef  -fno-common -pipe conftest.c  -L. -L/Users/j.u.s.t.v.i.b.e.z.ofyonderclwdrs/.rbenv/versions/3.2.2/lib -L/usr/local/opt/openssl@3/lib -L. -fstack-protector-strong    -lssl -lcrypto  -lruby.3.2 -lssl -lcrypto  -lpthread  "
checked program was:
/* begin */
 1: #include "ruby.h"
 2: 
 3: #include <openssl/x509.h>
 4: 
 5: /*top*/
 6: extern int t(void);
 7: int main(int argc, char **argv)
 8: {
 9:   if (argc > 1000000) {
10:     int (* volatile tp)(void)=(int (*)(void))&t;
11:     printf("%d", (*tp)());
12:   }
13: 
14:   return !!argv[argc];
15: }
16: 
17: int t(void) { X509_up_ref(NULL); return 0; }
/* end */

--------------------

have_func: checking for X509_CRL_up_ref(NULL) in openssl/x509.h... -------------------- yes

DYLD_FALLBACK_LIBRARY_PATH=.:/Users/j.u.s.t.v.i.b.e.z.ofyonderclwdrs/.rbenv/versions/3.2.2/lib "clang -o conftest -I/Users/j.u.s.t.v.i.b.e.z.ofyonderclwdrs/.rbenv/versions/3.2.2/include/ruby-3.2.0/x86_64-darwin21 -I/Users/j.u.s.t.v.i.b.e.z.ofyonderclwdrs/.rbenv/versions/3.2.2/include/ruby-3.2.0/ruby/backward -I/Users/j.u.s.t.v.i.b.e.z.ofyonderclwdrs/.rbenv/versions/3.2.2/include/ruby-3.2.0 -I. -I/usr/local/opt/openssl@3/include -D_XOPEN_SOURCE -D_DARWIN_C_SOURCE -D_DARWIN_UNLIMITED_SELECT -D_REENTRANT   -fdeclspec -O3 -fno-fast-math -ggdb3 -Wall -Wextra -Wextra-tokens -Wdeprecated-declarations -Wdivision-by-zero -Wdiv-by-zero -Wimplicit-function-declaration -Wimplicit-int -Wmisleading-indentation -Wpointer-arith -Wshorten-64-to-32 -Wwrite-strings -Wold-style-definition -Wmissing-noreturn -Wno-cast-function-type -Wno-constant-logical-operand -Wno-long-long -Wno-missing-field-initializers -Wno-overlength-strings -Wno-parentheses-equality -Wno-self-assign -Wno-tautological-compare -Wno-unused-parameter -Wno-unused-value -Wunused-variable -Wundef  -fno-common -pipe conftest.c  -L. -L/Users/j.u.s.t.v.i.b.e.z.ofyonderclwdrs/.rbenv/versions/3.2.2/lib -L/usr/local/opt/openssl@3/lib -L. -fstack-protector-strong    -lssl -lcrypto  -lruby.3.2 -lssl -lcrypto  -lpthread  "
checked program was:
/* begin */
 1: #include "ruby.h"
 2: 
 3: #include <openssl/x509.h>
 4: 
 5: /*top*/
 6: extern int t(void);
 7: int main(int argc, char **argv)
 8: {
 9:   if (argc > 1000000) {
10:     int (* volatile tp)(void)=(int (*)(void))&t;
11:     printf("%d", (*tp)());
12:   }
13: 
14:   return !!argv[argc];
15: }
16: 
17: int t(void) { X509_CRL_up_ref(NULL); return 0; }
/* end */

--------------------

have_func: checking for X509_STORE_up_ref(NULL) in openssl/x509.h... -------------------- yes

DYLD_FALLBACK_LIBRARY_PATH=.:/Users/j.u.s.t.v.i.b.e.z.ofyonderclwdrs/.rbenv/versions/3.2.2/lib "clang -o conftest -I/Users/j.u.s.t.v.i.b.e.z.ofyonderclwdrs/.rbenv/versions/3.2.2/include/ruby-3.2.0/x86_64-darwin21 -I/Users/j.u.s.t.v.i.b.e.z.ofyonderclwdrs/.rbenv/versions/3.2.2/include/ruby-3.2.0/ruby/backward -I/Users/j.u.s.t.v.i.b.e.z.ofyonderclwdrs/.rbenv/versions/3.2.2/include/ruby-3.2.0 -I. -I/usr/local/opt/openssl@3/include -D_XOPEN_SOURCE -D_DARWIN_C_SOURCE -D_DARWIN_UNLIMITED_SELECT -D_REENTRANT   -fdeclspec -O3 -fno-fast-math -ggdb3 -Wall -Wextra -Wextra-tokens -Wdeprecated-declarations -Wdivision-by-zero -Wdiv-by-zero -Wimplicit-function-declaration -Wimplicit-int -Wmisleading-indentation -Wpointer-arith -Wshorten-64-to-32 -Wwrite-strings -Wold-style-definition -Wmissing-noreturn -Wno-cast-function-type -Wno-constant-logical-operand -Wno-long-long -Wno-missing-field-initializers -Wno-overlength-strings -Wno-parentheses-equality -Wno-self-assign -Wno-tautological-compare -Wno-unused-parameter -Wno-unused-value -Wunused-variable -Wundef  -fno-common -pipe conftest.c  -L. -L/Users/j.u.s.t.v.i.b.e.z.ofyonderclwdrs/.rbenv/versions/3.2.2/lib -L/usr/local/opt/openssl@3/lib -L. -fstack-protector-strong    -lssl -lcrypto  -lruby.3.2 -lssl -lcrypto  -lpthread  "
checked program was:
/* begin */
 1: #include "ruby.h"
 2: 
 3: #include <openssl/x509.h>
 4: 
 5: /*top*/
 6: extern int t(void);
 7: int main(int argc, char **argv)
 8: {
 9:   if (argc > 1000000) {
10:     int (* volatile tp)(void)=(int (*)(void))&t;
11:     printf("%d", (*tp)());
12:   }
13: 
14:   return !!argv[argc];
15: }
16: 
17: int t(void) { X509_STORE_up_ref(NULL); return 0; }
/* end */

--------------------

have_func: checking for SSL_SESSION_up_ref(NULL) in openssl/ssl.h... -------------------- yes

DYLD_FALLBACK_LIBRARY_PATH=.:/Users/j.u.s.t.v.i.b.e.z.ofyonderclwdrs/.rbenv/versions/3.2.2/lib "clang -o conftest -I/Users/j.u.s.t.v.i.b.e.z.ofyonderclwdrs/.rbenv/versions/3.2.2/include/ruby-3.2.0/x86_64-darwin21 -I/Users/j.u.s.t.v.i.b.e.z.ofyonderclwdrs/.rbenv/versions/3.2.2/include/ruby-3.2.0/ruby/backward -I/Users/j.u.s.t.v.i.b.e.z.ofyonderclwdrs/.rbenv/versions/3.2.2/include/ruby-3.2.0 -I. -I/usr/local/opt/openssl@3/include -D_XOPEN_SOURCE -D_DARWIN_C_SOURCE -D_DARWIN_UNLIMITED_SELECT -D_REENTRANT   -fdeclspec -O3 -fno-fast-math -ggdb3 -Wall -Wextra -Wextra-tokens -Wdeprecated-declarations -Wdivision-by-zero -Wdiv-by-zero -Wimplicit-function-declaration -Wimplicit-int -Wmisleading-indentation -Wpointer-arith -Wshorten-64-to-32 -Wwrite-strings -Wold-style-definition -Wmissing-noreturn -Wno-cast-function-type -Wno-constant-logical-operand -Wno-long-long -Wno-missing-field-initializers -Wno-overlength-strings -Wno-parentheses-equality -Wno-self-assign -Wno-tautological-compare -Wno-unused-parameter -Wno-unused-value -Wunused-variable -Wundef  -fno-common -pipe conftest.c  -L. -L/Users/j.u.s.t.v.i.b.e.z.ofyonderclwdrs/.rbenv/versions/3.2.2/lib -L/usr/local/opt/openssl@3/lib -L. -fstack-protector-strong    -lssl -lcrypto  -lruby.3.2 -lssl -lcrypto  -lpthread  "
checked program was:
/* begin */
 1: #include "ruby.h"
 2: 
 3: #include <openssl/ssl.h>
 4: 
 5: /*top*/
 6: extern int t(void);
 7: int main(int argc, char **argv)
 8: {
 9:   if (argc > 1000000) {
10:     int (* volatile tp)(void)=(int (*)(void))&t;
11:     printf("%d", (*tp)());
12:   }
13: 
14:   return !!argv[argc];
15: }
16: 
17: int t(void) { SSL_SESSION_up_ref(NULL); return 0; }
/* end */

--------------------

have_func: checking for EVP_PKEY_up_ref(NULL) in openssl/evp.h... -------------------- yes

DYLD_FALLBACK_LIBRARY_PATH=.:/Users/j.u.s.t.v.i.b.e.z.ofyonderclwdrs/.rbenv/versions/3.2.2/lib "clang -o conftest -I/Users/j.u.s.t.v.i.b.e.z.ofyonderclwdrs/.rbenv/versions/3.2.2/include/ruby-3.2.0/x86_64-darwin21 -I/Users/j.u.s.t.v.i.b.e.z.ofyonderclwdrs/.rbenv/versions/3.2.2/include/ruby-3.2.0/ruby/backward -I/Users/j.u.s.t.v.i.b.e.z.ofyonderclwdrs/.rbenv/versions/3.2.2/include/ruby-3.2.0 -I. -I/usr/local/opt/openssl@3/include -D_XOPEN_SOURCE -D_DARWIN_C_SOURCE -D_DARWIN_UNLIMITED_SELECT -D_REENTRANT   -fdeclspec -O3 -fno-fast-math -ggdb3 -Wall -Wextra -Wextra-tokens -Wdeprecated-declarations -Wdivision-by-zero -Wdiv-by-zero -Wimplicit-function-declaration -Wimplicit-int -Wmisleading-indentation -Wpointer-arith -Wshorten-64-to-32 -Wwrite-strings -Wold-style-definition -Wmissing-noreturn -Wno-cast-function-type -Wno-constant-logical-operand -Wno-long-long -Wno-missing-field-initializers -Wno-overlength-strings -Wno-parentheses-equality -Wno-self-assign -Wno-tautological-compare -Wno-unused-parameter -Wno-unused-value -Wunused-variable -Wundef  -fno-common -pipe conftest.c  -L. -L/Users/j.u.s.t.v.i.b.e.z.ofyonderclwdrs/.rbenv/versions/3.2.2/lib -L/usr/local/opt/openssl@3/lib -L. -fstack-protector-strong    -lssl -lcrypto  -lruby.3.2 -lssl -lcrypto  -lpthread  "
checked program was:
/* begin */
 1: #include "ruby.h"
 2: 
 3: #include <openssl/evp.h>
 4: 
 5: /*top*/
 6: extern int t(void);
 7: int main(int argc, char **argv)
 8: {
 9:   if (argc > 1000000) {
10:     int (* volatile tp)(void)=(int (*)(void))&t;
11:     printf("%d", (*tp)());
12:   }
13: 
14:   return !!argv[argc];
15: }
16: 
17: int t(void) { EVP_PKEY_up_ref(NULL); return 0; }
/* end */

--------------------

have_func: checking for SSL_CTX_set_min_proto_version(NULL, 0) in openssl/ssl.h... -------------------- yes

DYLD_FALLBACK_LIBRARY_PATH=.:/Users/j.u.s.t.v.i.b.e.z.ofyonderclwdrs/.rbenv/versions/3.2.2/lib "clang -o conftest -I/Users/j.u.s.t.v.i.b.e.z.ofyonderclwdrs/.rbenv/versions/3.2.2/include/ruby-3.2.0/x86_64-darwin21 -I/Users/j.u.s.t.v.i.b.e.z.ofyonderclwdrs/.rbenv/versions/3.2.2/include/ruby-3.2.0/ruby/backward -I/Users/j.u.s.t.v.i.b.e.z.ofyonderclwdrs/.rbenv/versions/3.2.2/include/ruby-3.2.0 -I. -I/usr/local/opt/openssl@3/include -D_XOPEN_SOURCE -D_DARWIN_C_SOURCE -D_DARWIN_UNLIMITED_SELECT -D_REENTRANT   -fdeclspec -O3 -fno-fast-math -ggdb3 -Wall -Wextra -Wextra-tokens -Wdeprecated-declarations -Wdivision-by-zero -Wdiv-by-zero -Wimplicit-function-declaration -Wimplicit-int -Wmisleading-indentation -Wpointer-arith -Wshorten-64-to-32 -Wwrite-strings -Wold-style-definition -Wmissing-noreturn -Wno-cast-function-type -Wno-constant-logical-operand -Wno-long-long -Wno-missing-field-initializers -Wno-overlength-strings -Wno-parentheses-equality -Wno-self-assign -Wno-tautological-compare -Wno-unused-parameter -Wno-unused-value -Wunused-variable -Wundef  -fno-common -pipe conftest.c  -L. -L/Users/j.u.s.t.v.i.b.e.z.ofyonderclwdrs/.rbenv/versions/3.2.2/lib -L/usr/local/opt/openssl@3/lib -L. -fstack-protector-strong    -lssl -lcrypto  -lruby.3.2 -lssl -lcrypto  -lpthread  "
checked program was:
/* begin */
 1: #include "ruby.h"
 2: 
 3: #include <openssl/ssl.h>
 4: 
 5: /*top*/
 6: extern int t(void);
 7: int main(int argc, char **argv)
 8: {
 9:   if (argc > 1000000) {
10:     int (* volatile tp)(void)=(int (*)(void))&t;
11:     printf("%d", (*tp)());
12:   }
13: 
14:   return !!argv[argc];
15: }
16: 
17: int t(void) { SSL_CTX_set_min_proto_version(NULL, 0); return 0; }
/* end */

--------------------

have_func: checking for SSL_CTX_get_security_level(NULL) in openssl/ssl.h... -------------------- yes

DYLD_FALLBACK_LIBRARY_PATH=.:/Users/j.u.s.t.v.i.b.e.z.ofyonderclwdrs/.rbenv/versions/3.2.2/lib "clang -o conftest -I/Users/j.u.s.t.v.i.b.e.z.ofyonderclwdrs/.rbenv/versions/3.2.2/include/ruby-3.2.0/x86_64-darwin21 -I/Users/j.u.s.t.v.i.b.e.z.ofyonderclwdrs/.rbenv/versions/3.2.2/include/ruby-3.2.0/ruby/backward -I/Users/j.u.s.t.v.i.b.e.z.ofyonderclwdrs/.rbenv/versions/3.2.2/include/ruby-3.2.0 -I. -I/usr/local/opt/openssl@3/include -D_XOPEN_SOURCE -D_DARWIN_C_SOURCE -D_DARWIN_UNLIMITED_SELECT -D_REENTRANT   -fdeclspec -O3 -fno-fast-math -ggdb3 -Wall -Wextra -Wextra-tokens -Wdeprecated-declarations -Wdivision-by-zero -Wdiv-by-zero -Wimplicit-function-declaration -Wimplicit-int -Wmisleading-indentation -Wpointer-arith -Wshorten-64-to-32 -Wwrite-strings -Wold-style-definition -Wmissing-noreturn -Wno-cast-function-type -Wno-constant-logical-operand -Wno-long-long -Wno-missing-field-initializers -Wno-overlength-strings -Wno-parentheses-equality -Wno-self-assign -Wno-tautological-compare -Wno-unused-parameter -Wno-unused-value -Wunused-variable -Wundef  -fno-common -pipe conftest.c  -L. -L/Users/j.u.s.t.v.i.b.e.z.ofyonderclwdrs/.rbenv/versions/3.2.2/lib -L/usr/local/opt/openssl@3/lib -L. -fstack-protector-strong    -lssl -lcrypto  -lruby.3.2 -lssl -lcrypto  -lpthread  "
checked program was:
/* begin */
 1: #include "ruby.h"
 2: 
 3: #include <openssl/ssl.h>
 4: 
 5: /*top*/
 6: extern int t(void);
 7: int main(int argc, char **argv)
 8: {
 9:   if (argc > 1000000) {
10:     int (* volatile tp)(void)=(int (*)(void))&t;
11:     printf("%d", (*tp)());
12:   }
13: 
14:   return !!argv[argc];
15: }
16: 
17: int t(void) { SSL_CTX_get_security_level(NULL); return 0; }
/* end */

--------------------

have_func: checking for X509_get0_notBefore(NULL) in openssl/x509.h... -------------------- yes

DYLD_FALLBACK_LIBRARY_PATH=.:/Users/j.u.s.t.v.i.b.e.z.ofyonderclwdrs/.rbenv/versions/3.2.2/lib "clang -o conftest -I/Users/j.u.s.t.v.i.b.e.z.ofyonderclwdrs/.rbenv/versions/3.2.2/include/ruby-3.2.0/x86_64-darwin21 -I/Users/j.u.s.t.v.i.b.e.z.ofyonderclwdrs/.rbenv/versions/3.2.2/include/ruby-3.2.0/ruby/backward -I/Users/j.u.s.t.v.i.b.e.z.ofyonderclwdrs/.rbenv/versions/3.2.2/include/ruby-3.2.0 -I. -I/usr/local/opt/openssl@3/include -D_XOPEN_SOURCE -D_DARWIN_C_SOURCE -D_DARWIN_UNLIMITED_SELECT -D_REENTRANT   -fdeclspec -O3 -fno-fast-math -ggdb3 -Wall -Wextra -Wextra-tokens -Wdeprecated-declarations -Wdivision-by-zero -Wdiv-by-zero -Wimplicit-function-declaration -Wimplicit-int -Wmisleading-indentation -Wpointer-arith -Wshorten-64-to-32 -Wwrite-strings -Wold-style-definition -Wmissing-noreturn -Wno-cast-function-type -Wno-constant-logical-operand -Wno-long-long -Wno-missing-field-initializers -Wno-overlength-strings -Wno-parentheses-equality -Wno-self-assign -Wno-tautological-compare -Wno-unused-parameter -Wno-unused-value -Wunused-variable -Wundef  -fno-common -pipe conftest.c  -L. -L/Users/j.u.s.t.v.i.b.e.z.ofyonderclwdrs/.rbenv/versions/3.2.2/lib -L/usr/local/opt/openssl@3/lib -L. -fstack-protector-strong    -lssl -lcrypto  -lruby.3.2 -lssl -lcrypto  -lpthread  "
checked program was:
/* begin */
 1: #include "ruby.h"
 2: 
 3: #include <openssl/x509.h>
 4: 
 5: /*top*/
 6: extern int t(void);
 7: int main(int argc, char **argv)
 8: {
 9:   if (argc > 1000000) {
10:     int (* volatile tp)(void)=(int (*)(void))&t;
11:     printf("%d", (*tp)());
12:   }
13: 
14:   return !!argv[argc];
15: }
16: 
17: int t(void) { X509_get0_notBefore(NULL); return 0; }
/* end */

--------------------

have_func: checking for SSL_SESSION_get_protocol_version(NULL) in openssl/ssl.h... -------------------- yes

DYLD_FALLBACK_LIBRARY_PATH=.:/Users/j.u.s.t.v.i.b.e.z.ofyonderclwdrs/.rbenv/versions/3.2.2/lib "clang -o conftest -I/Users/j.u.s.t.v.i.b.e.z.ofyonderclwdrs/.rbenv/versions/3.2.2/include/ruby-3.2.0/x86_64-darwin21 -I/Users/j.u.s.t.v.i.b.e.z.ofyonderclwdrs/.rbenv/versions/3.2.2/include/ruby-3.2.0/ruby/backward -I/Users/j.u.s.t.v.i.b.e.z.ofyonderclwdrs/.rbenv/versions/3.2.2/include/ruby-3.2.0 -I. -I/usr/local/opt/openssl@3/include -D_XOPEN_SOURCE -D_DARWIN_C_SOURCE -D_DARWIN_UNLIMITED_SELECT -D_REENTRANT   -fdeclspec -O3 -fno-fast-math -ggdb3 -Wall -Wextra -Wextra-tokens -Wdeprecated-declarations -Wdivision-by-zero -Wdiv-by-zero -Wimplicit-function-declaration -Wimplicit-int -Wmisleading-indentation -Wpointer-arith -Wshorten-64-to-32 -Wwrite-strings -Wold-style-definition -Wmissing-noreturn -Wno-cast-function-type -Wno-constant-logical-operand -Wno-long-long -Wno-missing-field-initializers -Wno-overlength-strings -Wno-parentheses-equality -Wno-self-assign -Wno-tautological-compare -Wno-unused-parameter -Wno-unused-value -Wunused-variable -Wundef  -fno-common -pipe conftest.c  -L. -L/Users/j.u.s.t.v.i.b.e.z.ofyonderclwdrs/.rbenv/versions/3.2.2/lib -L/usr/local/opt/openssl@3/lib -L. -fstack-protector-strong    -lssl -lcrypto  -lruby.3.2 -lssl -lcrypto  -lpthread  "
checked program was:
/* begin */
 1: #include "ruby.h"
 2: 
 3: #include <openssl/ssl.h>
 4: 
 5: /*top*/
 6: extern int t(void);
 7: int main(int argc, char **argv)
 8: {
 9:   if (argc > 1000000) {
10:     int (* volatile tp)(void)=(int (*)(void))&t;
11:     printf("%d", (*tp)());
12:   }
13: 
14:   return !!argv[argc];
15: }
16: 
17: int t(void) { SSL_SESSION_get_protocol_version(NULL); return 0; }
/* end */

--------------------

have_func: checking for TS_STATUS_INFO_get0_status(NULL) in openssl/ts.h... -------------------- yes

DYLD_FALLBACK_LIBRARY_PATH=.:/Users/j.u.s.t.v.i.b.e.z.ofyonderclwdrs/.rbenv/versions/3.2.2/lib "clang -o conftest -I/Users/j.u.s.t.v.i.b.e.z.ofyonderclwdrs/.rbenv/versions/3.2.2/include/ruby-3.2.0/x86_64-darwin21 -I/Users/j.u.s.t.v.i.b.e.z.ofyonderclwdrs/.rbenv/versions/3.2.2/include/ruby-3.2.0/ruby/backward -I/Users/j.u.s.t.v.i.b.e.z.ofyonderclwdrs/.rbenv/versions/3.2.2/include/ruby-3.2.0 -I. -I/usr/local/opt/openssl@3/include -D_XOPEN_SOURCE -D_DARWIN_C_SOURCE -D_DARWIN_UNLIMITED_SELECT -D_REENTRANT   -fdeclspec -O3 -fno-fast-math -ggdb3 -Wall -Wextra -Wextra-tokens -Wdeprecated-declarations -Wdivision-by-zero -Wdiv-by-zero -Wimplicit-function-declaration -Wimplicit-int -Wmisleading-indentation -Wpointer-arith -Wshorten-64-to-32 -Wwrite-strings -Wold-style-definition -Wmissing-noreturn -Wno-cast-function-type -Wno-constant-logical-operand -Wno-long-long -Wno-missing-field-initializers -Wno-overlength-strings -Wno-parentheses-equality -Wno-self-assign -Wno-tautological-compare -Wno-unused-parameter -Wno-unused-value -Wunused-variable -Wundef  -fno-common -pipe conftest.c  -L. -L/Users/j.u.s.t.v.i.b.e.z.ofyonderclwdrs/.rbenv/versions/3.2.2/lib -L/usr/local/opt/openssl@3/lib -L. -fstack-protector-strong    -lssl -lcrypto  -lruby.3.2 -lssl -lcrypto  -lpthread  "
checked program was:
/* begin */
 1: #include "ruby.h"
 2: 
 3: #include <openssl/ts.h>
 4: 
 5: /*top*/
 6: extern int t(void);
 7: int main(int argc, char **argv)
 8: {
 9:   if (argc > 1000000) {
10:     int (* volatile tp)(void)=(int (*)(void))&t;
11:     printf("%d", (*tp)());
12:   }
13: 
14:   return !!argv[argc];
15: }
16: 
17: int t(void) { TS_STATUS_INFO_get0_status(NULL); return 0; }
/* end */

--------------------

have_func: checking for TS_STATUS_INFO_get0_text(NULL) in openssl/ts.h... -------------------- yes

DYLD_FALLBACK_LIBRARY_PATH=.:/Users/j.u.s.t.v.i.b.e.z.ofyonderclwdrs/.rbenv/versions/3.2.2/lib "clang -o conftest -I/Users/j.u.s.t.v.i.b.e.z.ofyonderclwdrs/.rbenv/versions/3.2.2/include/ruby-3.2.0/x86_64-darwin21 -I/Users/j.u.s.t.v.i.b.e.z.ofyonderclwdrs/.rbenv/versions/3.2.2/include/ruby-3.2.0/ruby/backward -I/Users/j.u.s.t.v.i.b.e.z.ofyonderclwdrs/.rbenv/versions/3.2.2/include/ruby-3.2.0 -I. -I/usr/local/opt/openssl@3/include -D_XOPEN_SOURCE -D_DARWIN_C_SOURCE -D_DARWIN_UNLIMITED_SELECT -D_REENTRANT   -fdeclspec -O3 -fno-fast-math -ggdb3 -Wall -Wextra -Wextra-tokens -Wdeprecated-declarations -Wdivision-by-zero -Wdiv-by-zero -Wimplicit-function-declaration -Wimplicit-int -Wmisleading-indentation -Wpointer-arith -Wshorten-64-to-32 -Wwrite-strings -Wold-style-definition -Wmissing-noreturn -Wno-cast-function-type -Wno-constant-logical-operand -Wno-long-long -Wno-missing-field-initializers -Wno-overlength-strings -Wno-parentheses-equality -Wno-self-assign -Wno-tautological-compare -Wno-unused-parameter -Wno-unused-value -Wunused-variable -Wundef  -fno-common -pipe conftest.c  -L. -L/Users/j.u.s.t.v.i.b.e.z.ofyonderclwdrs/.rbenv/versions/3.2.2/lib -L/usr/local/opt/openssl@3/lib -L. -fstack-protector-strong    -lssl -lcrypto  -lruby.3.2 -lssl -lcrypto  -lpthread  "
checked program was:
/* begin */
 1: #include "ruby.h"
 2: 
 3: #include <openssl/ts.h>
 4: 
 5: /*top*/
 6: extern int t(void);
 7: int main(int argc, char **argv)
 8: {
 9:   if (argc > 1000000) {
10:     int (* volatile tp)(void)=(int (*)(void))&t;
11:     printf("%d", (*tp)());
12:   }
13: 
14:   return !!argv[argc];
15: }
16: 
17: int t(void) { TS_STATUS_INFO_get0_text(NULL); return 0; }
/* end */

--------------------

have_func: checking for TS_STATUS_INFO_get0_failure_info(NULL) in openssl/ts.h... -------------------- yes

DYLD_FALLBACK_LIBRARY_PATH=.:/Users/j.u.s.t.v.i.b.e.z.ofyonderclwdrs/.rbenv/versions/3.2.2/lib "clang -o conftest -I/Users/j.u.s.t.v.i.b.e.z.ofyonderclwdrs/.rbenv/versions/3.2.2/include/ruby-3.2.0/x86_64-darwin21 -I/Users/j.u.s.t.v.i.b.e.z.ofyonderclwdrs/.rbenv/versions/3.2.2/include/ruby-3.2.0/ruby/backward -I/Users/j.u.s.t.v.i.b.e.z.ofyonderclwdrs/.rbenv/versions/3.2.2/include/ruby-3.2.0 -I. -I/usr/local/opt/openssl@3/include -D_XOPEN_SOURCE -D_DARWIN_C_SOURCE -D_DARWIN_UNLIMITED_SELECT -D_REENTRANT   -fdeclspec -O3 -fno-fast-math -ggdb3 -Wall -Wextra -Wextra-tokens -Wdeprecated-declarations -Wdivision-by-zero -Wdiv-by-zero -Wimplicit-function-declaration -Wimplicit-int -Wmisleading-indentation -Wpointer-arith -Wshorten-64-to-32 -Wwrite-strings -Wold-style-definition -Wmissing-noreturn -Wno-cast-function-type -Wno-constant-logical-operand -Wno-long-long -Wno-missing-field-initializers -Wno-overlength-strings -Wno-parentheses-equality -Wno-self-assign -Wno-tautological-compare -Wno-unused-parameter -Wno-unused-value -Wunused-variable -Wundef  -fno-common -pipe conftest.c  -L. -L/Users/j.u.s.t.v.i.b.e.z.ofyonderclwdrs/.rbenv/versions/3.2.2/lib -L/usr/local/opt/openssl@3/lib -L. -fstack-protector-strong    -lssl -lcrypto  -lruby.3.2 -lssl -lcrypto  -lpthread  "
checked program was:
/* begin */
 1: #include "ruby.h"
 2: 
 3: #include <openssl/ts.h>
 4: 
 5: /*top*/
 6: extern int t(void);
 7: int main(int argc, char **argv)
 8: {
 9:   if (argc > 1000000) {
10:     int (* volatile tp)(void)=(int (*)(void))&t;
11:     printf("%d", (*tp)());
12:   }
13: 
14:   return !!argv[argc];
15: }
16: 
17: int t(void) { TS_STATUS_INFO_get0_failure_info(NULL); return 0; }
/* end */

--------------------

have_func: checking for TS_VERIFY_CTS_set_certs(NULL, NULL) in openssl/ts.h... -------------------- yes

DYLD_FALLBACK_LIBRARY_PATH=.:/Users/j.u.s.t.v.i.b.e.z.ofyonderclwdrs/.rbenv/versions/3.2.2/lib "clang -o conftest -I/Users/j.u.s.t.v.i.b.e.z.ofyonderclwdrs/.rbenv/versions/3.2.2/include/ruby-3.2.0/x86_64-darwin21 -I/Users/j.u.s.t.v.i.b.e.z.ofyonderclwdrs/.rbenv/versions/3.2.2/include/ruby-3.2.0/ruby/backward -I/Users/j.u.s.t.v.i.b.e.z.ofyonderclwdrs/.rbenv/versions/3.2.2/include/ruby-3.2.0 -I. -I/usr/local/opt/openssl@3/include -D_XOPEN_SOURCE -D_DARWIN_C_SOURCE -D_DARWIN_UNLIMITED_SELECT -D_REENTRANT   -fdeclspec -O3 -fno-fast-math -ggdb3 -Wall -Wextra -Wextra-tokens -Wdeprecated-declarations -Wdivision-by-zero -Wdiv-by-zero -Wimplicit-function-declaration -Wimplicit-int -Wmisleading-indentation -Wpointer-arith -Wshorten-64-to-32 -Wwrite-strings -Wold-style-definition -Wmissing-noreturn -Wno-cast-function-type -Wno-constant-logical-operand -Wno-long-long -Wno-missing-field-initializers -Wno-overlength-strings -Wno-parentheses-equality -Wno-self-assign -Wno-tautological-compare -Wno-unused-parameter -Wno-unused-value -Wunused-variable -Wundef  -fno-common -pipe conftest.c  -L. -L/Users/j.u.s.t.v.i.b.e.z.ofyonderclwdrs/.rbenv/versions/3.2.2/lib -L/usr/local/opt/openssl@3/lib -L. -fstack-protector-strong    -lssl -lcrypto  -lruby.3.2 -lssl -lcrypto  -lpthread  "
conftest.c:17:15: warning: 'TS_VERIFY_CTX_set_certs' is deprecated [-Wdeprecated-declarations]
int t(void) { TS_VERIFY_CTS_set_certs(NULL, NULL); return 0; }
              ^
/usr/local/opt/openssl@3/include/openssl/ts.h:439:46: note: expanded from macro 'TS_VERIFY_CTS_set_certs'
#  define TS_VERIFY_CTS_set_certs(ctx, cert) TS_VERIFY_CTX_set_certs(ctx,cert)
                                             ^
/usr/local/opt/openssl@3/include/openssl/ts.h:442:1: note: 'TS_VERIFY_CTX_set_certs' has been explicitly marked deprecated here
OSSL_DEPRECATEDIN_3_4_FOR("Unclear semantics, replace with TS_VERIFY_CTX_set0_certs().")
^
/usr/local/opt/openssl@3/include/openssl/macros.h:208:49: note: expanded from macro 'OSSL_DEPRECATEDIN_3_4_FOR'
#   define OSSL_DEPRECATEDIN_3_4_FOR(msg)       OSSL_DEPRECATED_FOR(3.4, msg)
                                                ^
/usr/local/opt/openssl@3/include/openssl/macros.h:63:65: note: expanded from macro 'OSSL_DEPRECATED_FOR'
#     define OSSL_DEPRECATED_FOR(since, message) __attribute__((deprecated))
                                                                ^
1 warning generated.
checked program was:
/* begin */
 1: #include "ruby.h"
 2: 
 3: #include <openssl/ts.h>
 4: 
 5: /*top*/
 6: extern int t(void);
 7: int main(int argc, char **argv)
 8: {
 9:   if (argc > 1000000) {
10:     int (* volatile tp)(void)=(int (*)(void))&t;
11:     printf("%d", (*tp)());
12:   }
13: 
14:   return !!argv[argc];
15: }
16: 
17: int t(void) { TS_VERIFY_CTS_set_certs(NULL, NULL); return 0; }
/* end */

--------------------

have_func: checking for TS_VERIFY_CTX_set_store(NULL, NULL) in openssl/ts.h... -------------------- yes

DYLD_FALLBACK_LIBRARY_PATH=.:/Users/j.u.s.t.v.i.b.e.z.ofyonderclwdrs/.rbenv/versions/3.2.2/lib "clang -o conftest -I/Users/j.u.s.t.v.i.b.e.z.ofyonderclwdrs/.rbenv/versions/3.2.2/include/ruby-3.2.0/x86_64-darwin21 -I/Users/j.u.s.t.v.i.b.e.z.ofyonderclwdrs/.rbenv/versions/3.2.2/include/ruby-3.2.0/ruby/backward -I/Users/j.u.s.t.v.i.b.e.z.ofyonderclwdrs/.rbenv/versions/3.2.2/include/ruby-3.2.0 -I. -I/usr/local/opt/openssl@3/include -D_XOPEN_SOURCE -D_DARWIN_C_SOURCE -D_DARWIN_UNLIMITED_SELECT -D_REENTRANT   -fdeclspec -O3 -fno-fast-math -ggdb3 -Wall -Wextra -Wextra-tokens -Wdeprecated-declarations -Wdivision-by-zero -Wdiv-by-zero -Wimplicit-function-declaration -Wimplicit-int -Wmisleading-indentation -Wpointer-arith -Wshorten-64-to-32 -Wwrite-strings -Wold-style-definition -Wmissing-noreturn -Wno-cast-function-type -Wno-constant-logical-operand -Wno-long-long -Wno-missing-field-initializers -Wno-overlength-strings -Wno-parentheses-equality -Wno-self-assign -Wno-tautological-compare -Wno-unused-parameter -Wno-unused-value -Wunused-variable -Wundef  -fno-common -pipe conftest.c  -L. -L/Users/j.u.s.t.v.i.b.e.z.ofyonderclwdrs/.rbenv/versions/3.2.2/lib -L/usr/local/opt/openssl@3/lib -L. -fstack-protector-strong    -lssl -lcrypto  -lruby.3.2 -lssl -lcrypto  -lpthread  "
conftest.c:17:15: warning: 'TS_VERIFY_CTX_set_store' is deprecated [-Wdeprecated-declarations]
int t(void) { TS_VERIFY_CTX_set_store(NULL, NULL); return 0; }
              ^
/usr/local/opt/openssl@3/include/openssl/ts.h:434:1: note: 'TS_VERIFY_CTX_set_store' has been explicitly marked deprecated here
OSSL_DEPRECATEDIN_3_4_FOR("Unclear semantics, replace with TS_VERIFY_CTX_set0_store().")
^
/usr/local/opt/openssl@3/include/openssl/macros.h:208:49: note: expanded from macro 'OSSL_DEPRECATEDIN_3_4_FOR'
#   define OSSL_DEPRECATEDIN_3_4_FOR(msg)       OSSL_DEPRECATED_FOR(3.4, msg)
                                                ^
/usr/local/opt/openssl@3/include/openssl/macros.h:63:65: note: expanded from macro 'OSSL_DEPRECATED_FOR'
#     define OSSL_DEPRECATED_FOR(since, message) __attribute__((deprecated))
                                                                ^
1 warning generated.
checked program was:
/* begin */
 1: #include "ruby.h"
 2: 
 3: #include <openssl/ts.h>
 4: 
 5: /*top*/
 6: extern int t(void);
 7: int main(int argc, char **argv)
 8: {
 9:   if (argc > 1000000) {
10:     int (* volatile tp)(void)=(int (*)(void))&t;
11:     printf("%d", (*tp)());
12:   }
13: 
14:   return !!argv[argc];
15: }
16: 
17: int t(void) { TS_VERIFY_CTX_set_store(NULL, NULL); return 0; }
/* end */

--------------------

have_func: checking for TS_VERIFY_CTX_add_flags(NULL, 0) in openssl/ts.h... -------------------- yes

DYLD_FALLBACK_LIBRARY_PATH=.:/Users/j.u.s.t.v.i.b.e.z.ofyonderclwdrs/.rbenv/versions/3.2.2/lib "clang -o conftest -I/Users/j.u.s.t.v.i.b.e.z.ofyonderclwdrs/.rbenv/versions/3.2.2/include/ruby-3.2.0/x86_64-darwin21 -I/Users/j.u.s.t.v.i.b.e.z.ofyonderclwdrs/.rbenv/versions/3.2.2/include/ruby-3.2.0/ruby/backward -I/Users/j.u.s.t.v.i.b.e.z.ofyonderclwdrs/.rbenv/versions/3.2.2/include/ruby-3.2.0 -I. -I/usr/local/opt/openssl@3/include -D_XOPEN_SOURCE -D_DARWIN_C_SOURCE -D_DARWIN_UNLIMITED_SELECT -D_REENTRANT   -fdeclspec -O3 -fno-fast-math -ggdb3 -Wall -Wextra -Wextra-tokens -Wdeprecated-declarations -Wdivision-by-zero -Wdiv-by-zero -Wimplicit-function-declaration -Wimplicit-int -Wmisleading-indentation -Wpointer-arith -Wshorten-64-to-32 -Wwrite-strings -Wold-style-definition -Wmissing-noreturn -Wno-cast-function-type -Wno-constant-logical-operand -Wno-long-long -Wno-missing-field-initializers -Wno-overlength-strings -Wno-parentheses-equality -Wno-self-assign -Wno-tautological-compare -Wno-unused-parameter -Wno-unused-value -Wunused-variable -Wundef  -fno-common -pipe conftest.c  -L. -L/Users/j.u.s.t.v.i.b.e.z.ofyonderclwdrs/.rbenv/versions/3.2.2/lib -L/usr/local/opt/openssl@3/lib -L. -fstack-protector-strong    -lssl -lcrypto  -lruby.3.2 -lssl -lcrypto  -lpthread  "
checked program was:
/* begin */
 1: #include "ruby.h"
 2: 
 3: #include <openssl/ts.h>
 4: 
 5: /*top*/
 6: extern int t(void);
 7: int main(int argc, char **argv)
 8: {
 9:   if (argc > 1000000) {
10:     int (* volatile tp)(void)=(int (*)(void))&t;
11:     printf("%d", (*tp)());
12:   }
13: 
14:   return !!argv[argc];
15: }
16: 
17: int t(void) { TS_VERIFY_CTX_add_flags(NULL, 0); return 0; }
/* end */

--------------------

have_func: checking for TS_RESP_CTX_set_time_cb(NULL, NULL, NULL) in openssl/ts.h... -------------------- yes

DYLD_FALLBACK_LIBRARY_PATH=.:/Users/j.u.s.t.v.i.b.e.z.ofyonderclwdrs/.rbenv/versions/3.2.2/lib "clang -o conftest -I/Users/j.u.s.t.v.i.b.e.z.ofyonderclwdrs/.rbenv/versions/3.2.2/include/ruby-3.2.0/x86_64-darwin21 -I/Users/j.u.s.t.v.i.b.e.z.ofyonderclwdrs/.rbenv/versions/3.2.2/include/ruby-3.2.0/ruby/backward -I/Users/j.u.s.t.v.i.b.e.z.ofyonderclwdrs/.rbenv/versions/3.2.2/include/ruby-3.2.0 -I. -I/usr/local/opt/openssl@3/include -D_XOPEN_SOURCE -D_DARWIN_C_SOURCE -D_DARWIN_UNLIMITED_SELECT -D_REENTRANT   -fdeclspec -O3 -fno-fast-math -ggdb3 -Wall -Wextra -Wextra-tokens -Wdeprecated-declarations -Wdivision-by-zero -Wdiv-by-zero -Wimplicit-function-declaration -Wimplicit-int -Wmisleading-indentation -Wpointer-arith -Wshorten-64-to-32 -Wwrite-strings -Wold-style-definition -Wmissing-noreturn -Wno-cast-function-type -Wno-constant-logical-operand -Wno-long-long -Wno-missing-field-initializers -Wno-overlength-strings -Wno-parentheses-equality -Wno-self-assign -Wno-tautological-compare -Wno-unused-parameter -Wno-unused-value -Wunused-variable -Wundef  -fno-common -pipe conftest.c  -L. -L/Users/j.u.s.t.v.i.b.e.z.ofyonderclwdrs/.rbenv/versions/3.2.2/lib -L/usr/local/opt/openssl@3/lib -L. -fstack-protector-strong    -lssl -lcrypto  -lruby.3.2 -lssl -lcrypto  -lpthread  "
checked program was:
/* begin */
 1: #include "ruby.h"
 2: 
 3: #include <openssl/ts.h>
 4: 
 5: /*top*/
 6: extern int t(void);
 7: int main(int argc, char **argv)
 8: {
 9:   if (argc > 1000000) {
10:     int (* volatile tp)(void)=(int (*)(void))&t;
11:     printf("%d", (*tp)());
12:   }
13: 
14:   return !!argv[argc];
15: }
16: 
17: int t(void) { TS_RESP_CTX_set_time_cb(NULL, NULL, NULL); return 0; }
/* end */

--------------------

have_func: checking for EVP_PBE_scrypt("", 0, (unsigned char *)"", 0, 0, 0, 0, 0, NULL, 0) in openssl/evp.h... -------------------- yes

DYLD_FALLBACK_LIBRARY_PATH=.:/Users/j.u.s.t.v.i.b.e.z.ofyonderclwdrs/.rbenv/versions/3.2.2/lib "clang -o conftest -I/Users/j.u.s.t.v.i.b.e.z.ofyonderclwdrs/.rbenv/versions/3.2.2/include/ruby-3.2.0/x86_64-darwin21 -I/Users/j.u.s.t.v.i.b.e.z.ofyonderclwdrs/.rbenv/versions/3.2.2/include/ruby-3.2.0/ruby/backward -I/Users/j.u.s.t.v.i.b.e.z.ofyonderclwdrs/.rbenv/versions/3.2.2/include/ruby-3.2.0 -I. -I/usr/local/opt/openssl@3/include -D_XOPEN_SOURCE -D_DARWIN_C_SOURCE -D_DARWIN_UNLIMITED_SELECT -D_REENTRANT   -fdeclspec -O3 -fno-fast-math -ggdb3 -Wall -Wextra -Wextra-tokens -Wdeprecated-declarations -Wdivision-by-zero -Wdiv-by-zero -Wimplicit-function-declaration -Wimplicit-int -Wmisleading-indentation -Wpointer-arith -Wshorten-64-to-32 -Wwrite-strings -Wold-style-definition -Wmissing-noreturn -Wno-cast-function-type -Wno-constant-logical-operand -Wno-long-long -Wno-missing-field-initializers -Wno-overlength-strings -Wno-parentheses-equality -Wno-self-assign -Wno-tautological-compare -Wno-unused-parameter -Wno-unused-value -Wunused-variable -Wundef  -fno-common -pipe conftest.c  -L. -L/Users/j.u.s.t.v.i.b.e.z.ofyonderclwdrs/.rbenv/versions/3.2.2/lib -L/usr/local/opt/openssl@3/lib -L. -fstack-protector-strong    -lssl -lcrypto  -lruby.3.2 -lssl -lcrypto  -lpthread  "
checked program was:
/* begin */
 1: #include "ruby.h"
 2: 
 3: #include <openssl/evp.h>
 4: 
 5: /*top*/
 6: extern int t(void);
 7: int main(int argc, char **argv)
 8: {
 9:   if (argc > 1000000) {
10:     int (* volatile tp)(void)=(int (*)(void))&t;
11:     printf("%d", (*tp)());
12:   }
13: 
14:   return !!argv[argc];
15: }
16: 
17: int t(void) { char s1[1024], s2[1024]; EVP_PBE_scrypt(s1, 0, (unsigned char *)s2, 0, 0, 0, 0, 0, NULL, 0); return 0; }
/* end */

--------------------

have_func: checking for SSL_CTX_set_post_handshake_auth(NULL, 0) in openssl/ssl.h... -------------------- yes

DYLD_FALLBACK_LIBRARY_PATH=.:/Users/j.u.s.t.v.i.b.e.z.ofyonderclwdrs/.rbenv/versions/3.2.2/lib "clang -o conftest -I/Users/j.u.s.t.v.i.b.e.z.ofyonderclwdrs/.rbenv/versions/3.2.2/include/ruby-3.2.0/x86_64-darwin21 -I/Users/j.u.s.t.v.i.b.e.z.ofyonderclwdrs/.rbenv/versions/3.2.2/include/ruby-3.2.0/ruby/backward -I/Users/j.u.s.t.v.i.b.e.z.ofyonderclwdrs/.rbenv/versions/3.2.2/include/ruby-3.2.0 -I. -I/usr/local/opt/openssl@3/include -D_XOPEN_SOURCE -D_DARWIN_C_SOURCE -D_DARWIN_UNLIMITED_SELECT -D_REENTRANT   -fdeclspec -O3 -fno-fast-math -ggdb3 -Wall -Wextra -Wextra-tokens -Wdeprecated-declarations -Wdivision-by-zero -Wdiv-by-zero -Wimplicit-function-declaration -Wimplicit-int -Wmisleading-indentation -Wpointer-arith -Wshorten-64-to-32 -Wwrite-strings -Wold-style-definition -Wmissing-noreturn -Wno-cast-function-type -Wno-constant-logical-operand -Wno-long-long -Wno-missing-field-initializers -Wno-overlength-strings -Wno-parentheses-equality -Wno-self-assign -Wno-tautological-compare -Wno-unused-parameter -Wno-unused-value -Wunused-variable -Wundef  -fno-common -pipe conftest.c  -L. -L/Users/j.u.s.t.v.i.b.e.z.ofyonderclwdrs/.rbenv/versions/3.2.2/lib -L/usr/local/opt/openssl@3/lib -L. -fstack-protector-strong    -lssl -lcrypto  -lruby.3.2 -lssl -lcrypto  -lpthread  "
checked program was:
/* begin */
 1: #include "ruby.h"
 2: 
 3: #include <openssl/ssl.h>
 4: 
 5: /*top*/
 6: extern int t(void);
 7: int main(int argc, char **argv)
 8: {
 9:   if (argc > 1000000) {
10:     int (* volatile tp)(void)=(int (*)(void))&t;
11:     printf("%d", (*tp)());
12:   }
13: 
14:   return !!argv[argc];
15: }
16: 
17: int t(void) { SSL_CTX_set_post_handshake_auth(NULL, 0); return 0; }
/* end */

--------------------

have_func: checking for X509_STORE_get0_param(NULL) in openssl/x509.h... -------------------- yes

DYLD_FALLBACK_LIBRARY_PATH=.:/Users/j.u.s.t.v.i.b.e.z.ofyonderclwdrs/.rbenv/versions/3.2.2/lib "clang -o conftest -I/Users/j.u.s.t.v.i.b.e.z.ofyonderclwdrs/.rbenv/versions/3.2.2/include/ruby-3.2.0/x86_64-darwin21 -I/Users/j.u.s.t.v.i.b.e.z.ofyonderclwdrs/.rbenv/versions/3.2.2/include/ruby-3.2.0/ruby/backward -I/Users/j.u.s.t.v.i.b.e.z.ofyonderclwdrs/.rbenv/versions/3.2.2/include/ruby-3.2.0 -I. -I/usr/local/opt/openssl@3/include -D_XOPEN_SOURCE -D_DARWIN_C_SOURCE -D_DARWIN_UNLIMITED_SELECT -D_REENTRANT   -fdeclspec -O3 -fno-fast-math -ggdb3 -Wall -Wextra -Wextra-tokens -Wdeprecated-declarations -Wdivision-by-zero -Wdiv-by-zero -Wimplicit-function-declaration -Wimplicit-int -Wmisleading-indentation -Wpointer-arith -Wshorten-64-to-32 -Wwrite-strings -Wold-style-definition -Wmissing-noreturn -Wno-cast-function-type -Wno-constant-logical-operand -Wno-long-long -Wno-missing-field-initializers -Wno-overlength-strings -Wno-parentheses-equality -Wno-self-assign -Wno-tautological-compare -Wno-unused-parameter -Wno-unused-value -Wunused-variable -Wundef  -fno-common -pipe conftest.c  -L. -L/Users/j.u.s.t.v.i.b.e.z.ofyonderclwdrs/.rbenv/versions/3.2.2/lib -L/usr/local/opt/openssl@3/lib -L. -fstack-protector-strong    -lssl -lcrypto  -lruby.3.2 -lssl -lcrypto  -lpthread  "
checked program was:
/* begin */
 1: #include "ruby.h"
 2: 
 3: #include <openssl/x509.h>
 4: 
 5: /*top*/
 6: extern int t(void);
 7: int main(int argc, char **argv)
 8: {
 9:   if (argc > 1000000) {
10:     int (* volatile tp)(void)=(int (*)(void))&t;
11:     printf("%d", (*tp)());
12:   }
13: 
14:   return !!argv[argc];
15: }
16: 
17: int t(void) { X509_STORE_get0_param(NULL); return 0; }
/* end */

--------------------

have_func: checking for EVP_PKEY_check(NULL) in openssl/evp.h... -------------------- yes

DYLD_FALLBACK_LIBRARY_PATH=.:/Users/j.u.s.t.v.i.b.e.z.ofyonderclwdrs/.rbenv/versions/3.2.2/lib "clang -o conftest -I/Users/j.u.s.t.v.i.b.e.z.ofyonderclwdrs/.rbenv/versions/3.2.2/include/ruby-3.2.0/x86_64-darwin21 -I/Users/j.u.s.t.v.i.b.e.z.ofyonderclwdrs/.rbenv/versions/3.2.2/include/ruby-3.2.0/ruby/backward -I/Users/j.u.s.t.v.i.b.e.z.ofyonderclwdrs/.rbenv/versions/3.2.2/include/ruby-3.2.0 -I. -I/usr/local/opt/openssl@3/include -D_XOPEN_SOURCE -D_DARWIN_C_SOURCE -D_DARWIN_UNLIMITED_SELECT -D_REENTRANT   -fdeclspec -O3 -fno-fast-math -ggdb3 -Wall -Wextra -Wextra-tokens -Wdeprecated-declarations -Wdivision-by-zero -Wdiv-by-zero -Wimplicit-function-declaration -Wimplicit-int -Wmisleading-indentation -Wpointer-arith -Wshorten-64-to-32 -Wwrite-strings -Wold-style-definition -Wmissing-noreturn -Wno-cast-function-type -Wno-constant-logical-operand -Wno-long-long -Wno-missing-field-initializers -Wno-overlength-strings -Wno-parentheses-equality -Wno-self-assign -Wno-tautological-compare -Wno-unused-parameter -Wno-unused-value -Wunused-variable -Wundef  -fno-common -pipe conftest.c  -L. -L/Users/j.u.s.t.v.i.b.e.z.ofyonderclwdrs/.rbenv/versions/3.2.2/lib -L/usr/local/opt/openssl@3/lib -L. -fstack-protector-strong    -lssl -lcrypto  -lruby.3.2 -lssl -lcrypto  -lpthread  "
checked program was:
/* begin */
 1: #include "ruby.h"
 2: 
 3: #include <openssl/evp.h>
 4: 
 5: /*top*/
 6: extern int t(void);
 7: int main(int argc, char **argv)
 8: {
 9:   if (argc > 1000000) {
10:     int (* volatile tp)(void)=(int (*)(void))&t;
11:     printf("%d", (*tp)());
12:   }
13: 
14:   return !!argv[argc];
15: }
16: 
17: int t(void) { EVP_PKEY_check(NULL); return 0; }
/* end */

--------------------

have_func: checking for EVP_PKEY_new_raw_private_key(0, NULL, (unsigned char *)"", 0) in openssl/evp.h... -------------------- yes

DYLD_FALLBACK_LIBRARY_PATH=.:/Users/j.u.s.t.v.i.b.e.z.ofyonderclwdrs/.rbenv/versions/3.2.2/lib "clang -o conftest -I/Users/j.u.s.t.v.i.b.e.z.ofyonderclwdrs/.rbenv/versions/3.2.2/include/ruby-3.2.0/x86_64-darwin21 -I/Users/j.u.s.t.v.i.b.e.z.ofyonderclwdrs/.rbenv/versions/3.2.2/include/ruby-3.2.0/ruby/backward -I/Users/j.u.s.t.v.i.b.e.z.ofyonderclwdrs/.rbenv/versions/3.2.2/include/ruby-3.2.0 -I. -I/usr/local/opt/openssl@3/include -D_XOPEN_SOURCE -D_DARWIN_C_SOURCE -D_DARWIN_UNLIMITED_SELECT -D_REENTRANT   -fdeclspec -O3 -fno-fast-math -ggdb3 -Wall -Wextra -Wextra-tokens -Wdeprecated-declarations -Wdivision-by-zero -Wdiv-by-zero -Wimplicit-function-declaration -Wimplicit-int -Wmisleading-indentation -Wpointer-arith -Wshorten-64-to-32 -Wwrite-strings -Wold-style-definition -Wmissing-noreturn -Wno-cast-function-type -Wno-constant-logical-operand -Wno-long-long -Wno-missing-field-initializers -Wno-overlength-strings -Wno-parentheses-equality -Wno-self-assign -Wno-tautological-compare -Wno-unused-parameter -Wno-unused-value -Wunused-variable -Wundef  -fno-common -pipe conftest.c  -L. -L/Users/j.u.s.t.v.i.b.e.z.ofyonderclwdrs/.rbenv/versions/3.2.2/lib -L/usr/local/opt/openssl@3/lib -L. -fstack-protector-strong    -lssl -lcrypto  -lruby.3.2 -lssl -lcrypto  -lpthread  "
checked program was:
/* begin */
 1: #include "ruby.h"
 2: 
 3: #include <openssl/evp.h>
 4: 
 5: /*top*/
 6: extern int t(void);
 7: int main(int argc, char **argv)
 8: {
 9:   if (argc > 1000000) {
10:     int (* volatile tp)(void)=(int (*)(void))&t;
11:     printf("%d", (*tp)());
12:   }
13: 
14:   return !!argv[argc];
15: }
16: 
17: int t(void) { char s1[1024]; EVP_PKEY_new_raw_private_key(0, NULL, (unsigned char *)s1, 0); return 0; }
/* end */

--------------------

have_func: checking for SSL_CTX_set_ciphersuites(NULL, "") in openssl/ssl.h... -------------------- yes

DYLD_FALLBACK_LIBRARY_PATH=.:/Users/j.u.s.t.v.i.b.e.z.ofyonderclwdrs/.rbenv/versions/3.2.2/lib "clang -o conftest -I/Users/j.u.s.t.v.i.b.e.z.ofyonderclwdrs/.rbenv/versions/3.2.2/include/ruby-3.2.0/x86_64-darwin21 -I/Users/j.u.s.t.v.i.b.e.z.ofyonderclwdrs/.rbenv/versions/3.2.2/include/ruby-3.2.0/ruby/backward -I/Users/j.u.s.t.v.i.b.e.z.ofyonderclwdrs/.rbenv/versions/3.2.2/include/ruby-3.2.0 -I. -I/usr/local/opt/openssl@3/include -D_XOPEN_SOURCE -D_DARWIN_C_SOURCE -D_DARWIN_UNLIMITED_SELECT -D_REENTRANT   -fdeclspec -O3 -fno-fast-math -ggdb3 -Wall -Wextra -Wextra-tokens -Wdeprecated-declarations -Wdivision-by-zero -Wdiv-by-zero -Wimplicit-function-declaration -Wimplicit-int -Wmisleading-indentation -Wpointer-arith -Wshorten-64-to-32 -Wwrite-strings -Wold-style-definition -Wmissing-noreturn -Wno-cast-function-type -Wno-constant-logical-operand -Wno-long-long -Wno-missing-field-initializers -Wno-overlength-strings -Wno-parentheses-equality -Wno-self-assign -Wno-tautological-compare -Wno-unused-parameter -Wno-unused-value -Wunused-variable -Wundef  -fno-common -pipe conftest.c  -L. -L/Users/j.u.s.t.v.i.b.e.z.ofyonderclwdrs/.rbenv/versions/3.2.2/lib -L/usr/local/opt/openssl@3/lib -L. -fstack-protector-strong    -lssl -lcrypto  -lruby.3.2 -lssl -lcrypto  -lpthread  "
checked program was:
/* begin */
 1: #include "ruby.h"
 2: 
 3: #include <openssl/ssl.h>
 4: 
 5: /*top*/
 6: extern int t(void);
 7: int main(int argc, char **argv)
 8: {
 9:   if (argc > 1000000) {
10:     int (* volatile tp)(void)=(int (*)(void))&t;
11:     printf("%d", (*tp)());
12:   }
13: 
14:   return !!argv[argc];
15: }
16: 
17: int t(void) { char s1[1024]; SSL_CTX_set_ciphersuites(NULL, s1); return 0; }
/* end */

--------------------

have_func: checking for SSL_set0_tmp_dh_pkey(NULL, NULL) in openssl/ssl.h... -------------------- yes

DYLD_FALLBACK_LIBRARY_PATH=.:/Users/j.u.s.t.v.i.b.e.z.ofyonderclwdrs/.rbenv/versions/3.2.2/lib "clang -o conftest -I/Users/j.u.s.t.v.i.b.e.z.ofyonderclwdrs/.rbenv/versions/3.2.2/include/ruby-3.2.0/x86_64-darwin21 -I/Users/j.u.s.t.v.i.b.e.z.ofyonderclwdrs/.rbenv/versions/3.2.2/include/ruby-3.2.0/ruby/backward -I/Users/j.u.s.t.v.i.b.e.z.ofyonderclwdrs/.rbenv/versions/3.2.2/include/ruby-3.2.0 -I. -I/usr/local/opt/openssl@3/include -D_XOPEN_SOURCE -D_DARWIN_C_SOURCE -D_DARWIN_UNLIMITED_SELECT -D_REENTRANT   -fdeclspec -O3 -fno-fast-math -ggdb3 -Wall -Wextra -Wextra-tokens -Wdeprecated-declarations -Wdivision-by-zero -Wdiv-by-zero -Wimplicit-function-declaration -Wimplicit-int -Wmisleading-indentation -Wpointer-arith -Wshorten-64-to-32 -Wwrite-strings -Wold-style-definition -Wmissing-noreturn -Wno-cast-function-type -Wno-constant-logical-operand -Wno-long-long -Wno-missing-field-initializers -Wno-overlength-strings -Wno-parentheses-equality -Wno-self-assign -Wno-tautological-compare -Wno-unused-parameter -Wno-unused-value -Wunused-variable -Wundef  -fno-common -pipe conftest.c  -L. -L/Users/j.u.s.t.v.i.b.e.z.ofyonderclwdrs/.rbenv/versions/3.2.2/lib -L/usr/local/opt/openssl@3/lib -L. -fstack-protector-strong    -lssl -lcrypto  -lruby.3.2 -lssl -lcrypto  -lpthread  "
checked program was:
/* begin */
 1: #include "ruby.h"
 2: 
 3: #include <openssl/ssl.h>
 4: 
 5: /*top*/
 6: extern int t(void);
 7: int main(int argc, char **argv)
 8: {
 9:   if (argc > 1000000) {
10:     int (* volatile tp)(void)=(int (*)(void))&t;
11:     printf("%d", (*tp)());
12:   }
13: 
14:   return !!argv[argc];
15: }
16: 
17: int t(void) { SSL_set0_tmp_dh_pkey(NULL, NULL); return 0; }
/* end */

--------------------

have_func: checking for ERR_get_error_all(NULL, NULL, NULL, NULL, NULL) in openssl/err.h... -------------------- yes

DYLD_FALLBACK_LIBRARY_PATH=.:/Users/j.u.s.t.v.i.b.e.z.ofyonderclwdrs/.rbenv/versions/3.2.2/lib "clang -o conftest -I/Users/j.u.s.t.v.i.b.e.z.ofyonderclwdrs/.rbenv/versions/3.2.2/include/ruby-3.2.0/x86_64-darwin21 -I/Users/j.u.s.t.v.i.b.e.z.ofyonderclwdrs/.rbenv/versions/3.2.2/include/ruby-3.2.0/ruby/backward -I/Users/j.u.s.t.v.i.b.e.z.ofyonderclwdrs/.rbenv/versions/3.2.2/include/ruby-3.2.0 -I. -I/usr/local/opt/openssl@3/include -D_XOPEN_SOURCE -D_DARWIN_C_SOURCE -D_DARWIN_UNLIMITED_SELECT -D_REENTRANT   -fdeclspec -O3 -fno-fast-math -ggdb3 -Wall -Wextra -Wextra-tokens -Wdeprecated-declarations -Wdivision-by-zero -Wdiv-by-zero -Wimplicit-function-declaration -Wimplicit-int -Wmisleading-indentation -Wpointer-arith -Wshorten-64-to-32 -Wwrite-strings -Wold-style-definition -Wmissing-noreturn -Wno-cast-function-type -Wno-constant-logical-operand -Wno-long-long -Wno-missing-field-initializers -Wno-overlength-strings -Wno-parentheses-equality -Wno-self-assign -Wno-tautological-compare -Wno-unused-parameter -Wno-unused-value -Wunused-variable -Wundef  -fno-common -pipe conftest.c  -L. -L/Users/j.u.s.t.v.i.b.e.z.ofyonderclwdrs/.rbenv/versions/3.2.2/lib -L/usr/local/opt/openssl@3/lib -L. -fstack-protector-strong    -lssl -lcrypto  -lruby.3.2 -lssl -lcrypto  -lpthread  "
checked program was:
/* begin */
 1: #include "ruby.h"
 2: 
 3: #include <openssl/err.h>
 4: 
 5: /*top*/
 6: extern int t(void);
 7: int main(int argc, char **argv)
 8: {
 9:   if (argc > 1000000) {
10:     int (* volatile tp)(void)=(int (*)(void))&t;
11:     printf("%d", (*tp)());
12:   }
13: 
14:   return !!argv[argc];
15: }
16: 
17: int t(void) { ERR_get_error_all(NULL, NULL, NULL, NULL, NULL); return 0; }
/* end */

--------------------

have_func: checking for TS_VERIFY_CTX_set_certs(NULL, NULL) in openssl/ts.h... -------------------- yes

DYLD_FALLBACK_LIBRARY_PATH=.:/Users/j.u.s.t.v.i.b.e.z.ofyonderclwdrs/.rbenv/versions/3.2.2/lib "clang -o conftest -I/Users/j.u.s.t.v.i.b.e.z.ofyonderclwdrs/.rbenv/versions/3.2.2/include/ruby-3.2.0/x86_64-darwin21 -I/Users/j.u.s.t.v.i.b.e.z.ofyonderclwdrs/.rbenv/versions/3.2.2/include/ruby-3.2.0/ruby/backward -I/Users/j.u.s.t.v.i.b.e.z.ofyonderclwdrs/.rbenv/versions/3.2.2/include/ruby-3.2.0 -I. -I/usr/local/opt/openssl@3/include -D_XOPEN_SOURCE -D_DARWIN_C_SOURCE -D_DARWIN_UNLIMITED_SELECT -D_REENTRANT   -fdeclspec -O3 -fno-fast-math -ggdb3 -Wall -Wextra -Wextra-tokens -Wdeprecated-declarations -Wdivision-by-zero -Wdiv-by-zero -Wimplicit-function-declaration -Wimplicit-int -Wmisleading-indentation -Wpointer-arith -Wshorten-64-to-32 -Wwrite-strings -Wold-style-definition -Wmissing-noreturn -Wno-cast-function-type -Wno-constant-logical-operand -Wno-long-long -Wno-missing-field-initializers -Wno-overlength-strings -Wno-parentheses-equality -Wno-self-assign -Wno-tautological-compare -Wno-unused-parameter -Wno-unused-value -Wunused-variable -Wundef  -fno-common -pipe conftest.c  -L. -L/Users/j.u.s.t.v.i.b.e.z.ofyonderclwdrs/.rbenv/versions/3.2.2/lib -L/usr/local/opt/openssl@3/lib -L. -fstack-protector-strong    -lssl -lcrypto  -lruby.3.2 -lssl -lcrypto  -lpthread  "
conftest.c:17:15: warning: 'TS_VERIFY_CTX_set_certs' is deprecated [-Wdeprecated-declarations]
int t(void) { TS_VERIFY_CTX_set_certs(NULL, NULL); return 0; }
              ^
/usr/local/opt/openssl@3/include/openssl/ts.h:442:1: note: 'TS_VERIFY_CTX_set_certs' has been explicitly marked deprecated here
OSSL_DEPRECATEDIN_3_4_FOR("Unclear semantics, replace with TS_VERIFY_CTX_set0_certs().")
^
/usr/local/opt/openssl@3/include/openssl/macros.h:208:49: note: expanded from macro 'OSSL_DEPRECATEDIN_3_4_FOR'
#   define OSSL_DEPRECATEDIN_3_4_FOR(msg)       OSSL_DEPRECATED_FOR(3.4, msg)
                                                ^
/usr/local/opt/openssl@3/include/openssl/macros.h:63:65: note: expanded from macro 'OSSL_DEPRECATED_FOR'
#     define OSSL_DEPRECATED_FOR(since, message) __attribute__((deprecated))
                                                                ^
1 warning generated.
checked program was:
/* begin */
 1: #include "ruby.h"
 2: 
 3: #include <openssl/ts.h>
 4: 
 5: /*top*/
 6: extern int t(void);
 7: int main(int argc, char **argv)
 8: {
 9:   if (argc > 1000000) {
10:     int (* volatile tp)(void)=(int (*)(void))&t;
11:     printf("%d", (*tp)());
12:   }
13: 
14:   return !!argv[argc];
15: }
16: 
17: int t(void) { TS_VERIFY_CTX_set_certs(NULL, NULL); return 0; }
/* end */

--------------------

have_func: checking for SSL_CTX_load_verify_file(NULL, "") in openssl/ssl.h... -------------------- yes

DYLD_FALLBACK_LIBRARY_PATH=.:/Users/j.u.s.t.v.i.b.e.z.ofyonderclwdrs/.rbenv/versions/3.2.2/lib "clang -o conftest -I/Users/j.u.s.t.v.i.b.e.z.ofyonderclwdrs/.rbenv/versions/3.2.2/include/ruby-3.2.0/x86_64-darwin21 -I/Users/j.u.s.t.v.i.b.e.z.ofyonderclwdrs/.rbenv/versions/3.2.2/include/ruby-3.2.0/ruby/backward -I/Users/j.u.s.t.v.i.b.e.z.ofyonderclwdrs/.rbenv/versions/3.2.2/include/ruby-3.2.0 -I. -I/usr/local/opt/openssl@3/include -D_XOPEN_SOURCE -D_DARWIN_C_SOURCE -D_DARWIN_UNLIMITED_SELECT -D_REENTRANT   -fdeclspec -O3 -fno-fast-math -ggdb3 -Wall -Wextra -Wextra-tokens -Wdeprecated-declarations -Wdivision-by-zero -Wdiv-by-zero -Wimplicit-function-declaration -Wimplicit-int -Wmisleading-indentation -Wpointer-arith -Wshorten-64-to-32 -Wwrite-strings -Wold-style-definition -Wmissing-noreturn -Wno-cast-function-type -Wno-constant-logical-operand -Wno-long-long -Wno-missing-field-initializers -Wno-overlength-strings -Wno-parentheses-equality -Wno-self-assign -Wno-tautological-compare -Wno-unused-parameter -Wno-unused-value -Wunused-variable -Wundef  -fno-common -pipe conftest.c  -L. -L/Users/j.u.s.t.v.i.b.e.z.ofyonderclwdrs/.rbenv/versions/3.2.2/lib -L/usr/local/opt/openssl@3/lib -L. -fstack-protector-strong    -lssl -lcrypto  -lruby.3.2 -lssl -lcrypto  -lpthread  "
checked program was:
/* begin */
 1: #include "ruby.h"
 2: 
 3: #include <openssl/ssl.h>
 4: 
 5: /*top*/
 6: extern int t(void);
 7: int main(int argc, char **argv)
 8: {
 9:   if (argc > 1000000) {
10:     int (* volatile tp)(void)=(int (*)(void))&t;
11:     printf("%d", (*tp)());
12:   }
13: 
14:   return !!argv[argc];
15: }
16: 
17: int t(void) { char s1[1024]; SSL_CTX_load_verify_file(NULL, s1); return 0; }
/* end */

--------------------

have_func: checking for BN_check_prime(NULL, NULL, NULL) in openssl/bn.h... -------------------- yes

DYLD_FALLBACK_LIBRARY_PATH=.:/Users/j.u.s.t.v.i.b.e.z.ofyonderclwdrs/.rbenv/versions/3.2.2/lib "clang -o conftest -I/Users/j.u.s.t.v.i.b.e.z.ofyonderclwdrs/.rbenv/versions/3.2.2/include/ruby-3.2.0/x86_64-darwin21 -I/Users/j.u.s.t.v.i.b.e.z.ofyonderclwdrs/.rbenv/versions/3.2.2/include/ruby-3.2.0/ruby/backward -I/Users/j.u.s.t.v.i.b.e.z.ofyonderclwdrs/.rbenv/versions/3.2.2/include/ruby-3.2.0 -I. -I/usr/local/opt/openssl@3/include -D_XOPEN_SOURCE -D_DARWIN_C_SOURCE -D_DARWIN_UNLIMITED_SELECT -D_REENTRANT   -fdeclspec -O3 -fno-fast-math -ggdb3 -Wall -Wextra -Wextra-tokens -Wdeprecated-declarations -Wdivision-by-zero -Wdiv-by-zero -Wimplicit-function-declaration -Wimplicit-int -Wmisleading-indentation -Wpointer-arith -Wshorten-64-to-32 -Wwrite-strings -Wold-style-definition -Wmissing-noreturn -Wno-cast-function-type -Wno-constant-logical-operand -Wno-long-long -Wno-missing-field-initializers -Wno-overlength-strings -Wno-parentheses-equality -Wno-self-assign -Wno-tautological-compare -Wno-unused-parameter -Wno-unused-value -Wunused-variable -Wundef  -fno-common -pipe conftest.c  -L. -L/Users/j.u.s.t.v.i.b.e.z.ofyonderclwdrs/.rbenv/versions/3.2.2/lib -L/usr/local/opt/openssl@3/lib -L. -fstack-protector-strong    -lssl -lcrypto  -lruby.3.2 -lssl -lcrypto  -lpthread  "
checked program was:
/* begin */
 1: #include "ruby.h"
 2: 
 3: #include <openssl/bn.h>
 4: 
 5: /*top*/
 6: extern int t(void);
 7: int main(int argc, char **argv)
 8: {
 9:   if (argc > 1000000) {
10:     int (* volatile tp)(void)=(int (*)(void))&t;
11:     printf("%d", (*tp)());
12:   }
13: 
14:   return !!argv[argc];
15: }
16: 
17: int t(void) { BN_check_prime(NULL, NULL, NULL); return 0; }
/* end */

--------------------

have_func: checking for EVP_MD_CTX_get0_md(NULL) in openssl/evp.h... -------------------- yes

DYLD_FALLBACK_LIBRARY_PATH=.:/Users/j.u.s.t.v.i.b.e.z.ofyonderclwdrs/.rbenv/versions/3.2.2/lib "clang -o conftest -I/Users/j.u.s.t.v.i.b.e.z.ofyonderclwdrs/.rbenv/versions/3.2.2/include/ruby-3.2.0/x86_64-darwin21 -I/Users/j.u.s.t.v.i.b.e.z.ofyonderclwdrs/.rbenv/versions/3.2.2/include/ruby-3.2.0/ruby/backward -I/Users/j.u.s.t.v.i.b.e.z.ofyonderclwdrs/.rbenv/versions/3.2.2/include/ruby-3.2.0 -I. -I/usr/local/opt/openssl@3/include -D_XOPEN_SOURCE -D_DARWIN_C_SOURCE -D_DARWIN_UNLIMITED_SELECT -D_REENTRANT   -fdeclspec -O3 -fno-fast-math -ggdb3 -Wall -Wextra -Wextra-tokens -Wdeprecated-declarations -Wdivision-by-zero -Wdiv-by-zero -Wimplicit-function-declaration -Wimplicit-int -Wmisleading-indentation -Wpointer-arith -Wshorten-64-to-32 -Wwrite-strings -Wold-style-definition -Wmissing-noreturn -Wno-cast-function-type -Wno-constant-logical-operand -Wno-long-long -Wno-missing-field-initializers -Wno-overlength-strings -Wno-parentheses-equality -Wno-self-assign -Wno-tautological-compare -Wno-unused-parameter -Wno-unused-value -Wunused-variable -Wundef  -fno-common -pipe conftest.c  -L. -L/Users/j.u.s.t.v.i.b.e.z.ofyonderclwdrs/.rbenv/versions/3.2.2/lib -L/usr/local/opt/openssl@3/lib -L. -fstack-protector-strong    -lssl -lcrypto  -lruby.3.2 -lssl -lcrypto  -lpthread  "
checked program was:
/* begin */
 1: #include "ruby.h"
 2: 
 3: #include <openssl/evp.h>
 4: 
 5: /*top*/
 6: extern int t(void);
 7: int main(int argc, char **argv)
 8: {
 9:   if (argc > 1000000) {
10:     int (* volatile tp)(void)=(int (*)(void))&t;
11:     printf("%d", (*tp)());
12:   }
13: 
14:   return !!argv[argc];
15: }
16: 
17: int t(void) { EVP_MD_CTX_get0_md(NULL); return 0; }
/* end */

--------------------

have_func: checking for EVP_MD_CTX_get_pkey_ctx(NULL) in openssl/evp.h... -------------------- yes

DYLD_FALLBACK_LIBRARY_PATH=.:/Users/j.u.s.t.v.i.b.e.z.ofyonderclwdrs/.rbenv/versions/3.2.2/lib "clang -o conftest -I/Users/j.u.s.t.v.i.b.e.z.ofyonderclwdrs/.rbenv/versions/3.2.2/include/ruby-3.2.0/x86_64-darwin21 -I/Users/j.u.s.t.v.i.b.e.z.ofyonderclwdrs/.rbenv/versions/3.2.2/include/ruby-3.2.0/ruby/backward -I/Users/j.u.s.t.v.i.b.e.z.ofyonderclwdrs/.rbenv/versions/3.2.2/include/ruby-3.2.0 -I. -I/usr/local/opt/openssl@3/include -D_XOPEN_SOURCE -D_DARWIN_C_SOURCE -D_DARWIN_UNLIMITED_SELECT -D_REENTRANT   -fdeclspec -O3 -fno-fast-math -ggdb3 -Wall -Wextra -Wextra-tokens -Wdeprecated-declarations -Wdivision-by-zero -Wdiv-by-zero -Wimplicit-function-declaration -Wimplicit-int -Wmisleading-indentation -Wpointer-arith -Wshorten-64-to-32 -Wwrite-strings -Wold-style-definition -Wmissing-noreturn -Wno-cast-function-type -Wno-constant-logical-operand -Wno-long-long -Wno-missing-field-initializers -Wno-overlength-strings -Wno-parentheses-equality -Wno-self-assign -Wno-tautological-compare -Wno-unused-parameter -Wno-unused-value -Wunused-variable -Wundef  -fno-common -pipe conftest.c  -L. -L/Users/j.u.s.t.v.i.b.e.z.ofyonderclwdrs/.rbenv/versions/3.2.2/lib -L/usr/local/opt/openssl@3/lib -L. -fstack-protector-strong    -lssl -lcrypto  -lruby.3.2 -lssl -lcrypto  -lpthread  "
checked program was:
/* begin */
 1: #include "ruby.h"
 2: 
 3: #include <openssl/evp.h>
 4: 
 5: /*top*/
 6: extern int t(void);
 7: int main(int argc, char **argv)
 8: {
 9:   if (argc > 1000000) {
10:     int (* volatile tp)(void)=(int (*)(void))&t;
11:     printf("%d", (*tp)());
12:   }
13: 
14:   return !!argv[argc];
15: }
16: 
17: int t(void) { EVP_MD_CTX_get_pkey_ctx(NULL); return 0; }
/* end */

--------------------

have_func: checking for EVP_PKEY_eq(NULL, NULL) in openssl/evp.h... -------------------- yes

DYLD_FALLBACK_LIBRARY_PATH=.:/Users/j.u.s.t.v.i.b.e.z.ofyonderclwdrs/.rbenv/versions/3.2.2/lib "clang -o conftest -I/Users/j.u.s.t.v.i.b.e.z.ofyonderclwdrs/.rbenv/versions/3.2.2/include/ruby-3.2.0/x86_64-darwin21 -I/Users/j.u.s.t.v.i.b.e.z.ofyonderclwdrs/.rbenv/versions/3.2.2/include/ruby-3.2.0/ruby/backward -I/Users/j.u.s.t.v.i.b.e.z.ofyonderclwdrs/.rbenv/versions/3.2.2/include/ruby-3.2.0 -I. -I/usr/local/opt/openssl@3/include -D_XOPEN_SOURCE -D_DARWIN_C_SOURCE -D_DARWIN_UNLIMITED_SELECT -D_REENTRANT   -fdeclspec -O3 -fno-fast-math -ggdb3 -Wall -Wextra -Wextra-tokens -Wdeprecated-declarations -Wdivision-by-zero -Wdiv-by-zero -Wimplicit-function-declaration -Wimplicit-int -Wmisleading-indentation -Wpointer-arith -Wshorten-64-to-32 -Wwrite-strings -Wold-style-definition -Wmissing-noreturn -Wno-cast-function-type -Wno-constant-logical-operand -Wno-long-long -Wno-missing-field-initializers -Wno-overlength-strings -Wno-parentheses-equality -Wno-self-assign -Wno-tautological-compare -Wno-unused-parameter -Wno-unused-value -Wunused-variable -Wundef  -fno-common -pipe conftest.c  -L. -L/Users/j.u.s.t.v.i.b.e.z.ofyonderclwdrs/.rbenv/versions/3.2.2/lib -L/usr/local/opt/openssl@3/lib -L. -fstack-protector-strong    -lssl -lcrypto  -lruby.3.2 -lssl -lcrypto  -lpthread  "
checked program was:
/* begin */
 1: #include "ruby.h"
 2: 
 3: #include <openssl/evp.h>
 4: 
 5: /*top*/
 6: extern int t(void);
 7: int main(int argc, char **argv)
 8: {
 9:   if (argc > 1000000) {
10:     int (* volatile tp)(void)=(int (*)(void))&t;
11:     printf("%d", (*tp)());
12:   }
13: 
14:   return !!argv[argc];
15: }
16: 
17: int t(void) { EVP_PKEY_eq(NULL, NULL); return 0; }
/* end */

--------------------

have_func: checking for EVP_PKEY_dup(NULL) in openssl/evp.h... -------------------- yes

DYLD_FALLBACK_LIBRARY_PATH=.:/Users/j.u.s.t.v.i.b.e.z.ofyonderclwdrs/.rbenv/versions/3.2.2/lib "clang -o conftest -I/Users/j.u.s.t.v.i.b.e.z.ofyonderclwdrs/.rbenv/versions/3.2.2/include/ruby-3.2.0/x86_64-darwin21 -I/Users/j.u.s.t.v.i.b.e.z.ofyonderclwdrs/.rbenv/versions/3.2.2/include/ruby-3.2.0/ruby/backward -I/Users/j.u.s.t.v.i.b.e.z.ofyonderclwdrs/.rbenv/versions/3.2.2/include/ruby-3.2.0 -I. -I/usr/local/opt/openssl@3/include -D_XOPEN_SOURCE -D_DARWIN_C_SOURCE -D_DARWIN_UNLIMITED_SELECT -D_REENTRANT   -fdeclspec -O3 -fno-fast-math -ggdb3 -Wall -Wextra -Wextra-tokens -Wdeprecated-declarations -Wdivision-by-zero -Wdiv-by-zero -Wimplicit-function-declaration -Wimplicit-int -Wmisleading-indentation -Wpointer-arith -Wshorten-64-to-32 -Wwrite-strings -Wold-style-definition -Wmissing-noreturn -Wno-cast-function-type -Wno-constant-logical-operand -Wno-long-long -Wno-missing-field-initializers -Wno-overlength-strings -Wno-parentheses-equality -Wno-self-assign -Wno-tautological-compare -Wno-unused-parameter -Wno-unused-value -Wunused-variable -Wundef  -fno-common -pipe conftest.c  -L. -L/Users/j.u.s.t.v.i.b.e.z.ofyonderclwdrs/.rbenv/versions/3.2.2/lib -L/usr/local/opt/openssl@3/lib -L. -fstack-protector-strong    -lssl -lcrypto  -lruby.3.2 -lssl -lcrypto  -lpthread  "
checked program was:
/* begin */
 1: #include "ruby.h"
 2: 
 3: #include <openssl/evp.h>
 4: 
 5: /*top*/
 6: extern int t(void);
 7: int main(int argc, char **argv)
 8: {
 9:   if (argc > 1000000) {
10:     int (* volatile tp)(void)=(int (*)(void))&t;
11:     printf("%d", (*tp)());
12:   }
13: 
14:   return !!argv[argc];
15: }
16: 
17: int t(void) { EVP_PKEY_dup(NULL); return 0; }
/* end */

--------------------

=== Checking done. ===
extconf.h is:
/* begin */
 1: #ifndef EXTCONF_H
 2: #define EXTCONF_H
 3: #define OPENSSL_SUPPRESS_DEPRECATED 1
 4: #define HAVE_RB_IO_DESCRIPTOR 1
 5: #define HAVE_RB_IO_MAYBE_WAIT 1
 6: #define HAVE_RB_IO_TIMEOUT 1
 7: #define HAVE_OPENSSL_SSL_H 1
 8: #define HAVE_ENGINE_LOAD_DYNAMIC 1
 9: #define HAVE_ENGINE_LOAD_CRYPTODEV 1
10: #define HAVE_I2D_RE_X509_TBS 1
11: #define HAVE_OPAQUE_OPENSSL 1
12: #define HAVE_EVP_MD_CTX_NEW 1
13: #define HAVE_EVP_MD_CTX_FREE 1
14: #define HAVE_EVP_MD_CTX_PKEY_CTX 1
15: #define HAVE_X509_STORE_GET_EX_DATA 1
16: #define HAVE_X509_STORE_SET_EX_DATA 1
17: #define HAVE_X509_STORE_GET_EX_NEW_INDEX 1
18: #define HAVE_X509_CRL_GET0_SIGNATURE 1
19: #define HAVE_X509_REQ_GET0_SIGNATURE 1
20: #define HAVE_X509_REVOKED_GET0_SERIALNUMBER 1
21: #define HAVE_X509_REVOKED_GET0_REVOCATIONDATE 1
22: #define HAVE_X509_GET0_TBS_SIGALG 1
23: #define HAVE_X509_STORE_CTX_GET0_UNTRUSTED 1
24: #define HAVE_X509_STORE_CTX_GET0_CERT 1
25: #define HAVE_X509_STORE_CTX_GET0_CHAIN 1
26: #define HAVE_OCSP_SINGLERESP_GET0_ID 1
27: #define HAVE_SSL_CTX_GET_CIPHERS 1
28: #define HAVE_X509_UP_REF 1
29: #define HAVE_X509_CRL_UP_REF 1
30: #define HAVE_X509_STORE_UP_REF 1
31: #define HAVE_SSL_SESSION_UP_REF 1
32: #define HAVE_EVP_PKEY_UP_REF 1
33: #define HAVE_SSL_CTX_SET_MIN_PROTO_VERSION 1
34: #define HAVE_SSL_CTX_GET_SECURITY_LEVEL 1
35: #define HAVE_X509_GET0_NOTBEFORE 1
36: #define HAVE_SSL_SESSION_GET_PROTOCOL_VERSION 1
37: #define HAVE_TS_STATUS_INFO_GET0_STATUS 1
38: #define HAVE_TS_STATUS_INFO_GET0_TEXT 1
39: #define HAVE_TS_STATUS_INFO_GET0_FAILURE_INFO 1
40: #define HAVE_TS_VERIFY_CTS_SET_CERTS 1
41: #define HAVE_TS_VERIFY_CTX_SET_STORE 1
42: #define HAVE_TS_VERIFY_CTX_ADD_FLAGS 1
43: #define HAVE_TS_RESP_CTX_SET_TIME_CB 1
44: #define HAVE_EVP_PBE_SCRYPT 1
45: #define HAVE_SSL_CTX_SET_POST_HANDSHAKE_AUTH 1
46: #define HAVE_X509_STORE_GET0_PARAM 1
47: #define HAVE_EVP_PKEY_CHECK 1
48: #define HAVE_EVP_PKEY_NEW_RAW_PRIVATE_KEY 1
49: #define HAVE_SSL_CTX_SET_CIPHERSUITES 1
50: #define HAVE_SSL_SET0_TMP_DH_PKEY 1
51: #define HAVE_ERR_GET_ERROR_ALL 1
52: #define HAVE_TS_VERIFY_CTX_SET_CERTS 1
53: #define HAVE_SSL_CTX_LOAD_VERIFY_FILE 1
54: #define HAVE_BN_CHECK_PRIME 1
55: #define HAVE_EVP_MD_CTX_GET0_MD 1
56: #define HAVE_EVP_MD_CTX_GET_PKEY_CTX 1
57: #define HAVE_EVP_PKEY_EQ 1
58: #define HAVE_EVP_PKEY_DUP 1
59: #endif
/* end */

Done.
